<?xml version="1.0" encoding="UTF-8"?>
<testsuite xmlns:xsi="http://www.w3.org/2001/XMLSchema-instance" xsi:noNamespaceSchemaLocation="https://maven.apache.org/surefire/maven-surefire-plugin/xsd/surefire-test-report-3.0.xsd" version="3.0" name="TestSuite" time="149.755" tests="11" errors="0" skipped="0" failures="2">
  <properties>
[...]
</properties>
  <testcase name="brokenLinksCheck" classname="com.thoughtwork.practice.testcases.HomePageTest" time="18.659"/>
  <testcase name="careerTabCheck" classname="com.thoughtwork.practice.testcases.HomePageTest" time="0.089"/>
  <testcase name="clickCareerTabTest" classname="com.thoughtwork.practice.testcases.HomePageTest" time="9.528"/>
  <testcase name="homePageTitletest" classname="com.thoughtwork.practice.testcases.HomePageTest" time="0.032"/>
  <testcase name="searchJobLinkTest" classname="com.thoughtwork.practice.testcases.HomePageTest" time="5.066"/>
  <testcase name="jobSearchPageTitle" classname="com.thoughtwork.practice.testcases.JobSearchPageTest" time="0.036"/>
  <testcase name="jobSearchPageURL" classname="com.thoughtwork.practice.testcases.JobSearchPageTest" time="0.052"/>
  <testcase name="isJobSearchTextBoxDisplayed" classname="com.thoughtwork.practice.testcases.JobSearchPageTest" time="0.04"/>
  <testcase name="isCountrySelectorDisplayed" classname="com.thoughtwork.practice.testcases.JobSearchPageTest" time="12.043">
    <failure message="no such element: Unable to locate element: {&quot;method&quot;:&quot;xpath&quot;,&quot;selector&quot;:&quot;//div[@class=&apos;multi-select-container&apos;]/child::span[text()[normalize-space()=&apos;Country&apos;]]/..&quot;}&#10;  (Session info: chrome=79.0.3945.88)&#10;  (Driver info: chromedriver=2.41.578706 (5f725d1b4f0a4acbf5259df887244095596231db),platform=Mac OS X 10.13.6 x86_64) (WARNING: The server did not provide any stacktrace information)&#10;Command duration or timeout: 0 milliseconds&#10;For documentation on this error, please visit: http://seleniumhq.org/exceptions/no_such_element.html&#10;Build info: version: &apos;3.8.0&apos;, revision: &apos;924c4067df&apos;, time: &apos;2017-11-30T11:20:39.408Z&apos;&#10;System info: host: &apos;SDS-SARATH-KJ-MAC.Dlink&apos;, ip: &apos;fd01:0:0:0:80d4:9d49:4ee0:3b1b%en0&apos;, os.name: &apos;Mac OS X&apos;, os.arch: &apos;x86_64&apos;, os.version: &apos;10.13.6&apos;, java.version: &apos;11.0.5&apos;&#10;Driver info: org.openqa.selenium.chrome.ChromeDriver&#10;Capabilities {acceptInsecureCerts: false, acceptSslCerts: false, applicationCacheEnabled: false, browserConnectionEnabled: false, browserName: chrome, chrome: {chromedriverVersion: 2.41.578706 (5f725d1b4f0a4a..., userDataDir: /var/folders/lg/yztw58bx17z...}, cssSelectorsEnabled: true, databaseEnabled: false, goog:chromeOptions: {debuggerAddress: localhost:59504}, handlesAlerts: true, hasTouchScreen: false, javascriptEnabled: true, locationContextEnabled: true, mobileEmulationEnabled: false, nativeEvents: true, networkConnectionEnabled: false, pageLoadStrategy: normal, platform: MAC, platformName: MAC, rotatable: false, setWindowRect: true, takesHeapSnapshot: true, takesScreenshot: true, unexpectedAlertBehaviour: , unhandledPromptBehavior: , version: 79.0.3945.88, webStorageEnabled: true}&#10;Session ID: 351d6a29ef6d25f69a08b95eb9b70931&#10;*** Element info: {Using=xpath, value=//div[@class=&apos;multi-select-container&apos;]/child::span[text()[normalize-space()=&apos;Country&apos;]]/..}" type="org.openqa.selenium.NoSuchElementException"><![CDATA[org.openqa.selenium.NoSuchElementException: 
no such element: Unable to locate element: {"method":"xpath","selector":"//div[@class='multi-select-container']/child::span[text()[normalize-space()='Country']]/.."}
  (Session info: chrome=79.0.3945.88)
  (Driver info: chromedriver=2.41.578706 (5f725d1b4f0a4acbf5259df887244095596231db),platform=Mac OS X 10.13.6 x86_64) (WARNING: The server did not provide any stacktrace information)
Command duration or timeout: 0 milliseconds
For documentation on this error, please visit: http://seleniumhq.org/exceptions/no_such_element.html
Build info: version: '3.8.0', revision: '924c4067df', time: '2017-11-30T11:20:39.408Z'
System info: host: 'SDS-SARATH-KJ-MAC.Dlink', ip: 'fd01:0:0:0:80d4:9d49:4ee0:3b1b%en0', os.name: 'Mac OS X', os.arch: 'x86_64', os.version: '10.13.6', java.version: '11.0.5'
Driver info: org.openqa.selenium.chrome.ChromeDriver
Capabilities {acceptInsecureCerts: false, acceptSslCerts: false, applicationCacheEnabled: false, browserConnectionEnabled: false, browserName: chrome, chrome: {chromedriverVersion: 2.41.578706 (5f725d1b4f0a4a..., userDataDir: /var/folders/lg/yztw58bx17z...}, cssSelectorsEnabled: true, databaseEnabled: false, goog:chromeOptions: {debuggerAddress: localhost:59504}, handlesAlerts: true, hasTouchScreen: false, javascriptEnabled: true, locationContextEnabled: true, mobileEmulationEnabled: false, nativeEvents: true, networkConnectionEnabled: false, pageLoadStrategy: normal, platform: MAC, platformName: MAC, rotatable: false, setWindowRect: true, takesHeapSnapshot: true, takesScreenshot: true, unexpectedAlertBehaviour: , unhandledPromptBehavior: , version: 79.0.3945.88, webStorageEnabled: true}
Session ID: 351d6a29ef6d25f69a08b95eb9b70931
*** Element info: {Using=xpath, value=//div[@class='multi-select-container']/child::span[text()[normalize-space()='Country']]/..}
	at com.thoughtwork.practice.testcases.JobSearchPageTest.isCountrySelectorDisplayed(JobSearchPageTest.java:49)
]]></failure>
    <system-out><![CDATA[12-18-2019 14:22:06 RequestAddCookies.java DEBUG [Forwarding quit on session 24e60b0af1ef5b120c024993aba99bf7 to remote] protocol.RequestAddCookies 123 - CookieSpec selected: default
12-18-2019 14:22:06 RequestAuthCache.java DEBUG [Forwarding quit on session 24e60b0af1ef5b120c024993aba99bf7 to remote] protocol.RequestAuthCache 77 - Auth cache not set in the context
12-18-2019 14:22:06 PoolingHttpClientConnectionManager.java DEBUG [Forwarding quit on session 24e60b0af1ef5b120c024993aba99bf7 to remote] conn.PoolingHttpClientConnectionManager 255 - Connection request: [route: {}->http://localhost:46224][total kept alive: 1; route allocated: 1 of 2000; total allocated: 1 of 2000]
12-18-2019 14:22:06 PoolingHttpClientConnectionManager.java DEBUG [Forwarding quit on session 24e60b0af1ef5b120c024993aba99bf7 to remote] conn.PoolingHttpClientConnectionManager 288 - Connection leased: [id: 7][route: {}->http://localhost:46224][total kept alive: 0; route allocated: 1 of 2000; total allocated: 1 of 2000]
12-18-2019 14:22:06 MainClientExec.java DEBUG [Forwarding quit on session 24e60b0af1ef5b120c024993aba99bf7 to remote] execchain.MainClientExec 208 - Stale connection check
12-18-2019 14:22:06 Wire.java DEBUG [Forwarding quit on session 24e60b0af1ef5b120c024993aba99bf7 to remote] http.wire 87 - http-outgoing-7 << "[read] I/O error: Read timed out"
12-18-2019 14:22:06 LoggingManagedHttpClientConnection.java DEBUG [Forwarding quit on session 24e60b0af1ef5b120c024993aba99bf7 to remote] conn.DefaultManagedHttpClientConnection 88 - http-outgoing-7: set socket timeout to 10800000
12-18-2019 14:22:06 MainClientExec.java DEBUG [Forwarding quit on session 24e60b0af1ef5b120c024993aba99bf7 to remote] execchain.MainClientExec 256 - Executing request DELETE /session/24e60b0af1ef5b120c024993aba99bf7 HTTP/1.1
12-18-2019 14:22:06 MainClientExec.java DEBUG [Forwarding quit on session 24e60b0af1ef5b120c024993aba99bf7 to remote] execchain.MainClientExec 261 - Target auth state: UNCHALLENGED
12-18-2019 14:22:06 MainClientExec.java DEBUG [Forwarding quit on session 24e60b0af1ef5b120c024993aba99bf7 to remote] execchain.MainClientExec 267 - Proxy auth state: UNCHALLENGED
12-18-2019 14:22:06 LoggingManagedHttpClientConnection.java DEBUG [Forwarding quit on session 24e60b0af1ef5b120c024993aba99bf7 to remote] http.headers 133 - http-outgoing-7 >> DELETE /session/24e60b0af1ef5b120c024993aba99bf7 HTTP/1.1
12-18-2019 14:22:06 LoggingManagedHttpClientConnection.java DEBUG [Forwarding quit on session 24e60b0af1ef5b120c024993aba99bf7 to remote] http.headers 136 - http-outgoing-7 >> Host: localhost:46224
12-18-2019 14:22:06 LoggingManagedHttpClientConnection.java DEBUG [Forwarding quit on session 24e60b0af1ef5b120c024993aba99bf7 to remote] http.headers 136 - http-outgoing-7 >> Connection: Keep-Alive
12-18-2019 14:22:06 LoggingManagedHttpClientConnection.java DEBUG [Forwarding quit on session 24e60b0af1ef5b120c024993aba99bf7 to remote] http.headers 136 - http-outgoing-7 >> User-Agent: Apache-HttpClient/4.5.3 (Java/11.0.5)
12-18-2019 14:22:06 LoggingManagedHttpClientConnection.java DEBUG [Forwarding quit on session 24e60b0af1ef5b120c024993aba99bf7 to remote] http.headers 136 - http-outgoing-7 >> Accept-Encoding: gzip,deflate
12-18-2019 14:22:06 Wire.java DEBUG [Forwarding quit on session 24e60b0af1ef5b120c024993aba99bf7 to remote] http.wire 73 - http-outgoing-7 >> "DELETE /session/24e60b0af1ef5b120c024993aba99bf7 HTTP/1.1[\r][\n]"
12-18-2019 14:22:06 Wire.java DEBUG [Forwarding quit on session 24e60b0af1ef5b120c024993aba99bf7 to remote] http.wire 73 - http-outgoing-7 >> "Host: localhost:46224[\r][\n]"
12-18-2019 14:22:06 Wire.java DEBUG [Forwarding quit on session 24e60b0af1ef5b120c024993aba99bf7 to remote] http.wire 73 - http-outgoing-7 >> "Connection: Keep-Alive[\r][\n]"
12-18-2019 14:22:06 Wire.java DEBUG [Forwarding quit on session 24e60b0af1ef5b120c024993aba99bf7 to remote] http.wire 73 - http-outgoing-7 >> "User-Agent: Apache-HttpClient/4.5.3 (Java/11.0.5)[\r][\n]"
12-18-2019 14:22:06 Wire.java DEBUG [Forwarding quit on session 24e60b0af1ef5b120c024993aba99bf7 to remote] http.wire 73 - http-outgoing-7 >> "Accept-Encoding: gzip,deflate[\r][\n]"
12-18-2019 14:22:06 Wire.java DEBUG [Forwarding quit on session 24e60b0af1ef5b120c024993aba99bf7 to remote] http.wire 73 - http-outgoing-7 >> "[\r][\n]"
12-18-2019 14:22:06 Wire.java DEBUG [Forwarding quit on session 24e60b0af1ef5b120c024993aba99bf7 to remote] http.wire 73 - http-outgoing-7 << "HTTP/1.1 200 OK[\r][\n]"
12-18-2019 14:22:06 Wire.java DEBUG [Forwarding quit on session 24e60b0af1ef5b120c024993aba99bf7 to remote] http.wire 73 - http-outgoing-7 << "Content-Length:72[\r][\n]"
12-18-2019 14:22:06 Wire.java DEBUG [Forwarding quit on session 24e60b0af1ef5b120c024993aba99bf7 to remote] http.wire 73 - http-outgoing-7 << "Content-Type:application/json; charset=utf-8[\r][\n]"
12-18-2019 14:22:06 Wire.java DEBUG [Forwarding quit on session 24e60b0af1ef5b120c024993aba99bf7 to remote] http.wire 73 - http-outgoing-7 << "[\r][\n]"
12-18-2019 14:22:06 Wire.java DEBUG [Forwarding quit on session 24e60b0af1ef5b120c024993aba99bf7 to remote] http.wire 87 - http-outgoing-7 << "{"sessionId":"24e60b0af1ef5b120c024993aba99bf7","status":0,"value":null}"
12-18-2019 14:22:06 LoggingManagedHttpClientConnection.java DEBUG [Forwarding quit on session 24e60b0af1ef5b120c024993aba99bf7 to remote] http.headers 122 - http-outgoing-7 << HTTP/1.1 200 OK
12-18-2019 14:22:06 LoggingManagedHttpClientConnection.java DEBUG [Forwarding quit on session 24e60b0af1ef5b120c024993aba99bf7 to remote] http.headers 125 - http-outgoing-7 << Content-Length:72
12-18-2019 14:22:06 LoggingManagedHttpClientConnection.java DEBUG [Forwarding quit on session 24e60b0af1ef5b120c024993aba99bf7 to remote] http.headers 125 - http-outgoing-7 << Content-Type:application/json; charset=utf-8
12-18-2019 14:22:06 MainClientExec.java DEBUG [Forwarding quit on session 24e60b0af1ef5b120c024993aba99bf7 to remote] execchain.MainClientExec 285 - Connection can be kept alive indefinitely
12-18-2019 14:22:06 PoolingHttpClientConnectionManager.java DEBUG [Forwarding quit on session 24e60b0af1ef5b120c024993aba99bf7 to remote] conn.PoolingHttpClientConnectionManager 320 - Connection [id: 7][route: {}->http://localhost:46224] can be kept alive indefinitely
12-18-2019 14:22:06 PoolingHttpClientConnectionManager.java DEBUG [Forwarding quit on session 24e60b0af1ef5b120c024993aba99bf7 to remote] conn.PoolingHttpClientConnectionManager 326 - Connection released: [id: 7][route: {}->http://localhost:46224][total kept alive: 1; route allocated: 1 of 2000; total allocated: 1 of 2000]
12-18-2019 14:22:06 PoolingHttpClientConnectionManager.java DEBUG [Forwarding quit on session 24e60b0af1ef5b120c024993aba99bf7 to remote] conn.PoolingHttpClientConnectionManager 407 - Closing connections idle longer than 0 SECONDS
12-18-2019 14:22:06 LoggingManagedHttpClientConnection.java DEBUG [Forwarding quit on session 24e60b0af1ef5b120c024993aba99bf7 to remote] conn.DefaultManagedHttpClientConnection 79 - http-outgoing-7: Close connection
12-18-2019 14:22:07 RequestAddCookies.java DEBUG [Forwarding newSession on session null to remote] protocol.RequestAddCookies 123 - CookieSpec selected: default
12-18-2019 14:22:07 RequestAuthCache.java DEBUG [Forwarding newSession on session null to remote] protocol.RequestAuthCache 77 - Auth cache not set in the context
12-18-2019 14:22:07 PoolingHttpClientConnectionManager.java DEBUG [Forwarding newSession on session null to remote] conn.PoolingHttpClientConnectionManager 255 - Connection request: [route: {}->http://localhost:3299][total kept alive: 0; route allocated: 0 of 2000; total allocated: 0 of 2000]
12-18-2019 14:22:07 PoolingHttpClientConnectionManager.java DEBUG [Forwarding newSession on session null to remote] conn.PoolingHttpClientConnectionManager 288 - Connection leased: [id: 8][route: {}->http://localhost:3299][total kept alive: 0; route allocated: 1 of 2000; total allocated: 1 of 2000]
12-18-2019 14:22:07 MainClientExec.java DEBUG [Forwarding newSession on session null to remote] execchain.MainClientExec 235 - Opening connection {}->http://localhost:3299
12-18-2019 14:22:07 DefaultHttpClientConnectionOperator.java DEBUG [Forwarding newSession on session null to remote] conn.DefaultHttpClientConnectionOperator 139 - Connecting to localhost/127.0.0.1:3299
12-18-2019 14:22:07 DefaultHttpClientConnectionOperator.java DEBUG [Forwarding newSession on session null to remote] conn.DefaultHttpClientConnectionOperator 146 - Connection established 127.0.0.1:59503<->127.0.0.1:3299
12-18-2019 14:22:07 LoggingManagedHttpClientConnection.java DEBUG [Forwarding newSession on session null to remote] conn.DefaultManagedHttpClientConnection 88 - http-outgoing-8: set socket timeout to 10800000
12-18-2019 14:22:07 MainClientExec.java DEBUG [Forwarding newSession on session null to remote] execchain.MainClientExec 256 - Executing request POST /session HTTP/1.1
12-18-2019 14:22:07 MainClientExec.java DEBUG [Forwarding newSession on session null to remote] execchain.MainClientExec 261 - Target auth state: UNCHALLENGED
12-18-2019 14:22:07 MainClientExec.java DEBUG [Forwarding newSession on session null to remote] execchain.MainClientExec 267 - Proxy auth state: UNCHALLENGED
12-18-2019 14:22:07 LoggingManagedHttpClientConnection.java DEBUG [Forwarding newSession on session null to remote] http.headers 133 - http-outgoing-8 >> POST /session HTTP/1.1
12-18-2019 14:22:07 LoggingManagedHttpClientConnection.java DEBUG [Forwarding newSession on session null to remote] http.headers 136 - http-outgoing-8 >> Content-Type: application/json; charset=utf-8
12-18-2019 14:22:07 LoggingManagedHttpClientConnection.java DEBUG [Forwarding newSession on session null to remote] http.headers 136 - http-outgoing-8 >> Content-Length: 335
12-18-2019 14:22:07 LoggingManagedHttpClientConnection.java DEBUG [Forwarding newSession on session null to remote] http.headers 136 - http-outgoing-8 >> Host: localhost:3299
12-18-2019 14:22:07 LoggingManagedHttpClientConnection.java DEBUG [Forwarding newSession on session null to remote] http.headers 136 - http-outgoing-8 >> Connection: Keep-Alive
12-18-2019 14:22:07 LoggingManagedHttpClientConnection.java DEBUG [Forwarding newSession on session null to remote] http.headers 136 - http-outgoing-8 >> User-Agent: Apache-HttpClient/4.5.3 (Java/11.0.5)
12-18-2019 14:22:07 LoggingManagedHttpClientConnection.java DEBUG [Forwarding newSession on session null to remote] http.headers 136 - http-outgoing-8 >> Accept-Encoding: gzip,deflate
12-18-2019 14:22:07 Wire.java DEBUG [Forwarding newSession on session null to remote] http.wire 73 - http-outgoing-8 >> "POST /session HTTP/1.1[\r][\n]"
12-18-2019 14:22:07 Wire.java DEBUG [Forwarding newSession on session null to remote] http.wire 73 - http-outgoing-8 >> "Content-Type: application/json; charset=utf-8[\r][\n]"
12-18-2019 14:22:07 Wire.java DEBUG [Forwarding newSession on session null to remote] http.wire 73 - http-outgoing-8 >> "Content-Length: 335[\r][\n]"
12-18-2019 14:22:07 Wire.java DEBUG [Forwarding newSession on session null to remote] http.wire 73 - http-outgoing-8 >> "Host: localhost:3299[\r][\n]"
12-18-2019 14:22:07 Wire.java DEBUG [Forwarding newSession on session null to remote] http.wire 73 - http-outgoing-8 >> "Connection: Keep-Alive[\r][\n]"
12-18-2019 14:22:07 Wire.java DEBUG [Forwarding newSession on session null to remote] http.wire 73 - http-outgoing-8 >> "User-Agent: Apache-HttpClient/4.5.3 (Java/11.0.5)[\r][\n]"
12-18-2019 14:22:07 Wire.java DEBUG [Forwarding newSession on session null to remote] http.wire 73 - http-outgoing-8 >> "Accept-Encoding: gzip,deflate[\r][\n]"
12-18-2019 14:22:07 Wire.java DEBUG [Forwarding newSession on session null to remote] http.wire 73 - http-outgoing-8 >> "[\r][\n]"
12-18-2019 14:22:07 Wire.java DEBUG [Forwarding newSession on session null to remote] http.wire 73 - http-outgoing-8 >> "{[\n]"
12-18-2019 14:22:07 Wire.java DEBUG [Forwarding newSession on session null to remote] http.wire 73 - http-outgoing-8 >> "  "desiredCapabilities": {"browserName":"chrome","goog:chromeOptions":{"args":[],"extensions":[]}},[\n]"
12-18-2019 14:22:07 Wire.java DEBUG [Forwarding newSession on session null to remote] http.wire 73 - http-outgoing-8 >> "  "capabilities": {[\n]"
12-18-2019 14:22:07 Wire.java DEBUG [Forwarding newSession on session null to remote] http.wire 73 - http-outgoing-8 >> "    "desiredCapabilities": {"browserName":"chrome","goog:chromeOptions":{"args":[],"extensions":[]}},[\n]"
12-18-2019 14:22:07 Wire.java DEBUG [Forwarding newSession on session null to remote] http.wire 73 - http-outgoing-8 >> "    "firstMatch": [[\n]"
12-18-2019 14:22:07 Wire.java DEBUG [Forwarding newSession on session null to remote] http.wire 73 - http-outgoing-8 >> "      {"browserName":"chrome","goog:chromeOptions":{"args":[],"extensions":[]}}[\n]"
12-18-2019 14:22:07 Wire.java DEBUG [Forwarding newSession on session null to remote] http.wire 73 - http-outgoing-8 >> "    ][\n]"
12-18-2019 14:22:07 Wire.java DEBUG [Forwarding newSession on session null to remote] http.wire 73 - http-outgoing-8 >> "  }[\n]"
12-18-2019 14:22:07 Wire.java DEBUG [Forwarding newSession on session null to remote] http.wire 87 - http-outgoing-8 >> "}"
12-18-2019 14:22:08 Wire.java DEBUG [Forwarding newSession on session null to remote] http.wire 73 - http-outgoing-8 << "HTTP/1.1 200 OK[\r][\n]"
12-18-2019 14:22:08 Wire.java DEBUG [Forwarding newSession on session null to remote] http.wire 73 - http-outgoing-8 << "Content-Length:903[\r][\n]"
12-18-2019 14:22:08 Wire.java DEBUG [Forwarding newSession on session null to remote] http.wire 73 - http-outgoing-8 << "Content-Type:application/json; charset=utf-8[\r][\n]"
12-18-2019 14:22:08 Wire.java DEBUG [Forwarding newSession on session null to remote] http.wire 73 - http-outgoing-8 << "[\r][\n]"
12-18-2019 14:22:08 Wire.java DEBUG [Forwarding newSession on session null to remote] http.wire 87 - http-outgoing-8 << "{"sessionId":"351d6a29ef6d25f69a08b95eb9b70931","status":0,"value":{"acceptInsecureCerts":false,"acceptSslCerts":false,"applicationCacheEnabled":false,"browserConnectionEnabled":false,"browserName":"chrome","chrome":{"chromedriverVersion":"2.41.578706 (5f725d1b4f0a4acbf5259df887244095596231db)","userDataDir":"/var/folders/lg/yztw58bx17z_66mb1qnmq9d40000gp/T/.org.chromium.Chromium.R0v77z"},"cssSelectorsEnabled":true,"databaseEnabled":false,"goog:chromeOptions":{"debuggerAddress":"localhost:59504"},"handlesAlerts":true,"hasTouchScreen":false,"javascriptEnabled":true,"locationContextEnabled":true,"mobileEmulationEnabled":false,"nativeEvents":true,"networkConnectionEnabled":false,"pageLoadStrategy":"normal","platform":"Mac OS X","rotatable":false,"setWindowRect":true,"takesHeapSnapshot":true,"takesScreenshot":true,"unexpectedAlertBehaviour":"","version":"79.0.3945.88","webStorageEnabled":true}}"
12-18-2019 14:22:08 LoggingManagedHttpClientConnection.java DEBUG [Forwarding newSession on session null to remote] http.headers 122 - http-outgoing-8 << HTTP/1.1 200 OK
12-18-2019 14:22:08 LoggingManagedHttpClientConnection.java DEBUG [Forwarding newSession on session null to remote] http.headers 125 - http-outgoing-8 << Content-Length:903
12-18-2019 14:22:08 LoggingManagedHttpClientConnection.java DEBUG [Forwarding newSession on session null to remote] http.headers 125 - http-outgoing-8 << Content-Type:application/json; charset=utf-8
12-18-2019 14:22:08 MainClientExec.java DEBUG [Forwarding newSession on session null to remote] execchain.MainClientExec 285 - Connection can be kept alive indefinitely
12-18-2019 14:22:08 PoolingHttpClientConnectionManager.java DEBUG [Forwarding newSession on session null to remote] conn.PoolingHttpClientConnectionManager 320 - Connection [id: 8][route: {}->http://localhost:3299] can be kept alive indefinitely
12-18-2019 14:22:08 PoolingHttpClientConnectionManager.java DEBUG [Forwarding newSession on session null to remote] conn.PoolingHttpClientConnectionManager 326 - Connection released: [id: 8][route: {}->http://localhost:3299][total kept alive: 1; route allocated: 1 of 2000; total allocated: 1 of 2000]
12-18-2019 14:22:08 BaseClass.java INFO  [main] base.BaseClass 55 - Launch Chrome Browser
12-18-2019 14:22:10 RequestAddCookies.java DEBUG [Forwarding setCurrentWindowSize on session 351d6a29ef6d25f69a08b95eb9b70931 to remote] protocol.RequestAddCookies 123 - CookieSpec selected: default
12-18-2019 14:22:10 RequestAuthCache.java DEBUG [Forwarding setCurrentWindowSize on session 351d6a29ef6d25f69a08b95eb9b70931 to remote] protocol.RequestAuthCache 77 - Auth cache not set in the context
12-18-2019 14:22:10 PoolingHttpClientConnectionManager.java DEBUG [Forwarding setCurrentWindowSize on session 351d6a29ef6d25f69a08b95eb9b70931 to remote] conn.PoolingHttpClientConnectionManager 255 - Connection request: [route: {}->http://localhost:3299][total kept alive: 1; route allocated: 1 of 2000; total allocated: 1 of 2000]
12-18-2019 14:22:10 Wire.java DEBUG [Forwarding setCurrentWindowSize on session 351d6a29ef6d25f69a08b95eb9b70931 to remote] http.wire 87 - http-outgoing-8 << "[read] I/O error: Read timed out"
12-18-2019 14:22:10 PoolingHttpClientConnectionManager.java DEBUG [Forwarding setCurrentWindowSize on session 351d6a29ef6d25f69a08b95eb9b70931 to remote] conn.PoolingHttpClientConnectionManager 288 - Connection leased: [id: 8][route: {}->http://localhost:3299][total kept alive: 0; route allocated: 1 of 2000; total allocated: 1 of 2000]
12-18-2019 14:22:10 MainClientExec.java DEBUG [Forwarding setCurrentWindowSize on session 351d6a29ef6d25f69a08b95eb9b70931 to remote] execchain.MainClientExec 208 - Stale connection check
12-18-2019 14:22:10 Wire.java DEBUG [Forwarding setCurrentWindowSize on session 351d6a29ef6d25f69a08b95eb9b70931 to remote] http.wire 87 - http-outgoing-8 << "[read] I/O error: Read timed out"
12-18-2019 14:22:10 LoggingManagedHttpClientConnection.java DEBUG [Forwarding setCurrentWindowSize on session 351d6a29ef6d25f69a08b95eb9b70931 to remote] conn.DefaultManagedHttpClientConnection 88 - http-outgoing-8: set socket timeout to 10800000
12-18-2019 14:22:10 MainClientExec.java DEBUG [Forwarding setCurrentWindowSize on session 351d6a29ef6d25f69a08b95eb9b70931 to remote] execchain.MainClientExec 256 - Executing request POST /session/351d6a29ef6d25f69a08b95eb9b70931/window/current/size HTTP/1.1
12-18-2019 14:22:10 MainClientExec.java DEBUG [Forwarding setCurrentWindowSize on session 351d6a29ef6d25f69a08b95eb9b70931 to remote] execchain.MainClientExec 261 - Target auth state: UNCHALLENGED
12-18-2019 14:22:10 MainClientExec.java DEBUG [Forwarding setCurrentWindowSize on session 351d6a29ef6d25f69a08b95eb9b70931 to remote] execchain.MainClientExec 267 - Proxy auth state: UNCHALLENGED
12-18-2019 14:22:10 LoggingManagedHttpClientConnection.java DEBUG [Forwarding setCurrentWindowSize on session 351d6a29ef6d25f69a08b95eb9b70931 to remote] http.headers 133 - http-outgoing-8 >> POST /session/351d6a29ef6d25f69a08b95eb9b70931/window/current/size HTTP/1.1
12-18-2019 14:22:10 LoggingManagedHttpClientConnection.java DEBUG [Forwarding setCurrentWindowSize on session 351d6a29ef6d25f69a08b95eb9b70931 to remote] http.headers 136 - http-outgoing-8 >> Content-Type: application/json; charset=utf-8
12-18-2019 14:22:10 LoggingManagedHttpClientConnection.java DEBUG [Forwarding setCurrentWindowSize on session 351d6a29ef6d25f69a08b95eb9b70931 to remote] http.headers 136 - http-outgoing-8 >> Content-Length: 71
12-18-2019 14:22:10 LoggingManagedHttpClientConnection.java DEBUG [Forwarding setCurrentWindowSize on session 351d6a29ef6d25f69a08b95eb9b70931 to remote] http.headers 136 - http-outgoing-8 >> Host: localhost:3299
12-18-2019 14:22:10 LoggingManagedHttpClientConnection.java DEBUG [Forwarding setCurrentWindowSize on session 351d6a29ef6d25f69a08b95eb9b70931 to remote] http.headers 136 - http-outgoing-8 >> Connection: Keep-Alive
12-18-2019 14:22:10 LoggingManagedHttpClientConnection.java DEBUG [Forwarding setCurrentWindowSize on session 351d6a29ef6d25f69a08b95eb9b70931 to remote] http.headers 136 - http-outgoing-8 >> User-Agent: Apache-HttpClient/4.5.3 (Java/11.0.5)
12-18-2019 14:22:10 LoggingManagedHttpClientConnection.java DEBUG [Forwarding setCurrentWindowSize on session 351d6a29ef6d25f69a08b95eb9b70931 to remote] http.headers 136 - http-outgoing-8 >> Accept-Encoding: gzip,deflate
12-18-2019 14:22:10 Wire.java DEBUG [Forwarding setCurrentWindowSize on session 351d6a29ef6d25f69a08b95eb9b70931 to remote] http.wire 73 - http-outgoing-8 >> "POST /session/351d6a29ef6d25f69a08b95eb9b70931/window/current/size HTTP/1.1[\r][\n]"
12-18-2019 14:22:10 Wire.java DEBUG [Forwarding setCurrentWindowSize on session 351d6a29ef6d25f69a08b95eb9b70931 to remote] http.wire 73 - http-outgoing-8 >> "Content-Type: application/json; charset=utf-8[\r][\n]"
12-18-2019 14:22:10 Wire.java DEBUG [Forwarding setCurrentWindowSize on session 351d6a29ef6d25f69a08b95eb9b70931 to remote] http.wire 73 - http-outgoing-8 >> "Content-Length: 71[\r][\n]"
12-18-2019 14:22:10 Wire.java DEBUG [Forwarding setCurrentWindowSize on session 351d6a29ef6d25f69a08b95eb9b70931 to remote] http.wire 73 - http-outgoing-8 >> "Host: localhost:3299[\r][\n]"
12-18-2019 14:22:10 Wire.java DEBUG [Forwarding setCurrentWindowSize on session 351d6a29ef6d25f69a08b95eb9b70931 to remote] http.wire 73 - http-outgoing-8 >> "Connection: Keep-Alive[\r][\n]"
12-18-2019 14:22:10 Wire.java DEBUG [Forwarding setCurrentWindowSize on session 351d6a29ef6d25f69a08b95eb9b70931 to remote] http.wire 73 - http-outgoing-8 >> "User-Agent: Apache-HttpClient/4.5.3 (Java/11.0.5)[\r][\n]"
12-18-2019 14:22:10 Wire.java DEBUG [Forwarding setCurrentWindowSize on session 351d6a29ef6d25f69a08b95eb9b70931 to remote] http.wire 73 - http-outgoing-8 >> "Accept-Encoding: gzip,deflate[\r][\n]"
12-18-2019 14:22:10 Wire.java DEBUG [Forwarding setCurrentWindowSize on session 351d6a29ef6d25f69a08b95eb9b70931 to remote] http.wire 73 - http-outgoing-8 >> "[\r][\n]"
12-18-2019 14:22:10 Wire.java DEBUG [Forwarding setCurrentWindowSize on session 351d6a29ef6d25f69a08b95eb9b70931 to remote] http.wire 87 - http-outgoing-8 >> "{"width":1600,"height":900,"windowHandle":"current","handle":"current"}"
12-18-2019 14:22:10 Wire.java DEBUG [Forwarding setCurrentWindowSize on session 351d6a29ef6d25f69a08b95eb9b70931 to remote] http.wire 73 - http-outgoing-8 << "HTTP/1.1 200 OK[\r][\n]"
12-18-2019 14:22:10 Wire.java DEBUG [Forwarding setCurrentWindowSize on session 351d6a29ef6d25f69a08b95eb9b70931 to remote] http.wire 73 - http-outgoing-8 << "Content-Length:72[\r][\n]"
12-18-2019 14:22:10 Wire.java DEBUG [Forwarding setCurrentWindowSize on session 351d6a29ef6d25f69a08b95eb9b70931 to remote] http.wire 73 - http-outgoing-8 << "Content-Type:application/json; charset=utf-8[\r][\n]"
12-18-2019 14:22:10 Wire.java DEBUG [Forwarding setCurrentWindowSize on session 351d6a29ef6d25f69a08b95eb9b70931 to remote] http.wire 73 - http-outgoing-8 << "[\r][\n]"
12-18-2019 14:22:10 Wire.java DEBUG [Forwarding setCurrentWindowSize on session 351d6a29ef6d25f69a08b95eb9b70931 to remote] http.wire 87 - http-outgoing-8 << "{"sessionId":"351d6a29ef6d25f69a08b95eb9b70931","status":0,"value":null}"
12-18-2019 14:22:10 LoggingManagedHttpClientConnection.java DEBUG [Forwarding setCurrentWindowSize on session 351d6a29ef6d25f69a08b95eb9b70931 to remote] http.headers 122 - http-outgoing-8 << HTTP/1.1 200 OK
12-18-2019 14:22:10 LoggingManagedHttpClientConnection.java DEBUG [Forwarding setCurrentWindowSize on session 351d6a29ef6d25f69a08b95eb9b70931 to remote] http.headers 125 - http-outgoing-8 << Content-Length:72
12-18-2019 14:22:10 LoggingManagedHttpClientConnection.java DEBUG [Forwarding setCurrentWindowSize on session 351d6a29ef6d25f69a08b95eb9b70931 to remote] http.headers 125 - http-outgoing-8 << Content-Type:application/json; charset=utf-8
12-18-2019 14:22:10 MainClientExec.java DEBUG [Forwarding setCurrentWindowSize on session 351d6a29ef6d25f69a08b95eb9b70931 to remote] execchain.MainClientExec 285 - Connection can be kept alive indefinitely
12-18-2019 14:22:10 PoolingHttpClientConnectionManager.java DEBUG [Forwarding setCurrentWindowSize on session 351d6a29ef6d25f69a08b95eb9b70931 to remote] conn.PoolingHttpClientConnectionManager 320 - Connection [id: 8][route: {}->http://localhost:3299] can be kept alive indefinitely
12-18-2019 14:22:10 PoolingHttpClientConnectionManager.java DEBUG [Forwarding setCurrentWindowSize on session 351d6a29ef6d25f69a08b95eb9b70931 to remote] conn.PoolingHttpClientConnectionManager 326 - Connection released: [id: 8][route: {}->http://localhost:3299][total kept alive: 1; route allocated: 1 of 2000; total allocated: 1 of 2000]
12-18-2019 14:22:10 BaseClass.java INFO  [main] base.BaseClass 95 - maximizing window
12-18-2019 14:22:10 RequestAddCookies.java DEBUG [Forwarding deleteAllCookies on session 351d6a29ef6d25f69a08b95eb9b70931 to remote] protocol.RequestAddCookies 123 - CookieSpec selected: default
12-18-2019 14:22:10 RequestAuthCache.java DEBUG [Forwarding deleteAllCookies on session 351d6a29ef6d25f69a08b95eb9b70931 to remote] protocol.RequestAuthCache 77 - Auth cache not set in the context
12-18-2019 14:22:10 PoolingHttpClientConnectionManager.java DEBUG [Forwarding deleteAllCookies on session 351d6a29ef6d25f69a08b95eb9b70931 to remote] conn.PoolingHttpClientConnectionManager 255 - Connection request: [route: {}->http://localhost:3299][total kept alive: 1; route allocated: 1 of 2000; total allocated: 1 of 2000]
12-18-2019 14:22:10 PoolingHttpClientConnectionManager.java DEBUG [Forwarding deleteAllCookies on session 351d6a29ef6d25f69a08b95eb9b70931 to remote] conn.PoolingHttpClientConnectionManager 288 - Connection leased: [id: 8][route: {}->http://localhost:3299][total kept alive: 0; route allocated: 1 of 2000; total allocated: 1 of 2000]
12-18-2019 14:22:10 MainClientExec.java DEBUG [Forwarding deleteAllCookies on session 351d6a29ef6d25f69a08b95eb9b70931 to remote] execchain.MainClientExec 208 - Stale connection check
12-18-2019 14:22:10 Wire.java DEBUG [Forwarding deleteAllCookies on session 351d6a29ef6d25f69a08b95eb9b70931 to remote] http.wire 87 - http-outgoing-8 << "[read] I/O error: Read timed out"
12-18-2019 14:22:10 LoggingManagedHttpClientConnection.java DEBUG [Forwarding deleteAllCookies on session 351d6a29ef6d25f69a08b95eb9b70931 to remote] conn.DefaultManagedHttpClientConnection 88 - http-outgoing-8: set socket timeout to 10800000
12-18-2019 14:22:10 MainClientExec.java DEBUG [Forwarding deleteAllCookies on session 351d6a29ef6d25f69a08b95eb9b70931 to remote] execchain.MainClientExec 256 - Executing request DELETE /session/351d6a29ef6d25f69a08b95eb9b70931/cookie HTTP/1.1
12-18-2019 14:22:10 MainClientExec.java DEBUG [Forwarding deleteAllCookies on session 351d6a29ef6d25f69a08b95eb9b70931 to remote] execchain.MainClientExec 261 - Target auth state: UNCHALLENGED
12-18-2019 14:22:10 MainClientExec.java DEBUG [Forwarding deleteAllCookies on session 351d6a29ef6d25f69a08b95eb9b70931 to remote] execchain.MainClientExec 267 - Proxy auth state: UNCHALLENGED
12-18-2019 14:22:10 LoggingManagedHttpClientConnection.java DEBUG [Forwarding deleteAllCookies on session 351d6a29ef6d25f69a08b95eb9b70931 to remote] http.headers 133 - http-outgoing-8 >> DELETE /session/351d6a29ef6d25f69a08b95eb9b70931/cookie HTTP/1.1
12-18-2019 14:22:10 LoggingManagedHttpClientConnection.java DEBUG [Forwarding deleteAllCookies on session 351d6a29ef6d25f69a08b95eb9b70931 to remote] http.headers 136 - http-outgoing-8 >> Host: localhost:3299
12-18-2019 14:22:10 LoggingManagedHttpClientConnection.java DEBUG [Forwarding deleteAllCookies on session 351d6a29ef6d25f69a08b95eb9b70931 to remote] http.headers 136 - http-outgoing-8 >> Connection: Keep-Alive
12-18-2019 14:22:10 LoggingManagedHttpClientConnection.java DEBUG [Forwarding deleteAllCookies on session 351d6a29ef6d25f69a08b95eb9b70931 to remote] http.headers 136 - http-outgoing-8 >> User-Agent: Apache-HttpClient/4.5.3 (Java/11.0.5)
12-18-2019 14:22:10 LoggingManagedHttpClientConnection.java DEBUG [Forwarding deleteAllCookies on session 351d6a29ef6d25f69a08b95eb9b70931 to remote] http.headers 136 - http-outgoing-8 >> Accept-Encoding: gzip,deflate
12-18-2019 14:22:10 Wire.java DEBUG [Forwarding deleteAllCookies on session 351d6a29ef6d25f69a08b95eb9b70931 to remote] http.wire 73 - http-outgoing-8 >> "DELETE /session/351d6a29ef6d25f69a08b95eb9b70931/cookie HTTP/1.1[\r][\n]"
12-18-2019 14:22:10 Wire.java DEBUG [Forwarding deleteAllCookies on session 351d6a29ef6d25f69a08b95eb9b70931 to remote] http.wire 73 - http-outgoing-8 >> "Host: localhost:3299[\r][\n]"
12-18-2019 14:22:10 Wire.java DEBUG [Forwarding deleteAllCookies on session 351d6a29ef6d25f69a08b95eb9b70931 to remote] http.wire 73 - http-outgoing-8 >> "Connection: Keep-Alive[\r][\n]"
12-18-2019 14:22:10 Wire.java DEBUG [Forwarding deleteAllCookies on session 351d6a29ef6d25f69a08b95eb9b70931 to remote] http.wire 73 - http-outgoing-8 >> "User-Agent: Apache-HttpClient/4.5.3 (Java/11.0.5)[\r][\n]"
12-18-2019 14:22:10 Wire.java DEBUG [Forwarding deleteAllCookies on session 351d6a29ef6d25f69a08b95eb9b70931 to remote] http.wire 73 - http-outgoing-8 >> "Accept-Encoding: gzip,deflate[\r][\n]"
12-18-2019 14:22:10 Wire.java DEBUG [Forwarding deleteAllCookies on session 351d6a29ef6d25f69a08b95eb9b70931 to remote] http.wire 73 - http-outgoing-8 >> "[\r][\n]"
12-18-2019 14:22:10 Wire.java DEBUG [Forwarding deleteAllCookies on session 351d6a29ef6d25f69a08b95eb9b70931 to remote] http.wire 73 - http-outgoing-8 << "HTTP/1.1 200 OK[\r][\n]"
12-18-2019 14:22:10 Wire.java DEBUG [Forwarding deleteAllCookies on session 351d6a29ef6d25f69a08b95eb9b70931 to remote] http.wire 73 - http-outgoing-8 << "Content-Length:72[\r][\n]"
12-18-2019 14:22:10 Wire.java DEBUG [Forwarding deleteAllCookies on session 351d6a29ef6d25f69a08b95eb9b70931 to remote] http.wire 73 - http-outgoing-8 << "Content-Type:application/json; charset=utf-8[\r][\n]"
12-18-2019 14:22:10 Wire.java DEBUG [Forwarding deleteAllCookies on session 351d6a29ef6d25f69a08b95eb9b70931 to remote] http.wire 73 - http-outgoing-8 << "[\r][\n]"
12-18-2019 14:22:10 Wire.java DEBUG [Forwarding deleteAllCookies on session 351d6a29ef6d25f69a08b95eb9b70931 to remote] http.wire 87 - http-outgoing-8 << "{"sessionId":"351d6a29ef6d25f69a08b95eb9b70931","status":0,"value":null}"
12-18-2019 14:22:10 LoggingManagedHttpClientConnection.java DEBUG [Forwarding deleteAllCookies on session 351d6a29ef6d25f69a08b95eb9b70931 to remote] http.headers 122 - http-outgoing-8 << HTTP/1.1 200 OK
12-18-2019 14:22:10 LoggingManagedHttpClientConnection.java DEBUG [Forwarding deleteAllCookies on session 351d6a29ef6d25f69a08b95eb9b70931 to remote] http.headers 125 - http-outgoing-8 << Content-Length:72
12-18-2019 14:22:10 LoggingManagedHttpClientConnection.java DEBUG [Forwarding deleteAllCookies on session 351d6a29ef6d25f69a08b95eb9b70931 to remote] http.headers 125 - http-outgoing-8 << Content-Type:application/json; charset=utf-8
12-18-2019 14:22:10 MainClientExec.java DEBUG [Forwarding deleteAllCookies on session 351d6a29ef6d25f69a08b95eb9b70931 to remote] execchain.MainClientExec 285 - Connection can be kept alive indefinitely
12-18-2019 14:22:10 PoolingHttpClientConnectionManager.java DEBUG [Forwarding deleteAllCookies on session 351d6a29ef6d25f69a08b95eb9b70931 to remote] conn.PoolingHttpClientConnectionManager 320 - Connection [id: 8][route: {}->http://localhost:3299] can be kept alive indefinitely
12-18-2019 14:22:10 PoolingHttpClientConnectionManager.java DEBUG [Forwarding deleteAllCookies on session 351d6a29ef6d25f69a08b95eb9b70931 to remote] conn.PoolingHttpClientConnectionManager 326 - Connection released: [id: 8][route: {}->http://localhost:3299][total kept alive: 1; route allocated: 1 of 2000; total allocated: 1 of 2000]
12-18-2019 14:22:10 RequestAddCookies.java DEBUG [Forwarding get on session 351d6a29ef6d25f69a08b95eb9b70931 to remote] protocol.RequestAddCookies 123 - CookieSpec selected: default
12-18-2019 14:22:10 RequestAuthCache.java DEBUG [Forwarding get on session 351d6a29ef6d25f69a08b95eb9b70931 to remote] protocol.RequestAuthCache 77 - Auth cache not set in the context
12-18-2019 14:22:10 PoolingHttpClientConnectionManager.java DEBUG [Forwarding get on session 351d6a29ef6d25f69a08b95eb9b70931 to remote] conn.PoolingHttpClientConnectionManager 255 - Connection request: [route: {}->http://localhost:3299][total kept alive: 1; route allocated: 1 of 2000; total allocated: 1 of 2000]
12-18-2019 14:22:10 PoolingHttpClientConnectionManager.java DEBUG [Forwarding get on session 351d6a29ef6d25f69a08b95eb9b70931 to remote] conn.PoolingHttpClientConnectionManager 288 - Connection leased: [id: 8][route: {}->http://localhost:3299][total kept alive: 0; route allocated: 1 of 2000; total allocated: 1 of 2000]
12-18-2019 14:22:10 MainClientExec.java DEBUG [Forwarding get on session 351d6a29ef6d25f69a08b95eb9b70931 to remote] execchain.MainClientExec 208 - Stale connection check
12-18-2019 14:22:10 Wire.java DEBUG [Forwarding get on session 351d6a29ef6d25f69a08b95eb9b70931 to remote] http.wire 87 - http-outgoing-8 << "[read] I/O error: Read timed out"
12-18-2019 14:22:10 LoggingManagedHttpClientConnection.java DEBUG [Forwarding get on session 351d6a29ef6d25f69a08b95eb9b70931 to remote] conn.DefaultManagedHttpClientConnection 88 - http-outgoing-8: set socket timeout to 10800000
12-18-2019 14:22:10 MainClientExec.java DEBUG [Forwarding get on session 351d6a29ef6d25f69a08b95eb9b70931 to remote] execchain.MainClientExec 256 - Executing request POST /session/351d6a29ef6d25f69a08b95eb9b70931/url HTTP/1.1
12-18-2019 14:22:10 MainClientExec.java DEBUG [Forwarding get on session 351d6a29ef6d25f69a08b95eb9b70931 to remote] execchain.MainClientExec 261 - Target auth state: UNCHALLENGED
12-18-2019 14:22:10 MainClientExec.java DEBUG [Forwarding get on session 351d6a29ef6d25f69a08b95eb9b70931 to remote] execchain.MainClientExec 267 - Proxy auth state: UNCHALLENGED
12-18-2019 14:22:10 LoggingManagedHttpClientConnection.java DEBUG [Forwarding get on session 351d6a29ef6d25f69a08b95eb9b70931 to remote] http.headers 133 - http-outgoing-8 >> POST /session/351d6a29ef6d25f69a08b95eb9b70931/url HTTP/1.1
12-18-2019 14:22:10 LoggingManagedHttpClientConnection.java DEBUG [Forwarding get on session 351d6a29ef6d25f69a08b95eb9b70931 to remote] http.headers 136 - http-outgoing-8 >> Content-Type: application/json; charset=utf-8
12-18-2019 14:22:10 LoggingManagedHttpClientConnection.java DEBUG [Forwarding get on session 351d6a29ef6d25f69a08b95eb9b70931 to remote] http.headers 136 - http-outgoing-8 >> Content-Length: 38
12-18-2019 14:22:10 LoggingManagedHttpClientConnection.java DEBUG [Forwarding get on session 351d6a29ef6d25f69a08b95eb9b70931 to remote] http.headers 136 - http-outgoing-8 >> Host: localhost:3299
12-18-2019 14:22:10 LoggingManagedHttpClientConnection.java DEBUG [Forwarding get on session 351d6a29ef6d25f69a08b95eb9b70931 to remote] http.headers 136 - http-outgoing-8 >> Connection: Keep-Alive
12-18-2019 14:22:10 LoggingManagedHttpClientConnection.java DEBUG [Forwarding get on session 351d6a29ef6d25f69a08b95eb9b70931 to remote] http.headers 136 - http-outgoing-8 >> User-Agent: Apache-HttpClient/4.5.3 (Java/11.0.5)
12-18-2019 14:22:10 LoggingManagedHttpClientConnection.java DEBUG [Forwarding get on session 351d6a29ef6d25f69a08b95eb9b70931 to remote] http.headers 136 - http-outgoing-8 >> Accept-Encoding: gzip,deflate
12-18-2019 14:22:10 Wire.java DEBUG [Forwarding get on session 351d6a29ef6d25f69a08b95eb9b70931 to remote] http.wire 73 - http-outgoing-8 >> "POST /session/351d6a29ef6d25f69a08b95eb9b70931/url HTTP/1.1[\r][\n]"
12-18-2019 14:22:10 Wire.java DEBUG [Forwarding get on session 351d6a29ef6d25f69a08b95eb9b70931 to remote] http.wire 73 - http-outgoing-8 >> "Content-Type: application/json; charset=utf-8[\r][\n]"
12-18-2019 14:22:10 Wire.java DEBUG [Forwarding get on session 351d6a29ef6d25f69a08b95eb9b70931 to remote] http.wire 73 - http-outgoing-8 >> "Content-Length: 38[\r][\n]"
12-18-2019 14:22:10 Wire.java DEBUG [Forwarding get on session 351d6a29ef6d25f69a08b95eb9b70931 to remote] http.wire 73 - http-outgoing-8 >> "Host: localhost:3299[\r][\n]"
12-18-2019 14:22:10 Wire.java DEBUG [Forwarding get on session 351d6a29ef6d25f69a08b95eb9b70931 to remote] http.wire 73 - http-outgoing-8 >> "Connection: Keep-Alive[\r][\n]"
12-18-2019 14:22:10 Wire.java DEBUG [Forwarding get on session 351d6a29ef6d25f69a08b95eb9b70931 to remote] http.wire 73 - http-outgoing-8 >> "User-Agent: Apache-HttpClient/4.5.3 (Java/11.0.5)[\r][\n]"
12-18-2019 14:22:10 Wire.java DEBUG [Forwarding get on session 351d6a29ef6d25f69a08b95eb9b70931 to remote] http.wire 73 - http-outgoing-8 >> "Accept-Encoding: gzip,deflate[\r][\n]"
12-18-2019 14:22:10 Wire.java DEBUG [Forwarding get on session 351d6a29ef6d25f69a08b95eb9b70931 to remote] http.wire 73 - http-outgoing-8 >> "[\r][\n]"
12-18-2019 14:22:10 Wire.java DEBUG [Forwarding get on session 351d6a29ef6d25f69a08b95eb9b70931 to remote] http.wire 87 - http-outgoing-8 >> "{"url":"https://www.thoughtworks.com"}"
12-18-2019 14:22:12 Wire.java DEBUG [Forwarding get on session 351d6a29ef6d25f69a08b95eb9b70931 to remote] http.wire 73 - http-outgoing-8 << "HTTP/1.1 200 OK[\r][\n]"
12-18-2019 14:22:12 Wire.java DEBUG [Forwarding get on session 351d6a29ef6d25f69a08b95eb9b70931 to remote] http.wire 73 - http-outgoing-8 << "Content-Length:72[\r][\n]"
12-18-2019 14:22:12 Wire.java DEBUG [Forwarding get on session 351d6a29ef6d25f69a08b95eb9b70931 to remote] http.wire 73 - http-outgoing-8 << "Content-Type:application/json; charset=utf-8[\r][\n]"
12-18-2019 14:22:12 Wire.java DEBUG [Forwarding get on session 351d6a29ef6d25f69a08b95eb9b70931 to remote] http.wire 73 - http-outgoing-8 << "[\r][\n]"
12-18-2019 14:22:12 Wire.java DEBUG [Forwarding get on session 351d6a29ef6d25f69a08b95eb9b70931 to remote] http.wire 87 - http-outgoing-8 << "{"sessionId":"351d6a29ef6d25f69a08b95eb9b70931","status":0,"value":null}"
12-18-2019 14:22:12 LoggingManagedHttpClientConnection.java DEBUG [Forwarding get on session 351d6a29ef6d25f69a08b95eb9b70931 to remote] http.headers 122 - http-outgoing-8 << HTTP/1.1 200 OK
12-18-2019 14:22:12 LoggingManagedHttpClientConnection.java DEBUG [Forwarding get on session 351d6a29ef6d25f69a08b95eb9b70931 to remote] http.headers 125 - http-outgoing-8 << Content-Length:72
12-18-2019 14:22:12 LoggingManagedHttpClientConnection.java DEBUG [Forwarding get on session 351d6a29ef6d25f69a08b95eb9b70931 to remote] http.headers 125 - http-outgoing-8 << Content-Type:application/json; charset=utf-8
12-18-2019 14:22:12 MainClientExec.java DEBUG [Forwarding get on session 351d6a29ef6d25f69a08b95eb9b70931 to remote] execchain.MainClientExec 285 - Connection can be kept alive indefinitely
12-18-2019 14:22:12 PoolingHttpClientConnectionManager.java DEBUG [Forwarding get on session 351d6a29ef6d25f69a08b95eb9b70931 to remote] conn.PoolingHttpClientConnectionManager 320 - Connection [id: 8][route: {}->http://localhost:3299] can be kept alive indefinitely
12-18-2019 14:22:12 PoolingHttpClientConnectionManager.java DEBUG [Forwarding get on session 351d6a29ef6d25f69a08b95eb9b70931 to remote] conn.PoolingHttpClientConnectionManager 326 - Connection released: [id: 8][route: {}->http://localhost:3299][total kept alive: 1; route allocated: 1 of 2000; total allocated: 1 of 2000]
12-18-2019 14:22:12 RequestAddCookies.java DEBUG [Forwarding setTimeout on session 351d6a29ef6d25f69a08b95eb9b70931 to remote] protocol.RequestAddCookies 123 - CookieSpec selected: default
12-18-2019 14:22:12 RequestAuthCache.java DEBUG [Forwarding setTimeout on session 351d6a29ef6d25f69a08b95eb9b70931 to remote] protocol.RequestAuthCache 77 - Auth cache not set in the context
12-18-2019 14:22:12 PoolingHttpClientConnectionManager.java DEBUG [Forwarding setTimeout on session 351d6a29ef6d25f69a08b95eb9b70931 to remote] conn.PoolingHttpClientConnectionManager 255 - Connection request: [route: {}->http://localhost:3299][total kept alive: 1; route allocated: 1 of 2000; total allocated: 1 of 2000]
12-18-2019 14:22:12 PoolingHttpClientConnectionManager.java DEBUG [Forwarding setTimeout on session 351d6a29ef6d25f69a08b95eb9b70931 to remote] conn.PoolingHttpClientConnectionManager 288 - Connection leased: [id: 8][route: {}->http://localhost:3299][total kept alive: 0; route allocated: 1 of 2000; total allocated: 1 of 2000]
12-18-2019 14:22:12 MainClientExec.java DEBUG [Forwarding setTimeout on session 351d6a29ef6d25f69a08b95eb9b70931 to remote] execchain.MainClientExec 208 - Stale connection check
12-18-2019 14:22:12 Wire.java DEBUG [Forwarding setTimeout on session 351d6a29ef6d25f69a08b95eb9b70931 to remote] http.wire 87 - http-outgoing-8 << "[read] I/O error: Read timed out"
12-18-2019 14:22:12 LoggingManagedHttpClientConnection.java DEBUG [Forwarding setTimeout on session 351d6a29ef6d25f69a08b95eb9b70931 to remote] conn.DefaultManagedHttpClientConnection 88 - http-outgoing-8: set socket timeout to 10800000
12-18-2019 14:22:12 MainClientExec.java DEBUG [Forwarding setTimeout on session 351d6a29ef6d25f69a08b95eb9b70931 to remote] execchain.MainClientExec 256 - Executing request POST /session/351d6a29ef6d25f69a08b95eb9b70931/timeouts HTTP/1.1
12-18-2019 14:22:12 MainClientExec.java DEBUG [Forwarding setTimeout on session 351d6a29ef6d25f69a08b95eb9b70931 to remote] execchain.MainClientExec 261 - Target auth state: UNCHALLENGED
12-18-2019 14:22:12 MainClientExec.java DEBUG [Forwarding setTimeout on session 351d6a29ef6d25f69a08b95eb9b70931 to remote] execchain.MainClientExec 267 - Proxy auth state: UNCHALLENGED
12-18-2019 14:22:12 LoggingManagedHttpClientConnection.java DEBUG [Forwarding setTimeout on session 351d6a29ef6d25f69a08b95eb9b70931 to remote] http.headers 133 - http-outgoing-8 >> POST /session/351d6a29ef6d25f69a08b95eb9b70931/timeouts HTTP/1.1
12-18-2019 14:22:12 LoggingManagedHttpClientConnection.java DEBUG [Forwarding setTimeout on session 351d6a29ef6d25f69a08b95eb9b70931 to remote] http.headers 136 - http-outgoing-8 >> Content-Type: application/json; charset=utf-8
12-18-2019 14:22:12 LoggingManagedHttpClientConnection.java DEBUG [Forwarding setTimeout on session 351d6a29ef6d25f69a08b95eb9b70931 to remote] http.headers 136 - http-outgoing-8 >> Content-Length: 31
12-18-2019 14:22:12 LoggingManagedHttpClientConnection.java DEBUG [Forwarding setTimeout on session 351d6a29ef6d25f69a08b95eb9b70931 to remote] http.headers 136 - http-outgoing-8 >> Host: localhost:3299
12-18-2019 14:22:12 LoggingManagedHttpClientConnection.java DEBUG [Forwarding setTimeout on session 351d6a29ef6d25f69a08b95eb9b70931 to remote] http.headers 136 - http-outgoing-8 >> Connection: Keep-Alive
12-18-2019 14:22:12 LoggingManagedHttpClientConnection.java DEBUG [Forwarding setTimeout on session 351d6a29ef6d25f69a08b95eb9b70931 to remote] http.headers 136 - http-outgoing-8 >> User-Agent: Apache-HttpClient/4.5.3 (Java/11.0.5)
12-18-2019 14:22:12 LoggingManagedHttpClientConnection.java DEBUG [Forwarding setTimeout on session 351d6a29ef6d25f69a08b95eb9b70931 to remote] http.headers 136 - http-outgoing-8 >> Accept-Encoding: gzip,deflate
12-18-2019 14:22:12 Wire.java DEBUG [Forwarding setTimeout on session 351d6a29ef6d25f69a08b95eb9b70931 to remote] http.wire 73 - http-outgoing-8 >> "POST /session/351d6a29ef6d25f69a08b95eb9b70931/timeouts HTTP/1.1[\r][\n]"
12-18-2019 14:22:12 Wire.java DEBUG [Forwarding setTimeout on session 351d6a29ef6d25f69a08b95eb9b70931 to remote] http.wire 73 - http-outgoing-8 >> "Content-Type: application/json; charset=utf-8[\r][\n]"
12-18-2019 14:22:12 Wire.java DEBUG [Forwarding setTimeout on session 351d6a29ef6d25f69a08b95eb9b70931 to remote] http.wire 73 - http-outgoing-8 >> "Content-Length: 31[\r][\n]"
12-18-2019 14:22:12 Wire.java DEBUG [Forwarding setTimeout on session 351d6a29ef6d25f69a08b95eb9b70931 to remote] http.wire 73 - http-outgoing-8 >> "Host: localhost:3299[\r][\n]"
12-18-2019 14:22:12 Wire.java DEBUG [Forwarding setTimeout on session 351d6a29ef6d25f69a08b95eb9b70931 to remote] http.wire 73 - http-outgoing-8 >> "Connection: Keep-Alive[\r][\n]"
12-18-2019 14:22:12 Wire.java DEBUG [Forwarding setTimeout on session 351d6a29ef6d25f69a08b95eb9b70931 to remote] http.wire 73 - http-outgoing-8 >> "User-Agent: Apache-HttpClient/4.5.3 (Java/11.0.5)[\r][\n]"
12-18-2019 14:22:12 Wire.java DEBUG [Forwarding setTimeout on session 351d6a29ef6d25f69a08b95eb9b70931 to remote] http.wire 73 - http-outgoing-8 >> "Accept-Encoding: gzip,deflate[\r][\n]"
12-18-2019 14:22:12 Wire.java DEBUG [Forwarding setTimeout on session 351d6a29ef6d25f69a08b95eb9b70931 to remote] http.wire 73 - http-outgoing-8 >> "[\r][\n]"
12-18-2019 14:22:12 Wire.java DEBUG [Forwarding setTimeout on session 351d6a29ef6d25f69a08b95eb9b70931 to remote] http.wire 87 - http-outgoing-8 >> "{"type":"page load","ms":10000}"
12-18-2019 14:22:12 Wire.java DEBUG [Forwarding setTimeout on session 351d6a29ef6d25f69a08b95eb9b70931 to remote] http.wire 73 - http-outgoing-8 << "HTTP/1.1 200 OK[\r][\n]"
12-18-2019 14:22:12 Wire.java DEBUG [Forwarding setTimeout on session 351d6a29ef6d25f69a08b95eb9b70931 to remote] http.wire 73 - http-outgoing-8 << "Content-Length:72[\r][\n]"
12-18-2019 14:22:12 Wire.java DEBUG [Forwarding setTimeout on session 351d6a29ef6d25f69a08b95eb9b70931 to remote] http.wire 73 - http-outgoing-8 << "Content-Type:application/json; charset=utf-8[\r][\n]"
12-18-2019 14:22:12 Wire.java DEBUG [Forwarding setTimeout on session 351d6a29ef6d25f69a08b95eb9b70931 to remote] http.wire 73 - http-outgoing-8 << "[\r][\n]"
12-18-2019 14:22:12 Wire.java DEBUG [Forwarding setTimeout on session 351d6a29ef6d25f69a08b95eb9b70931 to remote] http.wire 87 - http-outgoing-8 << "{"sessionId":"351d6a29ef6d25f69a08b95eb9b70931","status":0,"value":null}"
12-18-2019 14:22:12 LoggingManagedHttpClientConnection.java DEBUG [Forwarding setTimeout on session 351d6a29ef6d25f69a08b95eb9b70931 to remote] http.headers 122 - http-outgoing-8 << HTTP/1.1 200 OK
12-18-2019 14:22:12 LoggingManagedHttpClientConnection.java DEBUG [Forwarding setTimeout on session 351d6a29ef6d25f69a08b95eb9b70931 to remote] http.headers 125 - http-outgoing-8 << Content-Length:72
12-18-2019 14:22:12 LoggingManagedHttpClientConnection.java DEBUG [Forwarding setTimeout on session 351d6a29ef6d25f69a08b95eb9b70931 to remote] http.headers 125 - http-outgoing-8 << Content-Type:application/json; charset=utf-8
12-18-2019 14:22:12 MainClientExec.java DEBUG [Forwarding setTimeout on session 351d6a29ef6d25f69a08b95eb9b70931 to remote] execchain.MainClientExec 285 - Connection can be kept alive indefinitely
12-18-2019 14:22:12 PoolingHttpClientConnectionManager.java DEBUG [Forwarding setTimeout on session 351d6a29ef6d25f69a08b95eb9b70931 to remote] conn.PoolingHttpClientConnectionManager 320 - Connection [id: 8][route: {}->http://localhost:3299] can be kept alive indefinitely
12-18-2019 14:22:12 PoolingHttpClientConnectionManager.java DEBUG [Forwarding setTimeout on session 351d6a29ef6d25f69a08b95eb9b70931 to remote] conn.PoolingHttpClientConnectionManager 326 - Connection released: [id: 8][route: {}->http://localhost:3299][total kept alive: 1; route allocated: 1 of 2000; total allocated: 1 of 2000]
12-18-2019 14:22:12 RequestAddCookies.java DEBUG [Forwarding setTimeout on session 351d6a29ef6d25f69a08b95eb9b70931 to remote] protocol.RequestAddCookies 123 - CookieSpec selected: default
12-18-2019 14:22:12 RequestAuthCache.java DEBUG [Forwarding setTimeout on session 351d6a29ef6d25f69a08b95eb9b70931 to remote] protocol.RequestAuthCache 77 - Auth cache not set in the context
12-18-2019 14:22:12 PoolingHttpClientConnectionManager.java DEBUG [Forwarding setTimeout on session 351d6a29ef6d25f69a08b95eb9b70931 to remote] conn.PoolingHttpClientConnectionManager 255 - Connection request: [route: {}->http://localhost:3299][total kept alive: 1; route allocated: 1 of 2000; total allocated: 1 of 2000]
12-18-2019 14:22:12 PoolingHttpClientConnectionManager.java DEBUG [Forwarding setTimeout on session 351d6a29ef6d25f69a08b95eb9b70931 to remote] conn.PoolingHttpClientConnectionManager 288 - Connection leased: [id: 8][route: {}->http://localhost:3299][total kept alive: 0; route allocated: 1 of 2000; total allocated: 1 of 2000]
12-18-2019 14:22:12 MainClientExec.java DEBUG [Forwarding setTimeout on session 351d6a29ef6d25f69a08b95eb9b70931 to remote] execchain.MainClientExec 208 - Stale connection check
12-18-2019 14:22:12 Wire.java DEBUG [Forwarding setTimeout on session 351d6a29ef6d25f69a08b95eb9b70931 to remote] http.wire 87 - http-outgoing-8 << "[read] I/O error: Read timed out"
12-18-2019 14:22:12 LoggingManagedHttpClientConnection.java DEBUG [Forwarding setTimeout on session 351d6a29ef6d25f69a08b95eb9b70931 to remote] conn.DefaultManagedHttpClientConnection 88 - http-outgoing-8: set socket timeout to 10800000
12-18-2019 14:22:12 MainClientExec.java DEBUG [Forwarding setTimeout on session 351d6a29ef6d25f69a08b95eb9b70931 to remote] execchain.MainClientExec 256 - Executing request POST /session/351d6a29ef6d25f69a08b95eb9b70931/timeouts HTTP/1.1
12-18-2019 14:22:12 MainClientExec.java DEBUG [Forwarding setTimeout on session 351d6a29ef6d25f69a08b95eb9b70931 to remote] execchain.MainClientExec 261 - Target auth state: UNCHALLENGED
12-18-2019 14:22:12 MainClientExec.java DEBUG [Forwarding setTimeout on session 351d6a29ef6d25f69a08b95eb9b70931 to remote] execchain.MainClientExec 267 - Proxy auth state: UNCHALLENGED
12-18-2019 14:22:12 LoggingManagedHttpClientConnection.java DEBUG [Forwarding setTimeout on session 351d6a29ef6d25f69a08b95eb9b70931 to remote] http.headers 133 - http-outgoing-8 >> POST /session/351d6a29ef6d25f69a08b95eb9b70931/timeouts HTTP/1.1
12-18-2019 14:22:12 LoggingManagedHttpClientConnection.java DEBUG [Forwarding setTimeout on session 351d6a29ef6d25f69a08b95eb9b70931 to remote] http.headers 136 - http-outgoing-8 >> Content-Type: application/json; charset=utf-8
12-18-2019 14:22:12 LoggingManagedHttpClientConnection.java DEBUG [Forwarding setTimeout on session 351d6a29ef6d25f69a08b95eb9b70931 to remote] http.headers 136 - http-outgoing-8 >> Content-Length: 30
12-18-2019 14:22:12 LoggingManagedHttpClientConnection.java DEBUG [Forwarding setTimeout on session 351d6a29ef6d25f69a08b95eb9b70931 to remote] http.headers 136 - http-outgoing-8 >> Host: localhost:3299
12-18-2019 14:22:12 LoggingManagedHttpClientConnection.java DEBUG [Forwarding setTimeout on session 351d6a29ef6d25f69a08b95eb9b70931 to remote] http.headers 136 - http-outgoing-8 >> Connection: Keep-Alive
12-18-2019 14:22:12 LoggingManagedHttpClientConnection.java DEBUG [Forwarding setTimeout on session 351d6a29ef6d25f69a08b95eb9b70931 to remote] http.headers 136 - http-outgoing-8 >> User-Agent: Apache-HttpClient/4.5.3 (Java/11.0.5)
12-18-2019 14:22:12 LoggingManagedHttpClientConnection.java DEBUG [Forwarding setTimeout on session 351d6a29ef6d25f69a08b95eb9b70931 to remote] http.headers 136 - http-outgoing-8 >> Accept-Encoding: gzip,deflate
12-18-2019 14:22:12 Wire.java DEBUG [Forwarding setTimeout on session 351d6a29ef6d25f69a08b95eb9b70931 to remote] http.wire 73 - http-outgoing-8 >> "POST /session/351d6a29ef6d25f69a08b95eb9b70931/timeouts HTTP/1.1[\r][\n]"
12-18-2019 14:22:12 Wire.java DEBUG [Forwarding setTimeout on session 351d6a29ef6d25f69a08b95eb9b70931 to remote] http.wire 73 - http-outgoing-8 >> "Content-Type: application/json; charset=utf-8[\r][\n]"
12-18-2019 14:22:12 Wire.java DEBUG [Forwarding setTimeout on session 351d6a29ef6d25f69a08b95eb9b70931 to remote] http.wire 73 - http-outgoing-8 >> "Content-Length: 30[\r][\n]"
12-18-2019 14:22:12 Wire.java DEBUG [Forwarding setTimeout on session 351d6a29ef6d25f69a08b95eb9b70931 to remote] http.wire 73 - http-outgoing-8 >> "Host: localhost:3299[\r][\n]"
12-18-2019 14:22:12 Wire.java DEBUG [Forwarding setTimeout on session 351d6a29ef6d25f69a08b95eb9b70931 to remote] http.wire 73 - http-outgoing-8 >> "Connection: Keep-Alive[\r][\n]"
12-18-2019 14:22:12 Wire.java DEBUG [Forwarding setTimeout on session 351d6a29ef6d25f69a08b95eb9b70931 to remote] http.wire 73 - http-outgoing-8 >> "User-Agent: Apache-HttpClient/4.5.3 (Java/11.0.5)[\r][\n]"
12-18-2019 14:22:12 Wire.java DEBUG [Forwarding setTimeout on session 351d6a29ef6d25f69a08b95eb9b70931 to remote] http.wire 73 - http-outgoing-8 >> "Accept-Encoding: gzip,deflate[\r][\n]"
12-18-2019 14:22:12 Wire.java DEBUG [Forwarding setTimeout on session 351d6a29ef6d25f69a08b95eb9b70931 to remote] http.wire 73 - http-outgoing-8 >> "[\r][\n]"
12-18-2019 14:22:12 Wire.java DEBUG [Forwarding setTimeout on session 351d6a29ef6d25f69a08b95eb9b70931 to remote] http.wire 87 - http-outgoing-8 >> "{"type":"implicit","ms":10000}"
12-18-2019 14:22:12 Wire.java DEBUG [Forwarding setTimeout on session 351d6a29ef6d25f69a08b95eb9b70931 to remote] http.wire 73 - http-outgoing-8 << "HTTP/1.1 200 OK[\r][\n]"
12-18-2019 14:22:12 Wire.java DEBUG [Forwarding setTimeout on session 351d6a29ef6d25f69a08b95eb9b70931 to remote] http.wire 73 - http-outgoing-8 << "Content-Length:72[\r][\n]"
12-18-2019 14:22:12 Wire.java DEBUG [Forwarding setTimeout on session 351d6a29ef6d25f69a08b95eb9b70931 to remote] http.wire 73 - http-outgoing-8 << "Content-Type:application/json; charset=utf-8[\r][\n]"
12-18-2019 14:22:12 Wire.java DEBUG [Forwarding setTimeout on session 351d6a29ef6d25f69a08b95eb9b70931 to remote] http.wire 73 - http-outgoing-8 << "[\r][\n]"
12-18-2019 14:22:12 Wire.java DEBUG [Forwarding setTimeout on session 351d6a29ef6d25f69a08b95eb9b70931 to remote] http.wire 87 - http-outgoing-8 << "{"sessionId":"351d6a29ef6d25f69a08b95eb9b70931","status":0,"value":null}"
12-18-2019 14:22:12 LoggingManagedHttpClientConnection.java DEBUG [Forwarding setTimeout on session 351d6a29ef6d25f69a08b95eb9b70931 to remote] http.headers 122 - http-outgoing-8 << HTTP/1.1 200 OK
12-18-2019 14:22:12 LoggingManagedHttpClientConnection.java DEBUG [Forwarding setTimeout on session 351d6a29ef6d25f69a08b95eb9b70931 to remote] http.headers 125 - http-outgoing-8 << Content-Length:72
12-18-2019 14:22:12 LoggingManagedHttpClientConnection.java DEBUG [Forwarding setTimeout on session 351d6a29ef6d25f69a08b95eb9b70931 to remote] http.headers 125 - http-outgoing-8 << Content-Type:application/json; charset=utf-8
12-18-2019 14:22:12 MainClientExec.java DEBUG [Forwarding setTimeout on session 351d6a29ef6d25f69a08b95eb9b70931 to remote] execchain.MainClientExec 285 - Connection can be kept alive indefinitely
12-18-2019 14:22:12 PoolingHttpClientConnectionManager.java DEBUG [Forwarding setTimeout on session 351d6a29ef6d25f69a08b95eb9b70931 to remote] conn.PoolingHttpClientConnectionManager 320 - Connection [id: 8][route: {}->http://localhost:3299] can be kept alive indefinitely
12-18-2019 14:22:12 PoolingHttpClientConnectionManager.java DEBUG [Forwarding setTimeout on session 351d6a29ef6d25f69a08b95eb9b70931 to remote] conn.PoolingHttpClientConnectionManager 326 - Connection released: [id: 8][route: {}->http://localhost:3299][total kept alive: 1; route allocated: 1 of 2000; total allocated: 1 of 2000]
12-18-2019 14:22:12 RequestAddCookies.java DEBUG [Forwarding findElement on session 351d6a29ef6d25f69a08b95eb9b70931 to remote] protocol.RequestAddCookies 123 - CookieSpec selected: default
12-18-2019 14:22:12 RequestAuthCache.java DEBUG [Forwarding findElement on session 351d6a29ef6d25f69a08b95eb9b70931 to remote] protocol.RequestAuthCache 77 - Auth cache not set in the context
12-18-2019 14:22:12 PoolingHttpClientConnectionManager.java DEBUG [Forwarding findElement on session 351d6a29ef6d25f69a08b95eb9b70931 to remote] conn.PoolingHttpClientConnectionManager 255 - Connection request: [route: {}->http://localhost:3299][total kept alive: 1; route allocated: 1 of 2000; total allocated: 1 of 2000]
12-18-2019 14:22:12 PoolingHttpClientConnectionManager.java DEBUG [Forwarding findElement on session 351d6a29ef6d25f69a08b95eb9b70931 to remote] conn.PoolingHttpClientConnectionManager 288 - Connection leased: [id: 8][route: {}->http://localhost:3299][total kept alive: 0; route allocated: 1 of 2000; total allocated: 1 of 2000]
12-18-2019 14:22:12 MainClientExec.java DEBUG [Forwarding findElement on session 351d6a29ef6d25f69a08b95eb9b70931 to remote] execchain.MainClientExec 208 - Stale connection check
12-18-2019 14:22:12 Wire.java DEBUG [Forwarding findElement on session 351d6a29ef6d25f69a08b95eb9b70931 to remote] http.wire 87 - http-outgoing-8 << "[read] I/O error: Read timed out"
12-18-2019 14:22:12 LoggingManagedHttpClientConnection.java DEBUG [Forwarding findElement on session 351d6a29ef6d25f69a08b95eb9b70931 to remote] conn.DefaultManagedHttpClientConnection 88 - http-outgoing-8: set socket timeout to 10800000
12-18-2019 14:22:12 MainClientExec.java DEBUG [Forwarding findElement on session 351d6a29ef6d25f69a08b95eb9b70931 to remote] execchain.MainClientExec 256 - Executing request POST /session/351d6a29ef6d25f69a08b95eb9b70931/element HTTP/1.1
12-18-2019 14:22:12 MainClientExec.java DEBUG [Forwarding findElement on session 351d6a29ef6d25f69a08b95eb9b70931 to remote] execchain.MainClientExec 261 - Target auth state: UNCHALLENGED
12-18-2019 14:22:12 MainClientExec.java DEBUG [Forwarding findElement on session 351d6a29ef6d25f69a08b95eb9b70931 to remote] execchain.MainClientExec 267 - Proxy auth state: UNCHALLENGED
12-18-2019 14:22:12 LoggingManagedHttpClientConnection.java DEBUG [Forwarding findElement on session 351d6a29ef6d25f69a08b95eb9b70931 to remote] http.headers 133 - http-outgoing-8 >> POST /session/351d6a29ef6d25f69a08b95eb9b70931/element HTTP/1.1
12-18-2019 14:22:12 LoggingManagedHttpClientConnection.java DEBUG [Forwarding findElement on session 351d6a29ef6d25f69a08b95eb9b70931 to remote] http.headers 136 - http-outgoing-8 >> Content-Type: application/json; charset=utf-8
12-18-2019 14:22:12 LoggingManagedHttpClientConnection.java DEBUG [Forwarding findElement on session 351d6a29ef6d25f69a08b95eb9b70931 to remote] http.headers 136 - http-outgoing-8 >> Content-Length: 144
12-18-2019 14:22:12 LoggingManagedHttpClientConnection.java DEBUG [Forwarding findElement on session 351d6a29ef6d25f69a08b95eb9b70931 to remote] http.headers 136 - http-outgoing-8 >> Host: localhost:3299
12-18-2019 14:22:12 LoggingManagedHttpClientConnection.java DEBUG [Forwarding findElement on session 351d6a29ef6d25f69a08b95eb9b70931 to remote] http.headers 136 - http-outgoing-8 >> Connection: Keep-Alive
12-18-2019 14:22:12 LoggingManagedHttpClientConnection.java DEBUG [Forwarding findElement on session 351d6a29ef6d25f69a08b95eb9b70931 to remote] http.headers 136 - http-outgoing-8 >> User-Agent: Apache-HttpClient/4.5.3 (Java/11.0.5)
12-18-2019 14:22:12 LoggingManagedHttpClientConnection.java DEBUG [Forwarding findElement on session 351d6a29ef6d25f69a08b95eb9b70931 to remote] http.headers 136 - http-outgoing-8 >> Accept-Encoding: gzip,deflate
12-18-2019 14:22:12 Wire.java DEBUG [Forwarding findElement on session 351d6a29ef6d25f69a08b95eb9b70931 to remote] http.wire 73 - http-outgoing-8 >> "POST /session/351d6a29ef6d25f69a08b95eb9b70931/element HTTP/1.1[\r][\n]"
12-18-2019 14:22:12 Wire.java DEBUG [Forwarding findElement on session 351d6a29ef6d25f69a08b95eb9b70931 to remote] http.wire 73 - http-outgoing-8 >> "Content-Type: application/json; charset=utf-8[\r][\n]"
12-18-2019 14:22:12 Wire.java DEBUG [Forwarding findElement on session 351d6a29ef6d25f69a08b95eb9b70931 to remote] http.wire 73 - http-outgoing-8 >> "Content-Length: 144[\r][\n]"
12-18-2019 14:22:12 Wire.java DEBUG [Forwarding findElement on session 351d6a29ef6d25f69a08b95eb9b70931 to remote] http.wire 73 - http-outgoing-8 >> "Host: localhost:3299[\r][\n]"
12-18-2019 14:22:12 Wire.java DEBUG [Forwarding findElement on session 351d6a29ef6d25f69a08b95eb9b70931 to remote] http.wire 73 - http-outgoing-8 >> "Connection: Keep-Alive[\r][\n]"
12-18-2019 14:22:12 Wire.java DEBUG [Forwarding findElement on session 351d6a29ef6d25f69a08b95eb9b70931 to remote] http.wire 73 - http-outgoing-8 >> "User-Agent: Apache-HttpClient/4.5.3 (Java/11.0.5)[\r][\n]"
12-18-2019 14:22:12 Wire.java DEBUG [Forwarding findElement on session 351d6a29ef6d25f69a08b95eb9b70931 to remote] http.wire 73 - http-outgoing-8 >> "Accept-Encoding: gzip,deflate[\r][\n]"
12-18-2019 14:22:12 Wire.java DEBUG [Forwarding findElement on session 351d6a29ef6d25f69a08b95eb9b70931 to remote] http.wire 73 - http-outgoing-8 >> "[\r][\n]"
12-18-2019 14:22:12 Wire.java DEBUG [Forwarding findElement on session 351d6a29ef6d25f69a08b95eb9b70931 to remote] http.wire 87 - http-outgoing-8 >> "{"using":"xpath","value":"//button[@class\u003d\u0027menu-item__link non-js-hide careers\u0027]/child::*[contains(text(),\u0027Careers\u0027)]"}"
12-18-2019 14:22:12 Wire.java DEBUG [Forwarding findElement on session 351d6a29ef6d25f69a08b95eb9b70931 to remote] http.wire 73 - http-outgoing-8 << "HTTP/1.1 200 OK[\r][\n]"
12-18-2019 14:22:12 Wire.java DEBUG [Forwarding findElement on session 351d6a29ef6d25f69a08b95eb9b70931 to remote] http.wire 73 - http-outgoing-8 << "Content-Length:102[\r][\n]"
12-18-2019 14:22:12 Wire.java DEBUG [Forwarding findElement on session 351d6a29ef6d25f69a08b95eb9b70931 to remote] http.wire 73 - http-outgoing-8 << "Content-Type:application/json; charset=utf-8[\r][\n]"
12-18-2019 14:22:12 Wire.java DEBUG [Forwarding findElement on session 351d6a29ef6d25f69a08b95eb9b70931 to remote] http.wire 73 - http-outgoing-8 << "[\r][\n]"
12-18-2019 14:22:12 Wire.java DEBUG [Forwarding findElement on session 351d6a29ef6d25f69a08b95eb9b70931 to remote] http.wire 87 - http-outgoing-8 << "{"sessionId":"351d6a29ef6d25f69a08b95eb9b70931","status":0,"value":{"ELEMENT":"0.7225891684769499-1"}}"
12-18-2019 14:22:12 LoggingManagedHttpClientConnection.java DEBUG [Forwarding findElement on session 351d6a29ef6d25f69a08b95eb9b70931 to remote] http.headers 122 - http-outgoing-8 << HTTP/1.1 200 OK
12-18-2019 14:22:12 LoggingManagedHttpClientConnection.java DEBUG [Forwarding findElement on session 351d6a29ef6d25f69a08b95eb9b70931 to remote] http.headers 125 - http-outgoing-8 << Content-Length:102
12-18-2019 14:22:12 LoggingManagedHttpClientConnection.java DEBUG [Forwarding findElement on session 351d6a29ef6d25f69a08b95eb9b70931 to remote] http.headers 125 - http-outgoing-8 << Content-Type:application/json; charset=utf-8
12-18-2019 14:22:12 MainClientExec.java DEBUG [Forwarding findElement on session 351d6a29ef6d25f69a08b95eb9b70931 to remote] execchain.MainClientExec 285 - Connection can be kept alive indefinitely
12-18-2019 14:22:12 PoolingHttpClientConnectionManager.java DEBUG [Forwarding findElement on session 351d6a29ef6d25f69a08b95eb9b70931 to remote] conn.PoolingHttpClientConnectionManager 320 - Connection [id: 8][route: {}->http://localhost:3299] can be kept alive indefinitely
12-18-2019 14:22:12 PoolingHttpClientConnectionManager.java DEBUG [Forwarding findElement on session 351d6a29ef6d25f69a08b95eb9b70931 to remote] conn.PoolingHttpClientConnectionManager 326 - Connection released: [id: 8][route: {}->http://localhost:3299][total kept alive: 1; route allocated: 1 of 2000; total allocated: 1 of 2000]
12-18-2019 14:22:12 RequestAddCookies.java DEBUG [Forwarding executeScript on session 351d6a29ef6d25f69a08b95eb9b70931 to remote] protocol.RequestAddCookies 123 - CookieSpec selected: default
12-18-2019 14:22:12 RequestAuthCache.java DEBUG [Forwarding executeScript on session 351d6a29ef6d25f69a08b95eb9b70931 to remote] protocol.RequestAuthCache 77 - Auth cache not set in the context
12-18-2019 14:22:12 PoolingHttpClientConnectionManager.java DEBUG [Forwarding executeScript on session 351d6a29ef6d25f69a08b95eb9b70931 to remote] conn.PoolingHttpClientConnectionManager 255 - Connection request: [route: {}->http://localhost:3299][total kept alive: 1; route allocated: 1 of 2000; total allocated: 1 of 2000]
12-18-2019 14:22:12 PoolingHttpClientConnectionManager.java DEBUG [Forwarding executeScript on session 351d6a29ef6d25f69a08b95eb9b70931 to remote] conn.PoolingHttpClientConnectionManager 288 - Connection leased: [id: 8][route: {}->http://localhost:3299][total kept alive: 0; route allocated: 1 of 2000; total allocated: 1 of 2000]
12-18-2019 14:22:12 MainClientExec.java DEBUG [Forwarding executeScript on session 351d6a29ef6d25f69a08b95eb9b70931 to remote] execchain.MainClientExec 208 - Stale connection check
12-18-2019 14:22:12 Wire.java DEBUG [Forwarding executeScript on session 351d6a29ef6d25f69a08b95eb9b70931 to remote] http.wire 87 - http-outgoing-8 << "[read] I/O error: Read timed out"
12-18-2019 14:22:12 LoggingManagedHttpClientConnection.java DEBUG [Forwarding executeScript on session 351d6a29ef6d25f69a08b95eb9b70931 to remote] conn.DefaultManagedHttpClientConnection 88 - http-outgoing-8: set socket timeout to 10800000
12-18-2019 14:22:12 MainClientExec.java DEBUG [Forwarding executeScript on session 351d6a29ef6d25f69a08b95eb9b70931 to remote] execchain.MainClientExec 256 - Executing request POST /session/351d6a29ef6d25f69a08b95eb9b70931/execute HTTP/1.1
12-18-2019 14:22:12 MainClientExec.java DEBUG [Forwarding executeScript on session 351d6a29ef6d25f69a08b95eb9b70931 to remote] execchain.MainClientExec 261 - Target auth state: UNCHALLENGED
12-18-2019 14:22:12 MainClientExec.java DEBUG [Forwarding executeScript on session 351d6a29ef6d25f69a08b95eb9b70931 to remote] execchain.MainClientExec 267 - Proxy auth state: UNCHALLENGED
12-18-2019 14:22:12 LoggingManagedHttpClientConnection.java DEBUG [Forwarding executeScript on session 351d6a29ef6d25f69a08b95eb9b70931 to remote] http.headers 133 - http-outgoing-8 >> POST /session/351d6a29ef6d25f69a08b95eb9b70931/execute HTTP/1.1
12-18-2019 14:22:12 LoggingManagedHttpClientConnection.java DEBUG [Forwarding executeScript on session 351d6a29ef6d25f69a08b95eb9b70931 to remote] http.headers 136 - http-outgoing-8 >> Content-Type: application/json; charset=utf-8
12-18-2019 14:22:12 LoggingManagedHttpClientConnection.java DEBUG [Forwarding executeScript on session 351d6a29ef6d25f69a08b95eb9b70931 to remote] http.headers 136 - http-outgoing-8 >> Content-Length: 139
12-18-2019 14:22:12 LoggingManagedHttpClientConnection.java DEBUG [Forwarding executeScript on session 351d6a29ef6d25f69a08b95eb9b70931 to remote] http.headers 136 - http-outgoing-8 >> Host: localhost:3299
12-18-2019 14:22:12 LoggingManagedHttpClientConnection.java DEBUG [Forwarding executeScript on session 351d6a29ef6d25f69a08b95eb9b70931 to remote] http.headers 136 - http-outgoing-8 >> Connection: Keep-Alive
12-18-2019 14:22:12 LoggingManagedHttpClientConnection.java DEBUG [Forwarding executeScript on session 351d6a29ef6d25f69a08b95eb9b70931 to remote] http.headers 136 - http-outgoing-8 >> User-Agent: Apache-HttpClient/4.5.3 (Java/11.0.5)
12-18-2019 14:22:12 LoggingManagedHttpClientConnection.java DEBUG [Forwarding executeScript on session 351d6a29ef6d25f69a08b95eb9b70931 to remote] http.headers 136 - http-outgoing-8 >> Accept-Encoding: gzip,deflate
12-18-2019 14:22:12 Wire.java DEBUG [Forwarding executeScript on session 351d6a29ef6d25f69a08b95eb9b70931 to remote] http.wire 73 - http-outgoing-8 >> "POST /session/351d6a29ef6d25f69a08b95eb9b70931/execute HTTP/1.1[\r][\n]"
12-18-2019 14:22:12 Wire.java DEBUG [Forwarding executeScript on session 351d6a29ef6d25f69a08b95eb9b70931 to remote] http.wire 73 - http-outgoing-8 >> "Content-Type: application/json; charset=utf-8[\r][\n]"
12-18-2019 14:22:12 Wire.java DEBUG [Forwarding executeScript on session 351d6a29ef6d25f69a08b95eb9b70931 to remote] http.wire 73 - http-outgoing-8 >> "Content-Length: 139[\r][\n]"
12-18-2019 14:22:12 Wire.java DEBUG [Forwarding executeScript on session 351d6a29ef6d25f69a08b95eb9b70931 to remote] http.wire 73 - http-outgoing-8 >> "Host: localhost:3299[\r][\n]"
12-18-2019 14:22:12 Wire.java DEBUG [Forwarding executeScript on session 351d6a29ef6d25f69a08b95eb9b70931 to remote] http.wire 73 - http-outgoing-8 >> "Connection: Keep-Alive[\r][\n]"
12-18-2019 14:22:12 Wire.java DEBUG [Forwarding executeScript on session 351d6a29ef6d25f69a08b95eb9b70931 to remote] http.wire 73 - http-outgoing-8 >> "User-Agent: Apache-HttpClient/4.5.3 (Java/11.0.5)[\r][\n]"
12-18-2019 14:22:12 Wire.java DEBUG [Forwarding executeScript on session 351d6a29ef6d25f69a08b95eb9b70931 to remote] http.wire 73 - http-outgoing-8 >> "Accept-Encoding: gzip,deflate[\r][\n]"
12-18-2019 14:22:12 Wire.java DEBUG [Forwarding executeScript on session 351d6a29ef6d25f69a08b95eb9b70931 to remote] http.wire 73 - http-outgoing-8 >> "[\r][\n]"
12-18-2019 14:22:12 Wire.java DEBUG [Forwarding executeScript on session 351d6a29ef6d25f69a08b95eb9b70931 to remote] http.wire 87 - http-outgoing-8 >> "{"script":"arguments[0].click();","args":[{"ELEMENT":"0.7225891684769499-1","element-6066-11e4-a52e-4f735466cecf":"0.7225891684769499-1"}]}"
12-18-2019 14:22:12 Wire.java DEBUG [Forwarding executeScript on session 351d6a29ef6d25f69a08b95eb9b70931 to remote] http.wire 73 - http-outgoing-8 << "HTTP/1.1 200 OK[\r][\n]"
12-18-2019 14:22:12 Wire.java DEBUG [Forwarding executeScript on session 351d6a29ef6d25f69a08b95eb9b70931 to remote] http.wire 73 - http-outgoing-8 << "Content-Length:72[\r][\n]"
12-18-2019 14:22:12 Wire.java DEBUG [Forwarding executeScript on session 351d6a29ef6d25f69a08b95eb9b70931 to remote] http.wire 73 - http-outgoing-8 << "Content-Type:application/json; charset=utf-8[\r][\n]"
12-18-2019 14:22:12 Wire.java DEBUG [Forwarding executeScript on session 351d6a29ef6d25f69a08b95eb9b70931 to remote] http.wire 73 - http-outgoing-8 << "[\r][\n]"
12-18-2019 14:22:12 Wire.java DEBUG [Forwarding executeScript on session 351d6a29ef6d25f69a08b95eb9b70931 to remote] http.wire 87 - http-outgoing-8 << "{"sessionId":"351d6a29ef6d25f69a08b95eb9b70931","status":0,"value":null}"
12-18-2019 14:22:12 LoggingManagedHttpClientConnection.java DEBUG [Forwarding executeScript on session 351d6a29ef6d25f69a08b95eb9b70931 to remote] http.headers 122 - http-outgoing-8 << HTTP/1.1 200 OK
12-18-2019 14:22:12 LoggingManagedHttpClientConnection.java DEBUG [Forwarding executeScript on session 351d6a29ef6d25f69a08b95eb9b70931 to remote] http.headers 125 - http-outgoing-8 << Content-Length:72
12-18-2019 14:22:12 LoggingManagedHttpClientConnection.java DEBUG [Forwarding executeScript on session 351d6a29ef6d25f69a08b95eb9b70931 to remote] http.headers 125 - http-outgoing-8 << Content-Type:application/json; charset=utf-8
12-18-2019 14:22:12 MainClientExec.java DEBUG [Forwarding executeScript on session 351d6a29ef6d25f69a08b95eb9b70931 to remote] execchain.MainClientExec 285 - Connection can be kept alive indefinitely
12-18-2019 14:22:12 PoolingHttpClientConnectionManager.java DEBUG [Forwarding executeScript on session 351d6a29ef6d25f69a08b95eb9b70931 to remote] conn.PoolingHttpClientConnectionManager 320 - Connection [id: 8][route: {}->http://localhost:3299] can be kept alive indefinitely
12-18-2019 14:22:12 PoolingHttpClientConnectionManager.java DEBUG [Forwarding executeScript on session 351d6a29ef6d25f69a08b95eb9b70931 to remote] conn.PoolingHttpClientConnectionManager 326 - Connection released: [id: 8][route: {}->http://localhost:3299][total kept alive: 1; route allocated: 1 of 2000; total allocated: 1 of 2000]
12-18-2019 14:22:12 BaseClass.java INFO  [main] base.BaseClass 109 - clicking webelement using JS
12-18-2019 14:22:12 RequestAddCookies.java DEBUG [Forwarding findElement on session 351d6a29ef6d25f69a08b95eb9b70931 to remote] protocol.RequestAddCookies 123 - CookieSpec selected: default
12-18-2019 14:22:12 RequestAuthCache.java DEBUG [Forwarding findElement on session 351d6a29ef6d25f69a08b95eb9b70931 to remote] protocol.RequestAuthCache 77 - Auth cache not set in the context
12-18-2019 14:22:12 PoolingHttpClientConnectionManager.java DEBUG [Forwarding findElement on session 351d6a29ef6d25f69a08b95eb9b70931 to remote] conn.PoolingHttpClientConnectionManager 255 - Connection request: [route: {}->http://localhost:3299][total kept alive: 1; route allocated: 1 of 2000; total allocated: 1 of 2000]
12-18-2019 14:22:12 PoolingHttpClientConnectionManager.java DEBUG [Forwarding findElement on session 351d6a29ef6d25f69a08b95eb9b70931 to remote] conn.PoolingHttpClientConnectionManager 288 - Connection leased: [id: 8][route: {}->http://localhost:3299][total kept alive: 0; route allocated: 1 of 2000; total allocated: 1 of 2000]
12-18-2019 14:22:12 MainClientExec.java DEBUG [Forwarding findElement on session 351d6a29ef6d25f69a08b95eb9b70931 to remote] execchain.MainClientExec 208 - Stale connection check
12-18-2019 14:22:12 Wire.java DEBUG [Forwarding findElement on session 351d6a29ef6d25f69a08b95eb9b70931 to remote] http.wire 87 - http-outgoing-8 << "[read] I/O error: Read timed out"
12-18-2019 14:22:12 LoggingManagedHttpClientConnection.java DEBUG [Forwarding findElement on session 351d6a29ef6d25f69a08b95eb9b70931 to remote] conn.DefaultManagedHttpClientConnection 88 - http-outgoing-8: set socket timeout to 10800000
12-18-2019 14:22:12 MainClientExec.java DEBUG [Forwarding findElement on session 351d6a29ef6d25f69a08b95eb9b70931 to remote] execchain.MainClientExec 256 - Executing request POST /session/351d6a29ef6d25f69a08b95eb9b70931/element HTTP/1.1
12-18-2019 14:22:12 MainClientExec.java DEBUG [Forwarding findElement on session 351d6a29ef6d25f69a08b95eb9b70931 to remote] execchain.MainClientExec 261 - Target auth state: UNCHALLENGED
12-18-2019 14:22:12 MainClientExec.java DEBUG [Forwarding findElement on session 351d6a29ef6d25f69a08b95eb9b70931 to remote] execchain.MainClientExec 267 - Proxy auth state: UNCHALLENGED
12-18-2019 14:22:12 LoggingManagedHttpClientConnection.java DEBUG [Forwarding findElement on session 351d6a29ef6d25f69a08b95eb9b70931 to remote] http.headers 133 - http-outgoing-8 >> POST /session/351d6a29ef6d25f69a08b95eb9b70931/element HTTP/1.1
12-18-2019 14:22:12 LoggingManagedHttpClientConnection.java DEBUG [Forwarding findElement on session 351d6a29ef6d25f69a08b95eb9b70931 to remote] http.headers 136 - http-outgoing-8 >> Content-Type: application/json; charset=utf-8
12-18-2019 14:22:12 LoggingManagedHttpClientConnection.java DEBUG [Forwarding findElement on session 351d6a29ef6d25f69a08b95eb9b70931 to remote] http.headers 136 - http-outgoing-8 >> Content-Length: 87
12-18-2019 14:22:12 LoggingManagedHttpClientConnection.java DEBUG [Forwarding findElement on session 351d6a29ef6d25f69a08b95eb9b70931 to remote] http.headers 136 - http-outgoing-8 >> Host: localhost:3299
[...]
12-18-2019 14:22:34 Wire.java DEBUG [Forwarding findElement on session 367282c6836a29bc4cac380a83412ef9 to remote] http.wire 73 - http-outgoing-9 >> "[\r][\n]"
12-18-2019 14:22:34 Wire.java DEBUG [Forwarding findElement on session 367282c6836a29bc4cac380a83412ef9 to remote] http.wire 87 - http-outgoing-9 >> "{"using":"xpath","value":"//a[text()[normalize-space()\u003d\u0027Search jobs\u0027]]"}"
12-18-2019 14:22:34 Wire.java DEBUG [Forwarding findElement on session 367282c6836a29bc4cac380a83412ef9 to remote] http.wire 73 - http-outgoing-9 << "HTTP/1.1 200 OK[\r][\n]"
12-18-2019 14:22:34 Wire.java DEBUG [Forwarding findElement on session 367282c6836a29bc4cac380a83412ef9 to remote] http.wire 73 - http-outgoing-9 << "Content-Length:102[\r][\n]"
12-18-2019 14:22:34 Wire.java DEBUG [Forwarding findElement on session 367282c6836a29bc4cac380a83412ef9 to remote] http.wire 73 - http-outgoing-9 << "Content-Type:application/json; charset=utf-8[\r][\n]"
12-18-2019 14:22:34 Wire.java DEBUG [Forwarding findElement on session 367282c6836a29bc4cac380a83412ef9 to remote] http.wire 73 - http-outgoing-9 << "[\r][\n]"
12-18-2019 14:22:34 Wire.java DEBUG [Forwarding findElement on session 367282c6836a29bc4cac380a83412ef9 to remote] http.wire 87 - http-outgoing-9 << "{"sessionId":"367282c6836a29bc4cac380a83412ef9","status":0,"value":{"ELEMENT":"0.3885515248084539-2"}}"
12-18-2019 14:22:34 LoggingManagedHttpClientConnection.java DEBUG [Forwarding findElement on session 367282c6836a29bc4cac380a83412ef9 to remote] http.headers 122 - http-outgoing-9 << HTTP/1.1 200 OK
12-18-2019 14:22:34 LoggingManagedHttpClientConnection.java DEBUG [Forwarding findElement on session 367282c6836a29bc4cac380a83412ef9 to remote] http.headers 125 - http-outgoing-9 << Content-Length:102
12-18-2019 14:22:34 LoggingManagedHttpClientConnection.java DEBUG [Forwarding findElement on session 367282c6836a29bc4cac380a83412ef9 to remote] http.headers 125 - http-outgoing-9 << Content-Type:application/json; charset=utf-8
12-18-2019 14:22:34 MainClientExec.java DEBUG [Forwarding findElement on session 367282c6836a29bc4cac380a83412ef9 to remote] execchain.MainClientExec 285 - Connection can be kept alive indefinitely
12-18-2019 14:22:34 PoolingHttpClientConnectionManager.java DEBUG [Forwarding findElement on session 367282c6836a29bc4cac380a83412ef9 to remote] conn.PoolingHttpClientConnectionManager 320 - Connection [id: 9][route: {}->http://localhost:9456] can be kept alive indefinitely
12-18-2019 14:22:34 PoolingHttpClientConnectionManager.java DEBUG [Forwarding findElement on session 367282c6836a29bc4cac380a83412ef9 to remote] conn.PoolingHttpClientConnectionManager 326 - Connection released: [id: 9][route: {}->http://localhost:9456][total kept alive: 1; route allocated: 1 of 2000; total allocated: 1 of 2000]
12-18-2019 14:22:34 RequestAddCookies.java DEBUG [Forwarding executeScript on session 367282c6836a29bc4cac380a83412ef9 to remote] protocol.RequestAddCookies 123 - CookieSpec selected: default
12-18-2019 14:22:34 RequestAuthCache.java DEBUG [Forwarding executeScript on session 367282c6836a29bc4cac380a83412ef9 to remote] protocol.RequestAuthCache 77 - Auth cache not set in the context
12-18-2019 14:22:34 PoolingHttpClientConnectionManager.java DEBUG [Forwarding executeScript on session 367282c6836a29bc4cac380a83412ef9 to remote] conn.PoolingHttpClientConnectionManager 255 - Connection request: [route: {}->http://localhost:9456][total kept alive: 1; route allocated: 1 of 2000; total allocated: 1 of 2000]
12-18-2019 14:22:34 PoolingHttpClientConnectionManager.java DEBUG [Forwarding executeScript on session 367282c6836a29bc4cac380a83412ef9 to remote] conn.PoolingHttpClientConnectionManager 288 - Connection leased: [id: 9][route: {}->http://localhost:9456][total kept alive: 0; route allocated: 1 of 2000; total allocated: 1 of 2000]
12-18-2019 14:22:34 MainClientExec.java DEBUG [Forwarding executeScript on session 367282c6836a29bc4cac380a83412ef9 to remote] execchain.MainClientExec 208 - Stale connection check
12-18-2019 14:22:34 Wire.java DEBUG [Forwarding executeScript on session 367282c6836a29bc4cac380a83412ef9 to remote] http.wire 87 - http-outgoing-9 << "[read] I/O error: Read timed out"
12-18-2019 14:22:34 LoggingManagedHttpClientConnection.java DEBUG [Forwarding executeScript on session 367282c6836a29bc4cac380a83412ef9 to remote] conn.DefaultManagedHttpClientConnection 88 - http-outgoing-9: set socket timeout to 10800000
12-18-2019 14:22:34 MainClientExec.java DEBUG [Forwarding executeScript on session 367282c6836a29bc4cac380a83412ef9 to remote] execchain.MainClientExec 256 - Executing request POST /session/367282c6836a29bc4cac380a83412ef9/execute HTTP/1.1
12-18-2019 14:22:34 MainClientExec.java DEBUG [Forwarding executeScript on session 367282c6836a29bc4cac380a83412ef9 to remote] execchain.MainClientExec 261 - Target auth state: UNCHALLENGED
12-18-2019 14:22:34 MainClientExec.java DEBUG [Forwarding executeScript on session 367282c6836a29bc4cac380a83412ef9 to remote] execchain.MainClientExec 267 - Proxy auth state: UNCHALLENGED
12-18-2019 14:22:34 LoggingManagedHttpClientConnection.java DEBUG [Forwarding executeScript on session 367282c6836a29bc4cac380a83412ef9 to remote] http.headers 133 - http-outgoing-9 >> POST /session/367282c6836a29bc4cac380a83412ef9/execute HTTP/1.1
12-18-2019 14:22:34 LoggingManagedHttpClientConnection.java DEBUG [Forwarding executeScript on session 367282c6836a29bc4cac380a83412ef9 to remote] http.headers 136 - http-outgoing-9 >> Content-Type: application/json; charset=utf-8
12-18-2019 14:22:34 LoggingManagedHttpClientConnection.java DEBUG [Forwarding executeScript on session 367282c6836a29bc4cac380a83412ef9 to remote] http.headers 136 - http-outgoing-9 >> Content-Length: 139
12-18-2019 14:22:34 LoggingManagedHttpClientConnection.java DEBUG [Forwarding executeScript on session 367282c6836a29bc4cac380a83412ef9 to remote] http.headers 136 - http-outgoing-9 >> Host: localhost:9456
12-18-2019 14:22:34 LoggingManagedHttpClientConnection.java DEBUG [Forwarding executeScript on session 367282c6836a29bc4cac380a83412ef9 to remote] http.headers 136 - http-outgoing-9 >> Connection: Keep-Alive
12-18-2019 14:22:34 LoggingManagedHttpClientConnection.java DEBUG [Forwarding executeScript on session 367282c6836a29bc4cac380a83412ef9 to remote] http.headers 136 - http-outgoing-9 >> User-Agent: Apache-HttpClient/4.5.3 (Java/11.0.5)
12-18-2019 14:22:34 LoggingManagedHttpClientConnection.java DEBUG [Forwarding executeScript on session 367282c6836a29bc4cac380a83412ef9 to remote] http.headers 136 - http-outgoing-9 >> Accept-Encoding: gzip,deflate
12-18-2019 14:22:34 Wire.java DEBUG [Forwarding executeScript on session 367282c6836a29bc4cac380a83412ef9 to remote] http.wire 73 - http-outgoing-9 >> "POST /session/367282c6836a29bc4cac380a83412ef9/execute HTTP/1.1[\r][\n]"
12-18-2019 14:22:34 Wire.java DEBUG [Forwarding executeScript on session 367282c6836a29bc4cac380a83412ef9 to remote] http.wire 73 - http-outgoing-9 >> "Content-Type: application/json; charset=utf-8[\r][\n]"
12-18-2019 14:22:34 Wire.java DEBUG [Forwarding executeScript on session 367282c6836a29bc4cac380a83412ef9 to remote] http.wire 73 - http-outgoing-9 >> "Content-Length: 139[\r][\n]"
12-18-2019 14:22:34 Wire.java DEBUG [Forwarding executeScript on session 367282c6836a29bc4cac380a83412ef9 to remote] http.wire 73 - http-outgoing-9 >> "Host: localhost:9456[\r][\n]"
12-18-2019 14:22:34 Wire.java DEBUG [Forwarding executeScript on session 367282c6836a29bc4cac380a83412ef9 to remote] http.wire 73 - http-outgoing-9 >> "Connection: Keep-Alive[\r][\n]"
12-18-2019 14:22:34 Wire.java DEBUG [Forwarding executeScript on session 367282c6836a29bc4cac380a83412ef9 to remote] http.wire 73 - http-outgoing-9 >> "User-Agent: Apache-HttpClient/4.5.3 (Java/11.0.5)[\r][\n]"
12-18-2019 14:22:34 Wire.java DEBUG [Forwarding executeScript on session 367282c6836a29bc4cac380a83412ef9 to remote] http.wire 73 - http-outgoing-9 >> "Accept-Encoding: gzip,deflate[\r][\n]"
12-18-2019 14:22:34 Wire.java DEBUG [Forwarding executeScript on session 367282c6836a29bc4cac380a83412ef9 to remote] http.wire 73 - http-outgoing-9 >> "[\r][\n]"
12-18-2019 14:22:34 Wire.java DEBUG [Forwarding executeScript on session 367282c6836a29bc4cac380a83412ef9 to remote] http.wire 87 - http-outgoing-9 >> "{"script":"arguments[0].click();","args":[{"ELEMENT":"0.3885515248084539-2","element-6066-11e4-a52e-4f735466cecf":"0.3885515248084539-2"}]}"
12-18-2019 14:22:38 Wire.java DEBUG [Forwarding executeScript on session 367282c6836a29bc4cac380a83412ef9 to remote] http.wire 73 - http-outgoing-9 << "HTTP/1.1 200 OK[\r][\n]"
12-18-2019 14:22:38 Wire.java DEBUG [Forwarding executeScript on session 367282c6836a29bc4cac380a83412ef9 to remote] http.wire 73 - http-outgoing-9 << "Content-Length:72[\r][\n]"
12-18-2019 14:22:38 Wire.java DEBUG [Forwarding executeScript on session 367282c6836a29bc4cac380a83412ef9 to remote] http.wire 73 - http-outgoing-9 << "Content-Type:application/json; charset=utf-8[\r][\n]"
12-18-2019 14:22:38 Wire.java DEBUG [Forwarding executeScript on session 367282c6836a29bc4cac380a83412ef9 to remote] http.wire 73 - http-outgoing-9 << "[\r][\n]"
12-18-2019 14:22:38 Wire.java DEBUG [Forwarding executeScript on session 367282c6836a29bc4cac380a83412ef9 to remote] http.wire 87 - http-outgoing-9 << "{"sessionId":"367282c6836a29bc4cac380a83412ef9","status":0,"value":null}"
12-18-2019 14:22:38 LoggingManagedHttpClientConnection.java DEBUG [Forwarding executeScript on session 367282c6836a29bc4cac380a83412ef9 to remote] http.headers 122 - http-outgoing-9 << HTTP/1.1 200 OK
12-18-2019 14:22:38 LoggingManagedHttpClientConnection.java DEBUG [Forwarding executeScript on session 367282c6836a29bc4cac380a83412ef9 to remote] http.headers 125 - http-outgoing-9 << Content-Length:72
12-18-2019 14:22:38 LoggingManagedHttpClientConnection.java DEBUG [Forwarding executeScript on session 367282c6836a29bc4cac380a83412ef9 to remote] http.headers 125 - http-outgoing-9 << Content-Type:application/json; charset=utf-8
12-18-2019 14:22:38 MainClientExec.java DEBUG [Forwarding executeScript on session 367282c6836a29bc4cac380a83412ef9 to remote] execchain.MainClientExec 285 - Connection can be kept alive indefinitely
12-18-2019 14:22:38 PoolingHttpClientConnectionManager.java DEBUG [Forwarding executeScript on session 367282c6836a29bc4cac380a83412ef9 to remote] conn.PoolingHttpClientConnectionManager 320 - Connection [id: 9][route: {}->http://localhost:9456] can be kept alive indefinitely
12-18-2019 14:22:38 PoolingHttpClientConnectionManager.java DEBUG [Forwarding executeScript on session 367282c6836a29bc4cac380a83412ef9 to remote] conn.PoolingHttpClientConnectionManager 326 - Connection released: [id: 9][route: {}->http://localhost:9456][total kept alive: 1; route allocated: 1 of 2000; total allocated: 1 of 2000]
12-18-2019 14:22:38 BaseClass.java INFO  [main] base.BaseClass 109 - clicking webelement using JS
12-18-2019 14:22:40 RequestAddCookies.java DEBUG [Forwarding findElement on session 367282c6836a29bc4cac380a83412ef9 to remote] protocol.RequestAddCookies 123 - CookieSpec selected: default
12-18-2019 14:22:40 RequestAuthCache.java DEBUG [Forwarding findElement on session 367282c6836a29bc4cac380a83412ef9 to remote] protocol.RequestAuthCache 77 - Auth cache not set in the context
12-18-2019 14:22:40 PoolingHttpClientConnectionManager.java DEBUG [Forwarding findElement on session 367282c6836a29bc4cac380a83412ef9 to remote] conn.PoolingHttpClientConnectionManager 255 - Connection request: [route: {}->http://localhost:9456][total kept alive: 1; route allocated: 1 of 2000; total allocated: 1 of 2000]
12-18-2019 14:22:40 Wire.java DEBUG [Forwarding findElement on session 367282c6836a29bc4cac380a83412ef9 to remote] http.wire 87 - http-outgoing-9 << "[read] I/O error: Read timed out"
12-18-2019 14:22:40 PoolingHttpClientConnectionManager.java DEBUG [Forwarding findElement on session 367282c6836a29bc4cac380a83412ef9 to remote] conn.PoolingHttpClientConnectionManager 288 - Connection leased: [id: 9][route: {}->http://localhost:9456][total kept alive: 0; route allocated: 1 of 2000; total allocated: 1 of 2000]
12-18-2019 14:22:40 MainClientExec.java DEBUG [Forwarding findElement on session 367282c6836a29bc4cac380a83412ef9 to remote] execchain.MainClientExec 208 - Stale connection check
12-18-2019 14:22:40 Wire.java DEBUG [Forwarding findElement on session 367282c6836a29bc4cac380a83412ef9 to remote] http.wire 87 - http-outgoing-9 << "[read] I/O error: Read timed out"
12-18-2019 14:22:40 LoggingManagedHttpClientConnection.java DEBUG [Forwarding findElement on session 367282c6836a29bc4cac380a83412ef9 to remote] conn.DefaultManagedHttpClientConnection 88 - http-outgoing-9: set socket timeout to 10800000
12-18-2019 14:22:40 MainClientExec.java DEBUG [Forwarding findElement on session 367282c6836a29bc4cac380a83412ef9 to remote] execchain.MainClientExec 256 - Executing request POST /session/367282c6836a29bc4cac380a83412ef9/element HTTP/1.1
12-18-2019 14:22:40 MainClientExec.java DEBUG [Forwarding findElement on session 367282c6836a29bc4cac380a83412ef9 to remote] execchain.MainClientExec 261 - Target auth state: UNCHALLENGED
12-18-2019 14:22:40 MainClientExec.java DEBUG [Forwarding findElement on session 367282c6836a29bc4cac380a83412ef9 to remote] execchain.MainClientExec 267 - Proxy auth state: UNCHALLENGED
12-18-2019 14:22:40 LoggingManagedHttpClientConnection.java DEBUG [Forwarding findElement on session 367282c6836a29bc4cac380a83412ef9 to remote] http.headers 133 - http-outgoing-9 >> POST /session/367282c6836a29bc4cac380a83412ef9/element HTTP/1.1
12-18-2019 14:22:40 LoggingManagedHttpClientConnection.java DEBUG [Forwarding findElement on session 367282c6836a29bc4cac380a83412ef9 to remote] http.headers 136 - http-outgoing-9 >> Content-Type: application/json; charset=utf-8
12-18-2019 14:22:40 LoggingManagedHttpClientConnection.java DEBUG [Forwarding findElement on session 367282c6836a29bc4cac380a83412ef9 to remote] http.headers 136 - http-outgoing-9 >> Content-Length: 148
12-18-2019 14:22:40 LoggingManagedHttpClientConnection.java DEBUG [Forwarding findElement on session 367282c6836a29bc4cac380a83412ef9 to remote] http.headers 136 - http-outgoing-9 >> Host: localhost:9456
12-18-2019 14:22:40 LoggingManagedHttpClientConnection.java DEBUG [Forwarding findElement on session 367282c6836a29bc4cac380a83412ef9 to remote] http.headers 136 - http-outgoing-9 >> Connection: Keep-Alive
12-18-2019 14:22:40 LoggingManagedHttpClientConnection.java DEBUG [Forwarding findElement on session 367282c6836a29bc4cac380a83412ef9 to remote] http.headers 136 - http-outgoing-9 >> User-Agent: Apache-HttpClient/4.5.3 (Java/11.0.5)
12-18-2019 14:22:40 LoggingManagedHttpClientConnection.java DEBUG [Forwarding findElement on session 367282c6836a29bc4cac380a83412ef9 to remote] http.headers 136 - http-outgoing-9 >> Accept-Encoding: gzip,deflate
12-18-2019 14:22:40 Wire.java DEBUG [Forwarding findElement on session 367282c6836a29bc4cac380a83412ef9 to remote] http.wire 73 - http-outgoing-9 >> "POST /session/367282c6836a29bc4cac380a83412ef9/element HTTP/1.1[\r][\n]"
12-18-2019 14:22:40 Wire.java DEBUG [Forwarding findElement on session 367282c6836a29bc4cac380a83412ef9 to remote] http.wire 73 - http-outgoing-9 >> "Content-Type: application/json; charset=utf-8[\r][\n]"
12-18-2019 14:22:40 Wire.java DEBUG [Forwarding findElement on session 367282c6836a29bc4cac380a83412ef9 to remote] http.wire 73 - http-outgoing-9 >> "Content-Length: 148[\r][\n]"
12-18-2019 14:22:40 Wire.java DEBUG [Forwarding findElement on session 367282c6836a29bc4cac380a83412ef9 to remote] http.wire 73 - http-outgoing-9 >> "Host: localhost:9456[\r][\n]"
12-18-2019 14:22:40 Wire.java DEBUG [Forwarding findElement on session 367282c6836a29bc4cac380a83412ef9 to remote] http.wire 73 - http-outgoing-9 >> "Connection: Keep-Alive[\r][\n]"
12-18-2019 14:22:40 Wire.java DEBUG [Forwarding findElement on session 367282c6836a29bc4cac380a83412ef9 to remote] http.wire 73 - http-outgoing-9 >> "User-Agent: Apache-HttpClient/4.5.3 (Java/11.0.5)[\r][\n]"
12-18-2019 14:22:40 Wire.java DEBUG [Forwarding findElement on session 367282c6836a29bc4cac380a83412ef9 to remote] http.wire 73 - http-outgoing-9 >> "Accept-Encoding: gzip,deflate[\r][\n]"
12-18-2019 14:22:40 Wire.java DEBUG [Forwarding findElement on session 367282c6836a29bc4cac380a83412ef9 to remote] http.wire 73 - http-outgoing-9 >> "[\r][\n]"
12-18-2019 14:22:40 Wire.java DEBUG [Forwarding findElement on session 367282c6836a29bc4cac380a83412ef9 to remote] http.wire 87 - http-outgoing-9 >> "{"using":"xpath","value":"//div[@class\u003d\u0027multi-select-container\u0027]/child::span[text()[normalize-space()\u003d\u0027Country\u0027]]/.."}"
12-18-2019 14:22:50 Wire.java DEBUG [Forwarding findElement on session 367282c6836a29bc4cac380a83412ef9 to remote] http.wire 73 - http-outgoing-9 << "HTTP/1.1 200 OK[\r][\n]"
12-18-2019 14:22:50 Wire.java DEBUG [Forwarding findElement on session 367282c6836a29bc4cac380a83412ef9 to remote] http.wire 73 - http-outgoing-9 << "Content-Length:413[\r][\n]"
12-18-2019 14:22:50 Wire.java DEBUG [Forwarding findElement on session 367282c6836a29bc4cac380a83412ef9 to remote] http.wire 73 - http-outgoing-9 << "Content-Type:application/json; charset=utf-8[\r][\n]"
12-18-2019 14:22:50 Wire.java DEBUG [Forwarding findElement on session 367282c6836a29bc4cac380a83412ef9 to remote] http.wire 73 - http-outgoing-9 << "[\r][\n]"
12-18-2019 14:22:50 Wire.java DEBUG [Forwarding findElement on session 367282c6836a29bc4cac380a83412ef9 to remote] http.wire 87 - http-outgoing-9 << "{"sessionId":"367282c6836a29bc4cac380a83412ef9","status":7,"value":{"message":"no such element: Unable to locate element: {\"method\":\"xpath\",\"selector\":\"//div[@class='multi-select-container']/child::span[text()[normalize-space()='Country']]/..\"}\n  (Session info: chrome=79.0.3945.88)\n  (Driver info: chromedriver=2.41.578706 (5f725d1b4f0a4acbf5259df887244095596231db),platform=Mac OS X 10.13.6 x86_64)"}}"
12-18-2019 14:22:50 LoggingManagedHttpClientConnection.java DEBUG [Forwarding findElement on session 367282c6836a29bc4cac380a83412ef9 to remote] http.headers 122 - http-outgoing-9 << HTTP/1.1 200 OK
12-18-2019 14:22:50 LoggingManagedHttpClientConnection.java DEBUG [Forwarding findElement on session 367282c6836a29bc4cac380a83412ef9 to remote] http.headers 125 - http-outgoing-9 << Content-Length:413
12-18-2019 14:22:50 LoggingManagedHttpClientConnection.java DEBUG [Forwarding findElement on session 367282c6836a29bc4cac380a83412ef9 to remote] http.headers 125 - http-outgoing-9 << Content-Type:application/json; charset=utf-8
12-18-2019 14:22:50 MainClientExec.java DEBUG [Forwarding findElement on session 367282c6836a29bc4cac380a83412ef9 to remote] execchain.MainClientExec 285 - Connection can be kept alive indefinitely
12-18-2019 14:22:50 PoolingHttpClientConnectionManager.java DEBUG [Forwarding findElement on session 367282c6836a29bc4cac380a83412ef9 to remote] conn.PoolingHttpClientConnectionManager 320 - Connection [id: 9][route: {}->http://localhost:9456] can be kept alive indefinitely
12-18-2019 14:22:50 PoolingHttpClientConnectionManager.java DEBUG [Forwarding findElement on session 367282c6836a29bc4cac380a83412ef9 to remote] conn.PoolingHttpClientConnectionManager 326 - Connection released: [id: 9][route: {}->http://localhost:9456][total kept alive: 1; route allocated: 1 of 2000; total allocated: 1 of 2000]
]]></system-out>
    <system-err><![CDATA[Starting ChromeDriver 2.41.578706 (5f725d1b4f0a4acbf5259df887244095596231db) on port 9456
Only local connections are allowed.
Dec 18, 2019 2:22:30 PM org.openqa.selenium.remote.ProtocolHandshake createSession
INFO: Detected dialect: OSS
]]></system-err>
  </testcase>
  <testcase name="verifyJobSearch" classname="com.thoughtwork.practice.testcases.JobSearchPageTest" time="2.237"/>
</testsuite>