<?xml version="1.0" encoding="UTF-8"?>
<testsuite xmlns:xsi="http://www.w3.org/2001/XMLSchema-instance" xsi:noNamespaceSchemaLocation="https://maven.apache.org/surefire/maven-surefire-plugin/xsd/surefire-test-report-3.0.xsd" version="3.0" name="TestSuite" time="157.954" tests="11" errors="0" skipped="0" failures="2">
  <properties>
[...]
</properties>
  <testcase name="brokenLinksCheck" classname="com.thoughtwork.practice.testcases.HomePageTest" time="16.495"/>
  <testcase name="careerTabCheck" classname="com.thoughtwork.practice.testcases.HomePageTest" time="0.071"/>
  <testcase name="clickCareerTabTest" classname="com.thoughtwork.practice.testcases.HomePageTest" time="9.476"/>
  <testcase name="homePageTitletest" classname="com.thoughtwork.practice.testcases.HomePageTest" time="0.033"/>
  <testcase name="searchJobLinkTest" classname="com.thoughtwork.practice.testcases.HomePageTest" time="5.086"/>
  <testcase name="jobSearchPageTitle" classname="com.thoughtwork.practice.testcases.JobSearchPageTest" time="0.026"/>
  <testcase name="jobSearchPageURL" classname="com.thoughtwork.practice.testcases.JobSearchPageTest" time="0.032"/>
  <testcase name="isJobSearchTextBoxDisplayed" classname="com.thoughtwork.practice.testcases.JobSearchPageTest" time="0.046"/>
  <testcase name="isCountrySelectorDisplayed" classname="com.thoughtwork.practice.testcases.JobSearchPageTest" time="12.053">
    <failure message="no such element: Unable to locate element: {&quot;method&quot;:&quot;xpath&quot;,&quot;selector&quot;:&quot;//div[@class=&apos;multi-select-container&apos;]/child::span[text()[normalize-space()=&apos;Country&apos;]]/..&quot;}&#10;  (Session info: chrome=79.0.3945.88)&#10;  (Driver info: chromedriver=2.41.578706 (5f725d1b4f0a4acbf5259df887244095596231db),platform=Mac OS X 10.13.6 x86_64) (WARNING: The server did not provide any stacktrace information)&#10;Command duration or timeout: 0 milliseconds&#10;For documentation on this error, please visit: http://seleniumhq.org/exceptions/no_such_element.html&#10;Build info: version: &apos;3.8.0&apos;, revision: &apos;924c4067df&apos;, time: &apos;2017-11-30T11:20:39.408Z&apos;&#10;System info: host: &apos;SDS-SARATH-KJ-MAC.Dlink&apos;, ip: &apos;fd01:0:0:0:80d4:9d49:4ee0:3b1b%en0&apos;, os.name: &apos;Mac OS X&apos;, os.arch: &apos;x86_64&apos;, os.version: &apos;10.13.6&apos;, java.version: &apos;10.0.2&apos;&#10;Driver info: org.openqa.selenium.chrome.ChromeDriver&#10;Capabilities {acceptInsecureCerts: false, acceptSslCerts: false, applicationCacheEnabled: false, browserConnectionEnabled: false, browserName: chrome, chrome: {chromedriverVersion: 2.41.578706 (5f725d1b4f0a4a..., userDataDir: /var/folders/lg/yztw58bx17z...}, cssSelectorsEnabled: true, databaseEnabled: false, goog:chromeOptions: {debuggerAddress: localhost:65456}, handlesAlerts: true, hasTouchScreen: false, javascriptEnabled: true, locationContextEnabled: true, mobileEmulationEnabled: false, nativeEvents: true, networkConnectionEnabled: false, pageLoadStrategy: normal, platform: MAC, platformName: MAC, rotatable: false, setWindowRect: true, takesHeapSnapshot: true, takesScreenshot: true, unexpectedAlertBehaviour: , unhandledPromptBehavior: , version: 79.0.3945.88, webStorageEnabled: true}&#10;Session ID: be7304810a36c7bf6b9ffda6d8fc6e58&#10;*** Element info: {Using=xpath, value=//div[@class=&apos;multi-select-container&apos;]/child::span[text()[normalize-space()=&apos;Country&apos;]]/..}" type="org.openqa.selenium.NoSuchElementException"><![CDATA[org.openqa.selenium.NoSuchElementException: 
no such element: Unable to locate element: {"method":"xpath","selector":"//div[@class='multi-select-container']/child::span[text()[normalize-space()='Country']]/.."}
  (Session info: chrome=79.0.3945.88)
  (Driver info: chromedriver=2.41.578706 (5f725d1b4f0a4acbf5259df887244095596231db),platform=Mac OS X 10.13.6 x86_64) (WARNING: The server did not provide any stacktrace information)
Command duration or timeout: 0 milliseconds
For documentation on this error, please visit: http://seleniumhq.org/exceptions/no_such_element.html
Build info: version: '3.8.0', revision: '924c4067df', time: '2017-11-30T11:20:39.408Z'
System info: host: 'SDS-SARATH-KJ-MAC.Dlink', ip: 'fd01:0:0:0:80d4:9d49:4ee0:3b1b%en0', os.name: 'Mac OS X', os.arch: 'x86_64', os.version: '10.13.6', java.version: '10.0.2'
Driver info: org.openqa.selenium.chrome.ChromeDriver
Capabilities {acceptInsecureCerts: false, acceptSslCerts: false, applicationCacheEnabled: false, browserConnectionEnabled: false, browserName: chrome, chrome: {chromedriverVersion: 2.41.578706 (5f725d1b4f0a4a..., userDataDir: /var/folders/lg/yztw58bx17z...}, cssSelectorsEnabled: true, databaseEnabled: false, goog:chromeOptions: {debuggerAddress: localhost:65456}, handlesAlerts: true, hasTouchScreen: false, javascriptEnabled: true, locationContextEnabled: true, mobileEmulationEnabled: false, nativeEvents: true, networkConnectionEnabled: false, pageLoadStrategy: normal, platform: MAC, platformName: MAC, rotatable: false, setWindowRect: true, takesHeapSnapshot: true, takesScreenshot: true, unexpectedAlertBehaviour: , unhandledPromptBehavior: , version: 79.0.3945.88, webStorageEnabled: true}
Session ID: be7304810a36c7bf6b9ffda6d8fc6e58
*** Element info: {Using=xpath, value=//div[@class='multi-select-container']/child::span[text()[normalize-space()='Country']]/..}
	at com.thoughtwork.practice.testcases.JobSearchPageTest.isCountrySelectorDisplayed(JobSearchPageTest.java:49)
]]></failure>
    <system-out><![CDATA[12-18-2019 13:42:51 RequestAddCookies.java DEBUG [Forwarding quit on session dacfd3e9ceb281c4f48b56b713b97423 to remote] protocol.RequestAddCookies 123 - CookieSpec selected: default
12-18-2019 13:42:51 RequestAuthCache.java DEBUG [Forwarding quit on session dacfd3e9ceb281c4f48b56b713b97423 to remote] protocol.RequestAuthCache 77 - Auth cache not set in the context
12-18-2019 13:42:51 PoolingHttpClientConnectionManager.java DEBUG [Forwarding quit on session dacfd3e9ceb281c4f48b56b713b97423 to remote] conn.PoolingHttpClientConnectionManager 255 - Connection request: [route: {}->http://localhost:35018][total kept alive: 1; route allocated: 1 of 2000; total allocated: 1 of 2000]
12-18-2019 13:42:51 PoolingHttpClientConnectionManager.java DEBUG [Forwarding quit on session dacfd3e9ceb281c4f48b56b713b97423 to remote] conn.PoolingHttpClientConnectionManager 288 - Connection leased: [id: 7][route: {}->http://localhost:35018][total kept alive: 0; route allocated: 1 of 2000; total allocated: 1 of 2000]
12-18-2019 13:42:51 MainClientExec.java DEBUG [Forwarding quit on session dacfd3e9ceb281c4f48b56b713b97423 to remote] execchain.MainClientExec 208 - Stale connection check
12-18-2019 13:42:51 Wire.java DEBUG [Forwarding quit on session dacfd3e9ceb281c4f48b56b713b97423 to remote] http.wire 87 - http-outgoing-7 << "[read] I/O error: Read timed out"
12-18-2019 13:42:51 LoggingManagedHttpClientConnection.java DEBUG [Forwarding quit on session dacfd3e9ceb281c4f48b56b713b97423 to remote] conn.DefaultManagedHttpClientConnection 88 - http-outgoing-7: set socket timeout to 10800000
12-18-2019 13:42:51 MainClientExec.java DEBUG [Forwarding quit on session dacfd3e9ceb281c4f48b56b713b97423 to remote] execchain.MainClientExec 256 - Executing request DELETE /session/dacfd3e9ceb281c4f48b56b713b97423 HTTP/1.1
12-18-2019 13:42:51 MainClientExec.java DEBUG [Forwarding quit on session dacfd3e9ceb281c4f48b56b713b97423 to remote] execchain.MainClientExec 261 - Target auth state: UNCHALLENGED
12-18-2019 13:42:51 MainClientExec.java DEBUG [Forwarding quit on session dacfd3e9ceb281c4f48b56b713b97423 to remote] execchain.MainClientExec 267 - Proxy auth state: UNCHALLENGED
12-18-2019 13:42:51 LoggingManagedHttpClientConnection.java DEBUG [Forwarding quit on session dacfd3e9ceb281c4f48b56b713b97423 to remote] http.headers 133 - http-outgoing-7 >> DELETE /session/dacfd3e9ceb281c4f48b56b713b97423 HTTP/1.1
12-18-2019 13:42:51 LoggingManagedHttpClientConnection.java DEBUG [Forwarding quit on session dacfd3e9ceb281c4f48b56b713b97423 to remote] http.headers 136 - http-outgoing-7 >> Host: localhost:35018
12-18-2019 13:42:51 LoggingManagedHttpClientConnection.java DEBUG [Forwarding quit on session dacfd3e9ceb281c4f48b56b713b97423 to remote] http.headers 136 - http-outgoing-7 >> Connection: Keep-Alive
12-18-2019 13:42:51 LoggingManagedHttpClientConnection.java DEBUG [Forwarding quit on session dacfd3e9ceb281c4f48b56b713b97423 to remote] http.headers 136 - http-outgoing-7 >> User-Agent: Apache-HttpClient/4.5.3 (Java/10.0.2)
12-18-2019 13:42:51 LoggingManagedHttpClientConnection.java DEBUG [Forwarding quit on session dacfd3e9ceb281c4f48b56b713b97423 to remote] http.headers 136 - http-outgoing-7 >> Accept-Encoding: gzip,deflate
12-18-2019 13:42:51 Wire.java DEBUG [Forwarding quit on session dacfd3e9ceb281c4f48b56b713b97423 to remote] http.wire 73 - http-outgoing-7 >> "DELETE /session/dacfd3e9ceb281c4f48b56b713b97423 HTTP/1.1[\r][\n]"
12-18-2019 13:42:51 Wire.java DEBUG [Forwarding quit on session dacfd3e9ceb281c4f48b56b713b97423 to remote] http.wire 73 - http-outgoing-7 >> "Host: localhost:35018[\r][\n]"
12-18-2019 13:42:51 Wire.java DEBUG [Forwarding quit on session dacfd3e9ceb281c4f48b56b713b97423 to remote] http.wire 73 - http-outgoing-7 >> "Connection: Keep-Alive[\r][\n]"
12-18-2019 13:42:51 Wire.java DEBUG [Forwarding quit on session dacfd3e9ceb281c4f48b56b713b97423 to remote] http.wire 73 - http-outgoing-7 >> "User-Agent: Apache-HttpClient/4.5.3 (Java/10.0.2)[\r][\n]"
12-18-2019 13:42:51 Wire.java DEBUG [Forwarding quit on session dacfd3e9ceb281c4f48b56b713b97423 to remote] http.wire 73 - http-outgoing-7 >> "Accept-Encoding: gzip,deflate[\r][\n]"
12-18-2019 13:42:51 Wire.java DEBUG [Forwarding quit on session dacfd3e9ceb281c4f48b56b713b97423 to remote] http.wire 73 - http-outgoing-7 >> "[\r][\n]"
12-18-2019 13:42:51 Wire.java DEBUG [Forwarding quit on session dacfd3e9ceb281c4f48b56b713b97423 to remote] http.wire 73 - http-outgoing-7 << "HTTP/1.1 200 OK[\r][\n]"
12-18-2019 13:42:51 Wire.java DEBUG [Forwarding quit on session dacfd3e9ceb281c4f48b56b713b97423 to remote] http.wire 73 - http-outgoing-7 << "Content-Length:72[\r][\n]"
12-18-2019 13:42:51 Wire.java DEBUG [Forwarding quit on session dacfd3e9ceb281c4f48b56b713b97423 to remote] http.wire 73 - http-outgoing-7 << "Content-Type:application/json; charset=utf-8[\r][\n]"
12-18-2019 13:42:51 Wire.java DEBUG [Forwarding quit on session dacfd3e9ceb281c4f48b56b713b97423 to remote] http.wire 73 - http-outgoing-7 << "[\r][\n]"
12-18-2019 13:42:51 Wire.java DEBUG [Forwarding quit on session dacfd3e9ceb281c4f48b56b713b97423 to remote] http.wire 87 - http-outgoing-7 << "{"sessionId":"dacfd3e9ceb281c4f48b56b713b97423","status":0,"value":null}"
12-18-2019 13:42:51 LoggingManagedHttpClientConnection.java DEBUG [Forwarding quit on session dacfd3e9ceb281c4f48b56b713b97423 to remote] http.headers 122 - http-outgoing-7 << HTTP/1.1 200 OK
12-18-2019 13:42:51 LoggingManagedHttpClientConnection.java DEBUG [Forwarding quit on session dacfd3e9ceb281c4f48b56b713b97423 to remote] http.headers 125 - http-outgoing-7 << Content-Length:72
12-18-2019 13:42:51 LoggingManagedHttpClientConnection.java DEBUG [Forwarding quit on session dacfd3e9ceb281c4f48b56b713b97423 to remote] http.headers 125 - http-outgoing-7 << Content-Type:application/json; charset=utf-8
12-18-2019 13:42:51 MainClientExec.java DEBUG [Forwarding quit on session dacfd3e9ceb281c4f48b56b713b97423 to remote] execchain.MainClientExec 285 - Connection can be kept alive indefinitely
12-18-2019 13:42:51 PoolingHttpClientConnectionManager.java DEBUG [Forwarding quit on session dacfd3e9ceb281c4f48b56b713b97423 to remote] conn.PoolingHttpClientConnectionManager 320 - Connection [id: 7][route: {}->http://localhost:35018] can be kept alive indefinitely
12-18-2019 13:42:51 PoolingHttpClientConnectionManager.java DEBUG [Forwarding quit on session dacfd3e9ceb281c4f48b56b713b97423 to remote] conn.PoolingHttpClientConnectionManager 326 - Connection released: [id: 7][route: {}->http://localhost:35018][total kept alive: 1; route allocated: 1 of 2000; total allocated: 1 of 2000]
12-18-2019 13:42:51 PoolingHttpClientConnectionManager.java DEBUG [Forwarding quit on session dacfd3e9ceb281c4f48b56b713b97423 to remote] conn.PoolingHttpClientConnectionManager 407 - Closing connections idle longer than 0 SECONDS
12-18-2019 13:42:51 LoggingManagedHttpClientConnection.java DEBUG [Forwarding quit on session dacfd3e9ceb281c4f48b56b713b97423 to remote] conn.DefaultManagedHttpClientConnection 79 - http-outgoing-7: Close connection
12-18-2019 13:42:51 RequestAddCookies.java DEBUG [Forwarding newSession on session null to remote] protocol.RequestAddCookies 123 - CookieSpec selected: default
12-18-2019 13:42:51 RequestAuthCache.java DEBUG [Forwarding newSession on session null to remote] protocol.RequestAuthCache 77 - Auth cache not set in the context
12-18-2019 13:42:51 PoolingHttpClientConnectionManager.java DEBUG [Forwarding newSession on session null to remote] conn.PoolingHttpClientConnectionManager 255 - Connection request: [route: {}->http://localhost:18753][total kept alive: 0; route allocated: 0 of 2000; total allocated: 0 of 2000]
12-18-2019 13:42:51 PoolingHttpClientConnectionManager.java DEBUG [Forwarding newSession on session null to remote] conn.PoolingHttpClientConnectionManager 288 - Connection leased: [id: 8][route: {}->http://localhost:18753][total kept alive: 0; route allocated: 1 of 2000; total allocated: 1 of 2000]
12-18-2019 13:42:51 MainClientExec.java DEBUG [Forwarding newSession on session null to remote] execchain.MainClientExec 235 - Opening connection {}->http://localhost:18753
12-18-2019 13:42:51 DefaultHttpClientConnectionOperator.java DEBUG [Forwarding newSession on session null to remote] conn.DefaultHttpClientConnectionOperator 139 - Connecting to localhost/127.0.0.1:18753
12-18-2019 13:42:51 DefaultHttpClientConnectionOperator.java DEBUG [Forwarding newSession on session null to remote] conn.DefaultHttpClientConnectionOperator 146 - Connection established 127.0.0.1:65455<->127.0.0.1:18753
12-18-2019 13:42:51 LoggingManagedHttpClientConnection.java DEBUG [Forwarding newSession on session null to remote] conn.DefaultManagedHttpClientConnection 88 - http-outgoing-8: set socket timeout to 10800000
12-18-2019 13:42:51 MainClientExec.java DEBUG [Forwarding newSession on session null to remote] execchain.MainClientExec 256 - Executing request POST /session HTTP/1.1
12-18-2019 13:42:51 MainClientExec.java DEBUG [Forwarding newSession on session null to remote] execchain.MainClientExec 261 - Target auth state: UNCHALLENGED
12-18-2019 13:42:51 MainClientExec.java DEBUG [Forwarding newSession on session null to remote] execchain.MainClientExec 267 - Proxy auth state: UNCHALLENGED
12-18-2019 13:42:51 LoggingManagedHttpClientConnection.java DEBUG [Forwarding newSession on session null to remote] http.headers 133 - http-outgoing-8 >> POST /session HTTP/1.1
12-18-2019 13:42:51 LoggingManagedHttpClientConnection.java DEBUG [Forwarding newSession on session null to remote] http.headers 136 - http-outgoing-8 >> Content-Type: application/json; charset=utf-8
12-18-2019 13:42:51 LoggingManagedHttpClientConnection.java DEBUG [Forwarding newSession on session null to remote] http.headers 136 - http-outgoing-8 >> Content-Length: 335
12-18-2019 13:42:51 LoggingManagedHttpClientConnection.java DEBUG [Forwarding newSession on session null to remote] http.headers 136 - http-outgoing-8 >> Host: localhost:18753
12-18-2019 13:42:51 LoggingManagedHttpClientConnection.java DEBUG [Forwarding newSession on session null to remote] http.headers 136 - http-outgoing-8 >> Connection: Keep-Alive
12-18-2019 13:42:51 LoggingManagedHttpClientConnection.java DEBUG [Forwarding newSession on session null to remote] http.headers 136 - http-outgoing-8 >> User-Agent: Apache-HttpClient/4.5.3 (Java/10.0.2)
12-18-2019 13:42:51 LoggingManagedHttpClientConnection.java DEBUG [Forwarding newSession on session null to remote] http.headers 136 - http-outgoing-8 >> Accept-Encoding: gzip,deflate
12-18-2019 13:42:51 Wire.java DEBUG [Forwarding newSession on session null to remote] http.wire 73 - http-outgoing-8 >> "POST /session HTTP/1.1[\r][\n]"
12-18-2019 13:42:51 Wire.java DEBUG [Forwarding newSession on session null to remote] http.wire 73 - http-outgoing-8 >> "Content-Type: application/json; charset=utf-8[\r][\n]"
12-18-2019 13:42:51 Wire.java DEBUG [Forwarding newSession on session null to remote] http.wire 73 - http-outgoing-8 >> "Content-Length: 335[\r][\n]"
12-18-2019 13:42:51 Wire.java DEBUG [Forwarding newSession on session null to remote] http.wire 73 - http-outgoing-8 >> "Host: localhost:18753[\r][\n]"
12-18-2019 13:42:51 Wire.java DEBUG [Forwarding newSession on session null to remote] http.wire 73 - http-outgoing-8 >> "Connection: Keep-Alive[\r][\n]"
12-18-2019 13:42:51 Wire.java DEBUG [Forwarding newSession on session null to remote] http.wire 73 - http-outgoing-8 >> "User-Agent: Apache-HttpClient/4.5.3 (Java/10.0.2)[\r][\n]"
12-18-2019 13:42:51 Wire.java DEBUG [Forwarding newSession on session null to remote] http.wire 73 - http-outgoing-8 >> "Accept-Encoding: gzip,deflate[\r][\n]"
12-18-2019 13:42:51 Wire.java DEBUG [Forwarding newSession on session null to remote] http.wire 73 - http-outgoing-8 >> "[\r][\n]"
12-18-2019 13:42:51 Wire.java DEBUG [Forwarding newSession on session null to remote] http.wire 73 - http-outgoing-8 >> "{[\n]"
12-18-2019 13:42:51 Wire.java DEBUG [Forwarding newSession on session null to remote] http.wire 73 - http-outgoing-8 >> "  "desiredCapabilities": {"browserName":"chrome","goog:chromeOptions":{"args":[],"extensions":[]}},[\n]"
12-18-2019 13:42:51 Wire.java DEBUG [Forwarding newSession on session null to remote] http.wire 73 - http-outgoing-8 >> "  "capabilities": {[\n]"
12-18-2019 13:42:51 Wire.java DEBUG [Forwarding newSession on session null to remote] http.wire 73 - http-outgoing-8 >> "    "desiredCapabilities": {"browserName":"chrome","goog:chromeOptions":{"args":[],"extensions":[]}},[\n]"
12-18-2019 13:42:51 Wire.java DEBUG [Forwarding newSession on session null to remote] http.wire 73 - http-outgoing-8 >> "    "firstMatch": [[\n]"
12-18-2019 13:42:51 Wire.java DEBUG [Forwarding newSession on session null to remote] http.wire 73 - http-outgoing-8 >> "      {"browserName":"chrome","goog:chromeOptions":{"args":[],"extensions":[]}}[\n]"
12-18-2019 13:42:51 Wire.java DEBUG [Forwarding newSession on session null to remote] http.wire 73 - http-outgoing-8 >> "    ][\n]"
12-18-2019 13:42:51 Wire.java DEBUG [Forwarding newSession on session null to remote] http.wire 73 - http-outgoing-8 >> "  }[\n]"
12-18-2019 13:42:51 Wire.java DEBUG [Forwarding newSession on session null to remote] http.wire 87 - http-outgoing-8 >> "}"
12-18-2019 13:42:52 Wire.java DEBUG [Forwarding newSession on session null to remote] http.wire 73 - http-outgoing-8 << "HTTP/1.1 200 OK[\r][\n]"
12-18-2019 13:42:52 Wire.java DEBUG [Forwarding newSession on session null to remote] http.wire 73 - http-outgoing-8 << "Content-Length:903[\r][\n]"
12-18-2019 13:42:52 Wire.java DEBUG [Forwarding newSession on session null to remote] http.wire 73 - http-outgoing-8 << "Content-Type:application/json; charset=utf-8[\r][\n]"
12-18-2019 13:42:52 Wire.java DEBUG [Forwarding newSession on session null to remote] http.wire 73 - http-outgoing-8 << "[\r][\n]"
12-18-2019 13:42:52 Wire.java DEBUG [Forwarding newSession on session null to remote] http.wire 87 - http-outgoing-8 << "{"sessionId":"be7304810a36c7bf6b9ffda6d8fc6e58","status":0,"value":{"acceptInsecureCerts":false,"acceptSslCerts":false,"applicationCacheEnabled":false,"browserConnectionEnabled":false,"browserName":"chrome","chrome":{"chromedriverVersion":"2.41.578706 (5f725d1b4f0a4acbf5259df887244095596231db)","userDataDir":"/var/folders/lg/yztw58bx17z_66mb1qnmq9d40000gp/T/.org.chromium.Chromium.ZDEaVt"},"cssSelectorsEnabled":true,"databaseEnabled":false,"goog:chromeOptions":{"debuggerAddress":"localhost:65456"},"handlesAlerts":true,"hasTouchScreen":false,"javascriptEnabled":true,"locationContextEnabled":true,"mobileEmulationEnabled":false,"nativeEvents":true,"networkConnectionEnabled":false,"pageLoadStrategy":"normal","platform":"Mac OS X","rotatable":false,"setWindowRect":true,"takesHeapSnapshot":true,"takesScreenshot":true,"unexpectedAlertBehaviour":"","version":"79.0.3945.88","webStorageEnabled":true}}"
12-18-2019 13:42:52 LoggingManagedHttpClientConnection.java DEBUG [Forwarding newSession on session null to remote] http.headers 122 - http-outgoing-8 << HTTP/1.1 200 OK
12-18-2019 13:42:52 LoggingManagedHttpClientConnection.java DEBUG [Forwarding newSession on session null to remote] http.headers 125 - http-outgoing-8 << Content-Length:903
12-18-2019 13:42:52 LoggingManagedHttpClientConnection.java DEBUG [Forwarding newSession on session null to remote] http.headers 125 - http-outgoing-8 << Content-Type:application/json; charset=utf-8
12-18-2019 13:42:52 MainClientExec.java DEBUG [Forwarding newSession on session null to remote] execchain.MainClientExec 285 - Connection can be kept alive indefinitely
12-18-2019 13:42:52 PoolingHttpClientConnectionManager.java DEBUG [Forwarding newSession on session null to remote] conn.PoolingHttpClientConnectionManager 320 - Connection [id: 8][route: {}->http://localhost:18753] can be kept alive indefinitely
12-18-2019 13:42:52 PoolingHttpClientConnectionManager.java DEBUG [Forwarding newSession on session null to remote] conn.PoolingHttpClientConnectionManager 326 - Connection released: [id: 8][route: {}->http://localhost:18753][total kept alive: 1; route allocated: 1 of 2000; total allocated: 1 of 2000]
12-18-2019 13:42:52 BaseClass.java INFO  [main] base.BaseClass 55 - Launch Chrome Browser
12-18-2019 13:42:54 RequestAddCookies.java DEBUG [Forwarding setCurrentWindowSize on session be7304810a36c7bf6b9ffda6d8fc6e58 to remote] protocol.RequestAddCookies 123 - CookieSpec selected: default
12-18-2019 13:42:54 RequestAuthCache.java DEBUG [Forwarding setCurrentWindowSize on session be7304810a36c7bf6b9ffda6d8fc6e58 to remote] protocol.RequestAuthCache 77 - Auth cache not set in the context
12-18-2019 13:42:54 PoolingHttpClientConnectionManager.java DEBUG [Forwarding setCurrentWindowSize on session be7304810a36c7bf6b9ffda6d8fc6e58 to remote] conn.PoolingHttpClientConnectionManager 255 - Connection request: [route: {}->http://localhost:18753][total kept alive: 1; route allocated: 1 of 2000; total allocated: 1 of 2000]
12-18-2019 13:42:54 Wire.java DEBUG [Forwarding setCurrentWindowSize on session be7304810a36c7bf6b9ffda6d8fc6e58 to remote] http.wire 87 - http-outgoing-8 << "[read] I/O error: Read timed out"
12-18-2019 13:42:54 PoolingHttpClientConnectionManager.java DEBUG [Forwarding setCurrentWindowSize on session be7304810a36c7bf6b9ffda6d8fc6e58 to remote] conn.PoolingHttpClientConnectionManager 288 - Connection leased: [id: 8][route: {}->http://localhost:18753][total kept alive: 0; route allocated: 1 of 2000; total allocated: 1 of 2000]
12-18-2019 13:42:54 MainClientExec.java DEBUG [Forwarding setCurrentWindowSize on session be7304810a36c7bf6b9ffda6d8fc6e58 to remote] execchain.MainClientExec 208 - Stale connection check
12-18-2019 13:42:54 Wire.java DEBUG [Forwarding setCurrentWindowSize on session be7304810a36c7bf6b9ffda6d8fc6e58 to remote] http.wire 87 - http-outgoing-8 << "[read] I/O error: Read timed out"
12-18-2019 13:42:54 LoggingManagedHttpClientConnection.java DEBUG [Forwarding setCurrentWindowSize on session be7304810a36c7bf6b9ffda6d8fc6e58 to remote] conn.DefaultManagedHttpClientConnection 88 - http-outgoing-8: set socket timeout to 10800000
12-18-2019 13:42:54 MainClientExec.java DEBUG [Forwarding setCurrentWindowSize on session be7304810a36c7bf6b9ffda6d8fc6e58 to remote] execchain.MainClientExec 256 - Executing request POST /session/be7304810a36c7bf6b9ffda6d8fc6e58/window/current/size HTTP/1.1
12-18-2019 13:42:54 MainClientExec.java DEBUG [Forwarding setCurrentWindowSize on session be7304810a36c7bf6b9ffda6d8fc6e58 to remote] execchain.MainClientExec 261 - Target auth state: UNCHALLENGED
12-18-2019 13:42:54 MainClientExec.java DEBUG [Forwarding setCurrentWindowSize on session be7304810a36c7bf6b9ffda6d8fc6e58 to remote] execchain.MainClientExec 267 - Proxy auth state: UNCHALLENGED
12-18-2019 13:42:54 LoggingManagedHttpClientConnection.java DEBUG [Forwarding setCurrentWindowSize on session be7304810a36c7bf6b9ffda6d8fc6e58 to remote] http.headers 133 - http-outgoing-8 >> POST /session/be7304810a36c7bf6b9ffda6d8fc6e58/window/current/size HTTP/1.1
12-18-2019 13:42:54 LoggingManagedHttpClientConnection.java DEBUG [Forwarding setCurrentWindowSize on session be7304810a36c7bf6b9ffda6d8fc6e58 to remote] http.headers 136 - http-outgoing-8 >> Content-Type: application/json; charset=utf-8
12-18-2019 13:42:54 LoggingManagedHttpClientConnection.java DEBUG [Forwarding setCurrentWindowSize on session be7304810a36c7bf6b9ffda6d8fc6e58 to remote] http.headers 136 - http-outgoing-8 >> Content-Length: 71
12-18-2019 13:42:54 LoggingManagedHttpClientConnection.java DEBUG [Forwarding setCurrentWindowSize on session be7304810a36c7bf6b9ffda6d8fc6e58 to remote] http.headers 136 - http-outgoing-8 >> Host: localhost:18753
12-18-2019 13:42:54 LoggingManagedHttpClientConnection.java DEBUG [Forwarding setCurrentWindowSize on session be7304810a36c7bf6b9ffda6d8fc6e58 to remote] http.headers 136 - http-outgoing-8 >> Connection: Keep-Alive
12-18-2019 13:42:54 LoggingManagedHttpClientConnection.java DEBUG [Forwarding setCurrentWindowSize on session be7304810a36c7bf6b9ffda6d8fc6e58 to remote] http.headers 136 - http-outgoing-8 >> User-Agent: Apache-HttpClient/4.5.3 (Java/10.0.2)
12-18-2019 13:42:54 LoggingManagedHttpClientConnection.java DEBUG [Forwarding setCurrentWindowSize on session be7304810a36c7bf6b9ffda6d8fc6e58 to remote] http.headers 136 - http-outgoing-8 >> Accept-Encoding: gzip,deflate
12-18-2019 13:42:54 Wire.java DEBUG [Forwarding setCurrentWindowSize on session be7304810a36c7bf6b9ffda6d8fc6e58 to remote] http.wire 73 - http-outgoing-8 >> "POST /session/be7304810a36c7bf6b9ffda6d8fc6e58/window/current/size HTTP/1.1[\r][\n]"
12-18-2019 13:42:54 Wire.java DEBUG [Forwarding setCurrentWindowSize on session be7304810a36c7bf6b9ffda6d8fc6e58 to remote] http.wire 73 - http-outgoing-8 >> "Content-Type: application/json; charset=utf-8[\r][\n]"
12-18-2019 13:42:54 Wire.java DEBUG [Forwarding setCurrentWindowSize on session be7304810a36c7bf6b9ffda6d8fc6e58 to remote] http.wire 73 - http-outgoing-8 >> "Content-Length: 71[\r][\n]"
12-18-2019 13:42:54 Wire.java DEBUG [Forwarding setCurrentWindowSize on session be7304810a36c7bf6b9ffda6d8fc6e58 to remote] http.wire 73 - http-outgoing-8 >> "Host: localhost:18753[\r][\n]"
12-18-2019 13:42:54 Wire.java DEBUG [Forwarding setCurrentWindowSize on session be7304810a36c7bf6b9ffda6d8fc6e58 to remote] http.wire 73 - http-outgoing-8 >> "Connection: Keep-Alive[\r][\n]"
12-18-2019 13:42:54 Wire.java DEBUG [Forwarding setCurrentWindowSize on session be7304810a36c7bf6b9ffda6d8fc6e58 to remote] http.wire 73 - http-outgoing-8 >> "User-Agent: Apache-HttpClient/4.5.3 (Java/10.0.2)[\r][\n]"
12-18-2019 13:42:54 Wire.java DEBUG [Forwarding setCurrentWindowSize on session be7304810a36c7bf6b9ffda6d8fc6e58 to remote] http.wire 73 - http-outgoing-8 >> "Accept-Encoding: gzip,deflate[\r][\n]"
12-18-2019 13:42:54 Wire.java DEBUG [Forwarding setCurrentWindowSize on session be7304810a36c7bf6b9ffda6d8fc6e58 to remote] http.wire 73 - http-outgoing-8 >> "[\r][\n]"
12-18-2019 13:42:54 Wire.java DEBUG [Forwarding setCurrentWindowSize on session be7304810a36c7bf6b9ffda6d8fc6e58 to remote] http.wire 87 - http-outgoing-8 >> "{"width":1600,"height":900,"windowHandle":"current","handle":"current"}"
12-18-2019 13:42:54 Wire.java DEBUG [Forwarding setCurrentWindowSize on session be7304810a36c7bf6b9ffda6d8fc6e58 to remote] http.wire 73 - http-outgoing-8 << "HTTP/1.1 200 OK[\r][\n]"
12-18-2019 13:42:54 Wire.java DEBUG [Forwarding setCurrentWindowSize on session be7304810a36c7bf6b9ffda6d8fc6e58 to remote] http.wire 73 - http-outgoing-8 << "Content-Length:72[\r][\n]"
12-18-2019 13:42:54 Wire.java DEBUG [Forwarding setCurrentWindowSize on session be7304810a36c7bf6b9ffda6d8fc6e58 to remote] http.wire 73 - http-outgoing-8 << "Content-Type:application/json; charset=utf-8[\r][\n]"
12-18-2019 13:42:54 Wire.java DEBUG [Forwarding setCurrentWindowSize on session be7304810a36c7bf6b9ffda6d8fc6e58 to remote] http.wire 73 - http-outgoing-8 << "[\r][\n]"
12-18-2019 13:42:54 Wire.java DEBUG [Forwarding setCurrentWindowSize on session be7304810a36c7bf6b9ffda6d8fc6e58 to remote] http.wire 87 - http-outgoing-8 << "{"sessionId":"be7304810a36c7bf6b9ffda6d8fc6e58","status":0,"value":null}"
12-18-2019 13:42:54 LoggingManagedHttpClientConnection.java DEBUG [Forwarding setCurrentWindowSize on session be7304810a36c7bf6b9ffda6d8fc6e58 to remote] http.headers 122 - http-outgoing-8 << HTTP/1.1 200 OK
12-18-2019 13:42:54 LoggingManagedHttpClientConnection.java DEBUG [Forwarding setCurrentWindowSize on session be7304810a36c7bf6b9ffda6d8fc6e58 to remote] http.headers 125 - http-outgoing-8 << Content-Length:72
12-18-2019 13:42:54 LoggingManagedHttpClientConnection.java DEBUG [Forwarding setCurrentWindowSize on session be7304810a36c7bf6b9ffda6d8fc6e58 to remote] http.headers 125 - http-outgoing-8 << Content-Type:application/json; charset=utf-8
12-18-2019 13:42:54 MainClientExec.java DEBUG [Forwarding setCurrentWindowSize on session be7304810a36c7bf6b9ffda6d8fc6e58 to remote] execchain.MainClientExec 285 - Connection can be kept alive indefinitely
12-18-2019 13:42:54 PoolingHttpClientConnectionManager.java DEBUG [Forwarding setCurrentWindowSize on session be7304810a36c7bf6b9ffda6d8fc6e58 to remote] conn.PoolingHttpClientConnectionManager 320 - Connection [id: 8][route: {}->http://localhost:18753] can be kept alive indefinitely
12-18-2019 13:42:54 PoolingHttpClientConnectionManager.java DEBUG [Forwarding setCurrentWindowSize on session be7304810a36c7bf6b9ffda6d8fc6e58 to remote] conn.PoolingHttpClientConnectionManager 326 - Connection released: [id: 8][route: {}->http://localhost:18753][total kept alive: 1; route allocated: 1 of 2000; total allocated: 1 of 2000]
12-18-2019 13:42:54 BaseClass.java INFO  [main] base.BaseClass 95 - maximizing window
12-18-2019 13:42:54 RequestAddCookies.java DEBUG [Forwarding deleteAllCookies on session be7304810a36c7bf6b9ffda6d8fc6e58 to remote] protocol.RequestAddCookies 123 - CookieSpec selected: default
12-18-2019 13:42:54 RequestAuthCache.java DEBUG [Forwarding deleteAllCookies on session be7304810a36c7bf6b9ffda6d8fc6e58 to remote] protocol.RequestAuthCache 77 - Auth cache not set in the context
12-18-2019 13:42:54 PoolingHttpClientConnectionManager.java DEBUG [Forwarding deleteAllCookies on session be7304810a36c7bf6b9ffda6d8fc6e58 to remote] conn.PoolingHttpClientConnectionManager 255 - Connection request: [route: {}->http://localhost:18753][total kept alive: 1; route allocated: 1 of 2000; total allocated: 1 of 2000]
12-18-2019 13:42:54 PoolingHttpClientConnectionManager.java DEBUG [Forwarding deleteAllCookies on session be7304810a36c7bf6b9ffda6d8fc6e58 to remote] conn.PoolingHttpClientConnectionManager 288 - Connection leased: [id: 8][route: {}->http://localhost:18753][total kept alive: 0; route allocated: 1 of 2000; total allocated: 1 of 2000]
12-18-2019 13:42:54 MainClientExec.java DEBUG [Forwarding deleteAllCookies on session be7304810a36c7bf6b9ffda6d8fc6e58 to remote] execchain.MainClientExec 208 - Stale connection check
12-18-2019 13:42:54 Wire.java DEBUG [Forwarding deleteAllCookies on session be7304810a36c7bf6b9ffda6d8fc6e58 to remote] http.wire 87 - http-outgoing-8 << "[read] I/O error: Read timed out"
12-18-2019 13:42:54 LoggingManagedHttpClientConnection.java DEBUG [Forwarding deleteAllCookies on session be7304810a36c7bf6b9ffda6d8fc6e58 to remote] conn.DefaultManagedHttpClientConnection 88 - http-outgoing-8: set socket timeout to 10800000
12-18-2019 13:42:54 MainClientExec.java DEBUG [Forwarding deleteAllCookies on session be7304810a36c7bf6b9ffda6d8fc6e58 to remote] execchain.MainClientExec 256 - Executing request DELETE /session/be7304810a36c7bf6b9ffda6d8fc6e58/cookie HTTP/1.1
12-18-2019 13:42:54 MainClientExec.java DEBUG [Forwarding deleteAllCookies on session be7304810a36c7bf6b9ffda6d8fc6e58 to remote] execchain.MainClientExec 261 - Target auth state: UNCHALLENGED
12-18-2019 13:42:54 MainClientExec.java DEBUG [Forwarding deleteAllCookies on session be7304810a36c7bf6b9ffda6d8fc6e58 to remote] execchain.MainClientExec 267 - Proxy auth state: UNCHALLENGED
12-18-2019 13:42:54 LoggingManagedHttpClientConnection.java DEBUG [Forwarding deleteAllCookies on session be7304810a36c7bf6b9ffda6d8fc6e58 to remote] http.headers 133 - http-outgoing-8 >> DELETE /session/be7304810a36c7bf6b9ffda6d8fc6e58/cookie HTTP/1.1
12-18-2019 13:42:54 LoggingManagedHttpClientConnection.java DEBUG [Forwarding deleteAllCookies on session be7304810a36c7bf6b9ffda6d8fc6e58 to remote] http.headers 136 - http-outgoing-8 >> Host: localhost:18753
12-18-2019 13:42:54 LoggingManagedHttpClientConnection.java DEBUG [Forwarding deleteAllCookies on session be7304810a36c7bf6b9ffda6d8fc6e58 to remote] http.headers 136 - http-outgoing-8 >> Connection: Keep-Alive
12-18-2019 13:42:54 LoggingManagedHttpClientConnection.java DEBUG [Forwarding deleteAllCookies on session be7304810a36c7bf6b9ffda6d8fc6e58 to remote] http.headers 136 - http-outgoing-8 >> User-Agent: Apache-HttpClient/4.5.3 (Java/10.0.2)
12-18-2019 13:42:54 LoggingManagedHttpClientConnection.java DEBUG [Forwarding deleteAllCookies on session be7304810a36c7bf6b9ffda6d8fc6e58 to remote] http.headers 136 - http-outgoing-8 >> Accept-Encoding: gzip,deflate
12-18-2019 13:42:54 Wire.java DEBUG [Forwarding deleteAllCookies on session be7304810a36c7bf6b9ffda6d8fc6e58 to remote] http.wire 73 - http-outgoing-8 >> "DELETE /session/be7304810a36c7bf6b9ffda6d8fc6e58/cookie HTTP/1.1[\r][\n]"
12-18-2019 13:42:54 Wire.java DEBUG [Forwarding deleteAllCookies on session be7304810a36c7bf6b9ffda6d8fc6e58 to remote] http.wire 73 - http-outgoing-8 >> "Host: localhost:18753[\r][\n]"
12-18-2019 13:42:54 Wire.java DEBUG [Forwarding deleteAllCookies on session be7304810a36c7bf6b9ffda6d8fc6e58 to remote] http.wire 73 - http-outgoing-8 >> "Connection: Keep-Alive[\r][\n]"
12-18-2019 13:42:54 Wire.java DEBUG [Forwarding deleteAllCookies on session be7304810a36c7bf6b9ffda6d8fc6e58 to remote] http.wire 73 - http-outgoing-8 >> "User-Agent: Apache-HttpClient/4.5.3 (Java/10.0.2)[\r][\n]"
12-18-2019 13:42:54 Wire.java DEBUG [Forwarding deleteAllCookies on session be7304810a36c7bf6b9ffda6d8fc6e58 to remote] http.wire 73 - http-outgoing-8 >> "Accept-Encoding: gzip,deflate[\r][\n]"
12-18-2019 13:42:54 Wire.java DEBUG [Forwarding deleteAllCookies on session be7304810a36c7bf6b9ffda6d8fc6e58 to remote] http.wire 73 - http-outgoing-8 >> "[\r][\n]"
12-18-2019 13:42:54 Wire.java DEBUG [Forwarding deleteAllCookies on session be7304810a36c7bf6b9ffda6d8fc6e58 to remote] http.wire 73 - http-outgoing-8 << "HTTP/1.1 200 OK[\r][\n]"
12-18-2019 13:42:54 Wire.java DEBUG [Forwarding deleteAllCookies on session be7304810a36c7bf6b9ffda6d8fc6e58 to remote] http.wire 73 - http-outgoing-8 << "Content-Length:72[\r][\n]"
12-18-2019 13:42:54 Wire.java DEBUG [Forwarding deleteAllCookies on session be7304810a36c7bf6b9ffda6d8fc6e58 to remote] http.wire 73 - http-outgoing-8 << "Content-Type:application/json; charset=utf-8[\r][\n]"
12-18-2019 13:42:54 Wire.java DEBUG [Forwarding deleteAllCookies on session be7304810a36c7bf6b9ffda6d8fc6e58 to remote] http.wire 73 - http-outgoing-8 << "[\r][\n]"
12-18-2019 13:42:54 Wire.java DEBUG [Forwarding deleteAllCookies on session be7304810a36c7bf6b9ffda6d8fc6e58 to remote] http.wire 87 - http-outgoing-8 << "{"sessionId":"be7304810a36c7bf6b9ffda6d8fc6e58","status":0,"value":null}"
12-18-2019 13:42:54 LoggingManagedHttpClientConnection.java DEBUG [Forwarding deleteAllCookies on session be7304810a36c7bf6b9ffda6d8fc6e58 to remote] http.headers 122 - http-outgoing-8 << HTTP/1.1 200 OK
12-18-2019 13:42:54 LoggingManagedHttpClientConnection.java DEBUG [Forwarding deleteAllCookies on session be7304810a36c7bf6b9ffda6d8fc6e58 to remote] http.headers 125 - http-outgoing-8 << Content-Length:72
12-18-2019 13:42:54 LoggingManagedHttpClientConnection.java DEBUG [Forwarding deleteAllCookies on session be7304810a36c7bf6b9ffda6d8fc6e58 to remote] http.headers 125 - http-outgoing-8 << Content-Type:application/json; charset=utf-8
12-18-2019 13:42:54 MainClientExec.java DEBUG [Forwarding deleteAllCookies on session be7304810a36c7bf6b9ffda6d8fc6e58 to remote] execchain.MainClientExec 285 - Connection can be kept alive indefinitely
12-18-2019 13:42:54 PoolingHttpClientConnectionManager.java DEBUG [Forwarding deleteAllCookies on session be7304810a36c7bf6b9ffda6d8fc6e58 to remote] conn.PoolingHttpClientConnectionManager 320 - Connection [id: 8][route: {}->http://localhost:18753] can be kept alive indefinitely
12-18-2019 13:42:54 PoolingHttpClientConnectionManager.java DEBUG [Forwarding deleteAllCookies on session be7304810a36c7bf6b9ffda6d8fc6e58 to remote] conn.PoolingHttpClientConnectionManager 326 - Connection released: [id: 8][route: {}->http://localhost:18753][total kept alive: 1; route allocated: 1 of 2000; total allocated: 1 of 2000]
12-18-2019 13:42:54 RequestAddCookies.java DEBUG [Forwarding get on session be7304810a36c7bf6b9ffda6d8fc6e58 to remote] protocol.RequestAddCookies 123 - CookieSpec selected: default
12-18-2019 13:42:54 RequestAuthCache.java DEBUG [Forwarding get on session be7304810a36c7bf6b9ffda6d8fc6e58 to remote] protocol.RequestAuthCache 77 - Auth cache not set in the context
12-18-2019 13:42:54 PoolingHttpClientConnectionManager.java DEBUG [Forwarding get on session be7304810a36c7bf6b9ffda6d8fc6e58 to remote] conn.PoolingHttpClientConnectionManager 255 - Connection request: [route: {}->http://localhost:18753][total kept alive: 1; route allocated: 1 of 2000; total allocated: 1 of 2000]
12-18-2019 13:42:54 PoolingHttpClientConnectionManager.java DEBUG [Forwarding get on session be7304810a36c7bf6b9ffda6d8fc6e58 to remote] conn.PoolingHttpClientConnectionManager 288 - Connection leased: [id: 8][route: {}->http://localhost:18753][total kept alive: 0; route allocated: 1 of 2000; total allocated: 1 of 2000]
12-18-2019 13:42:54 MainClientExec.java DEBUG [Forwarding get on session be7304810a36c7bf6b9ffda6d8fc6e58 to remote] execchain.MainClientExec 208 - Stale connection check
12-18-2019 13:42:54 Wire.java DEBUG [Forwarding get on session be7304810a36c7bf6b9ffda6d8fc6e58 to remote] http.wire 87 - http-outgoing-8 << "[read] I/O error: Read timed out"
12-18-2019 13:42:54 LoggingManagedHttpClientConnection.java DEBUG [Forwarding get on session be7304810a36c7bf6b9ffda6d8fc6e58 to remote] conn.DefaultManagedHttpClientConnection 88 - http-outgoing-8: set socket timeout to 10800000
12-18-2019 13:42:54 MainClientExec.java DEBUG [Forwarding get on session be7304810a36c7bf6b9ffda6d8fc6e58 to remote] execchain.MainClientExec 256 - Executing request POST /session/be7304810a36c7bf6b9ffda6d8fc6e58/url HTTP/1.1
12-18-2019 13:42:54 MainClientExec.java DEBUG [Forwarding get on session be7304810a36c7bf6b9ffda6d8fc6e58 to remote] execchain.MainClientExec 261 - Target auth state: UNCHALLENGED
12-18-2019 13:42:54 MainClientExec.java DEBUG [Forwarding get on session be7304810a36c7bf6b9ffda6d8fc6e58 to remote] execchain.MainClientExec 267 - Proxy auth state: UNCHALLENGED
12-18-2019 13:42:54 LoggingManagedHttpClientConnection.java DEBUG [Forwarding get on session be7304810a36c7bf6b9ffda6d8fc6e58 to remote] http.headers 133 - http-outgoing-8 >> POST /session/be7304810a36c7bf6b9ffda6d8fc6e58/url HTTP/1.1
12-18-2019 13:42:54 LoggingManagedHttpClientConnection.java DEBUG [Forwarding get on session be7304810a36c7bf6b9ffda6d8fc6e58 to remote] http.headers 136 - http-outgoing-8 >> Content-Type: application/json; charset=utf-8
12-18-2019 13:42:54 LoggingManagedHttpClientConnection.java DEBUG [Forwarding get on session be7304810a36c7bf6b9ffda6d8fc6e58 to remote] http.headers 136 - http-outgoing-8 >> Content-Length: 38
12-18-2019 13:42:54 LoggingManagedHttpClientConnection.java DEBUG [Forwarding get on session be7304810a36c7bf6b9ffda6d8fc6e58 to remote] http.headers 136 - http-outgoing-8 >> Host: localhost:18753
12-18-2019 13:42:54 LoggingManagedHttpClientConnection.java DEBUG [Forwarding get on session be7304810a36c7bf6b9ffda6d8fc6e58 to remote] http.headers 136 - http-outgoing-8 >> Connection: Keep-Alive
12-18-2019 13:42:54 LoggingManagedHttpClientConnection.java DEBUG [Forwarding get on session be7304810a36c7bf6b9ffda6d8fc6e58 to remote] http.headers 136 - http-outgoing-8 >> User-Agent: Apache-HttpClient/4.5.3 (Java/10.0.2)
12-18-2019 13:42:54 LoggingManagedHttpClientConnection.java DEBUG [Forwarding get on session be7304810a36c7bf6b9ffda6d8fc6e58 to remote] http.headers 136 - http-outgoing-8 >> Accept-Encoding: gzip,deflate
12-18-2019 13:42:54 Wire.java DEBUG [Forwarding get on session be7304810a36c7bf6b9ffda6d8fc6e58 to remote] http.wire 73 - http-outgoing-8 >> "POST /session/be7304810a36c7bf6b9ffda6d8fc6e58/url HTTP/1.1[\r][\n]"
12-18-2019 13:42:54 Wire.java DEBUG [Forwarding get on session be7304810a36c7bf6b9ffda6d8fc6e58 to remote] http.wire 73 - http-outgoing-8 >> "Content-Type: application/json; charset=utf-8[\r][\n]"
12-18-2019 13:42:54 Wire.java DEBUG [Forwarding get on session be7304810a36c7bf6b9ffda6d8fc6e58 to remote] http.wire 73 - http-outgoing-8 >> "Content-Length: 38[\r][\n]"
12-18-2019 13:42:54 Wire.java DEBUG [Forwarding get on session be7304810a36c7bf6b9ffda6d8fc6e58 to remote] http.wire 73 - http-outgoing-8 >> "Host: localhost:18753[\r][\n]"
12-18-2019 13:42:54 Wire.java DEBUG [Forwarding get on session be7304810a36c7bf6b9ffda6d8fc6e58 to remote] http.wire 73 - http-outgoing-8 >> "Connection: Keep-Alive[\r][\n]"
12-18-2019 13:42:54 Wire.java DEBUG [Forwarding get on session be7304810a36c7bf6b9ffda6d8fc6e58 to remote] http.wire 73 - http-outgoing-8 >> "User-Agent: Apache-HttpClient/4.5.3 (Java/10.0.2)[\r][\n]"
12-18-2019 13:42:54 Wire.java DEBUG [Forwarding get on session be7304810a36c7bf6b9ffda6d8fc6e58 to remote] http.wire 73 - http-outgoing-8 >> "Accept-Encoding: gzip,deflate[\r][\n]"
12-18-2019 13:42:54 Wire.java DEBUG [Forwarding get on session be7304810a36c7bf6b9ffda6d8fc6e58 to remote] http.wire 73 - http-outgoing-8 >> "[\r][\n]"
12-18-2019 13:42:54 Wire.java DEBUG [Forwarding get on session be7304810a36c7bf6b9ffda6d8fc6e58 to remote] http.wire 87 - http-outgoing-8 >> "{"url":"https://www.thoughtworks.com"}"
12-18-2019 13:42:57 Wire.java DEBUG [Forwarding get on session be7304810a36c7bf6b9ffda6d8fc6e58 to remote] http.wire 73 - http-outgoing-8 << "HTTP/1.1 200 OK[\r][\n]"
12-18-2019 13:42:57 Wire.java DEBUG [Forwarding get on session be7304810a36c7bf6b9ffda6d8fc6e58 to remote] http.wire 73 - http-outgoing-8 << "Content-Length:72[\r][\n]"
12-18-2019 13:42:57 Wire.java DEBUG [Forwarding get on session be7304810a36c7bf6b9ffda6d8fc6e58 to remote] http.wire 73 - http-outgoing-8 << "Content-Type:application/json; charset=utf-8[\r][\n]"
12-18-2019 13:42:57 Wire.java DEBUG [Forwarding get on session be7304810a36c7bf6b9ffda6d8fc6e58 to remote] http.wire 73 - http-outgoing-8 << "[\r][\n]"
12-18-2019 13:42:57 Wire.java DEBUG [Forwarding get on session be7304810a36c7bf6b9ffda6d8fc6e58 to remote] http.wire 87 - http-outgoing-8 << "{"sessionId":"be7304810a36c7bf6b9ffda6d8fc6e58","status":0,"value":null}"
12-18-2019 13:42:57 LoggingManagedHttpClientConnection.java DEBUG [Forwarding get on session be7304810a36c7bf6b9ffda6d8fc6e58 to remote] http.headers 122 - http-outgoing-8 << HTTP/1.1 200 OK
12-18-2019 13:42:57 LoggingManagedHttpClientConnection.java DEBUG [Forwarding get on session be7304810a36c7bf6b9ffda6d8fc6e58 to remote] http.headers 125 - http-outgoing-8 << Content-Length:72
12-18-2019 13:42:57 LoggingManagedHttpClientConnection.java DEBUG [Forwarding get on session be7304810a36c7bf6b9ffda6d8fc6e58 to remote] http.headers 125 - http-outgoing-8 << Content-Type:application/json; charset=utf-8
12-18-2019 13:42:57 MainClientExec.java DEBUG [Forwarding get on session be7304810a36c7bf6b9ffda6d8fc6e58 to remote] execchain.MainClientExec 285 - Connection can be kept alive indefinitely
12-18-2019 13:42:57 PoolingHttpClientConnectionManager.java DEBUG [Forwarding get on session be7304810a36c7bf6b9ffda6d8fc6e58 to remote] conn.PoolingHttpClientConnectionManager 320 - Connection [id: 8][route: {}->http://localhost:18753] can be kept alive indefinitely
12-18-2019 13:42:57 PoolingHttpClientConnectionManager.java DEBUG [Forwarding get on session be7304810a36c7bf6b9ffda6d8fc6e58 to remote] conn.PoolingHttpClientConnectionManager 326 - Connection released: [id: 8][route: {}->http://localhost:18753][total kept alive: 1; route allocated: 1 of 2000; total allocated: 1 of 2000]
12-18-2019 13:42:57 RequestAddCookies.java DEBUG [Forwarding setTimeout on session be7304810a36c7bf6b9ffda6d8fc6e58 to remote] protocol.RequestAddCookies 123 - CookieSpec selected: default
12-18-2019 13:42:57 RequestAuthCache.java DEBUG [Forwarding setTimeout on session be7304810a36c7bf6b9ffda6d8fc6e58 to remote] protocol.RequestAuthCache 77 - Auth cache not set in the context
12-18-2019 13:42:57 PoolingHttpClientConnectionManager.java DEBUG [Forwarding setTimeout on session be7304810a36c7bf6b9ffda6d8fc6e58 to remote] conn.PoolingHttpClientConnectionManager 255 - Connection request: [route: {}->http://localhost:18753][total kept alive: 1; route allocated: 1 of 2000; total allocated: 1 of 2000]
12-18-2019 13:42:57 PoolingHttpClientConnectionManager.java DEBUG [Forwarding setTimeout on session be7304810a36c7bf6b9ffda6d8fc6e58 to remote] conn.PoolingHttpClientConnectionManager 288 - Connection leased: [id: 8][route: {}->http://localhost:18753][total kept alive: 0; route allocated: 1 of 2000; total allocated: 1 of 2000]
12-18-2019 13:42:57 MainClientExec.java DEBUG [Forwarding setTimeout on session be7304810a36c7bf6b9ffda6d8fc6e58 to remote] execchain.MainClientExec 208 - Stale connection check
12-18-2019 13:42:57 Wire.java DEBUG [Forwarding setTimeout on session be7304810a36c7bf6b9ffda6d8fc6e58 to remote] http.wire 87 - http-outgoing-8 << "[read] I/O error: Read timed out"
12-18-2019 13:42:57 LoggingManagedHttpClientConnection.java DEBUG [Forwarding setTimeout on session be7304810a36c7bf6b9ffda6d8fc6e58 to remote] conn.DefaultManagedHttpClientConnection 88 - http-outgoing-8: set socket timeout to 10800000
12-18-2019 13:42:57 MainClientExec.java DEBUG [Forwarding setTimeout on session be7304810a36c7bf6b9ffda6d8fc6e58 to remote] execchain.MainClientExec 256 - Executing request POST /session/be7304810a36c7bf6b9ffda6d8fc6e58/timeouts HTTP/1.1
12-18-2019 13:42:57 MainClientExec.java DEBUG [Forwarding setTimeout on session be7304810a36c7bf6b9ffda6d8fc6e58 to remote] execchain.MainClientExec 261 - Target auth state: UNCHALLENGED
12-18-2019 13:42:57 MainClientExec.java DEBUG [Forwarding setTimeout on session be7304810a36c7bf6b9ffda6d8fc6e58 to remote] execchain.MainClientExec 267 - Proxy auth state: UNCHALLENGED
12-18-2019 13:42:57 LoggingManagedHttpClientConnection.java DEBUG [Forwarding setTimeout on session be7304810a36c7bf6b9ffda6d8fc6e58 to remote] http.headers 133 - http-outgoing-8 >> POST /session/be7304810a36c7bf6b9ffda6d8fc6e58/timeouts HTTP/1.1
12-18-2019 13:42:57 LoggingManagedHttpClientConnection.java DEBUG [Forwarding setTimeout on session be7304810a36c7bf6b9ffda6d8fc6e58 to remote] http.headers 136 - http-outgoing-8 >> Content-Type: application/json; charset=utf-8
12-18-2019 13:42:57 LoggingManagedHttpClientConnection.java DEBUG [Forwarding setTimeout on session be7304810a36c7bf6b9ffda6d8fc6e58 to remote] http.headers 136 - http-outgoing-8 >> Content-Length: 31
12-18-2019 13:42:57 LoggingManagedHttpClientConnection.java DEBUG [Forwarding setTimeout on session be7304810a36c7bf6b9ffda6d8fc6e58 to remote] http.headers 136 - http-outgoing-8 >> Host: localhost:18753
12-18-2019 13:42:57 LoggingManagedHttpClientConnection.java DEBUG [Forwarding setTimeout on session be7304810a36c7bf6b9ffda6d8fc6e58 to remote] http.headers 136 - http-outgoing-8 >> Connection: Keep-Alive
12-18-2019 13:42:57 LoggingManagedHttpClientConnection.java DEBUG [Forwarding setTimeout on session be7304810a36c7bf6b9ffda6d8fc6e58 to remote] http.headers 136 - http-outgoing-8 >> User-Agent: Apache-HttpClient/4.5.3 (Java/10.0.2)
12-18-2019 13:42:57 LoggingManagedHttpClientConnection.java DEBUG [Forwarding setTimeout on session be7304810a36c7bf6b9ffda6d8fc6e58 to remote] http.headers 136 - http-outgoing-8 >> Accept-Encoding: gzip,deflate
12-18-2019 13:42:57 Wire.java DEBUG [Forwarding setTimeout on session be7304810a36c7bf6b9ffda6d8fc6e58 to remote] http.wire 73 - http-outgoing-8 >> "POST /session/be7304810a36c7bf6b9ffda6d8fc6e58/timeouts HTTP/1.1[\r][\n]"
12-18-2019 13:42:57 Wire.java DEBUG [Forwarding setTimeout on session be7304810a36c7bf6b9ffda6d8fc6e58 to remote] http.wire 73 - http-outgoing-8 >> "Content-Type: application/json; charset=utf-8[\r][\n]"
12-18-2019 13:42:57 Wire.java DEBUG [Forwarding setTimeout on session be7304810a36c7bf6b9ffda6d8fc6e58 to remote] http.wire 73 - http-outgoing-8 >> "Content-Length: 31[\r][\n]"
12-18-2019 13:42:57 Wire.java DEBUG [Forwarding setTimeout on session be7304810a36c7bf6b9ffda6d8fc6e58 to remote] http.wire 73 - http-outgoing-8 >> "Host: localhost:18753[\r][\n]"
12-18-2019 13:42:57 Wire.java DEBUG [Forwarding setTimeout on session be7304810a36c7bf6b9ffda6d8fc6e58 to remote] http.wire 73 - http-outgoing-8 >> "Connection: Keep-Alive[\r][\n]"
12-18-2019 13:42:57 Wire.java DEBUG [Forwarding setTimeout on session be7304810a36c7bf6b9ffda6d8fc6e58 to remote] http.wire 73 - http-outgoing-8 >> "User-Agent: Apache-HttpClient/4.5.3 (Java/10.0.2)[\r][\n]"
12-18-2019 13:42:57 Wire.java DEBUG [Forwarding setTimeout on session be7304810a36c7bf6b9ffda6d8fc6e58 to remote] http.wire 73 - http-outgoing-8 >> "Accept-Encoding: gzip,deflate[\r][\n]"
12-18-2019 13:42:57 Wire.java DEBUG [Forwarding setTimeout on session be7304810a36c7bf6b9ffda6d8fc6e58 to remote] http.wire 73 - http-outgoing-8 >> "[\r][\n]"
12-18-2019 13:42:57 Wire.java DEBUG [Forwarding setTimeout on session be7304810a36c7bf6b9ffda6d8fc6e58 to remote] http.wire 87 - http-outgoing-8 >> "{"type":"page load","ms":10000}"
12-18-2019 13:42:57 Wire.java DEBUG [Forwarding setTimeout on session be7304810a36c7bf6b9ffda6d8fc6e58 to remote] http.wire 73 - http-outgoing-8 << "HTTP/1.1 200 OK[\r][\n]"
12-18-2019 13:42:57 Wire.java DEBUG [Forwarding setTimeout on session be7304810a36c7bf6b9ffda6d8fc6e58 to remote] http.wire 73 - http-outgoing-8 << "Content-Length:72[\r][\n]"
12-18-2019 13:42:57 Wire.java DEBUG [Forwarding setTimeout on session be7304810a36c7bf6b9ffda6d8fc6e58 to remote] http.wire 73 - http-outgoing-8 << "Content-Type:application/json; charset=utf-8[\r][\n]"
12-18-2019 13:42:57 Wire.java DEBUG [Forwarding setTimeout on session be7304810a36c7bf6b9ffda6d8fc6e58 to remote] http.wire 73 - http-outgoing-8 << "[\r][\n]"
12-18-2019 13:42:57 Wire.java DEBUG [Forwarding setTimeout on session be7304810a36c7bf6b9ffda6d8fc6e58 to remote] http.wire 87 - http-outgoing-8 << "{"sessionId":"be7304810a36c7bf6b9ffda6d8fc6e58","status":0,"value":null}"
12-18-2019 13:42:57 LoggingManagedHttpClientConnection.java DEBUG [Forwarding setTimeout on session be7304810a36c7bf6b9ffda6d8fc6e58 to remote] http.headers 122 - http-outgoing-8 << HTTP/1.1 200 OK
12-18-2019 13:42:57 LoggingManagedHttpClientConnection.java DEBUG [Forwarding setTimeout on session be7304810a36c7bf6b9ffda6d8fc6e58 to remote] http.headers 125 - http-outgoing-8 << Content-Length:72
12-18-2019 13:42:57 LoggingManagedHttpClientConnection.java DEBUG [Forwarding setTimeout on session be7304810a36c7bf6b9ffda6d8fc6e58 to remote] http.headers 125 - http-outgoing-8 << Content-Type:application/json; charset=utf-8
12-18-2019 13:42:57 MainClientExec.java DEBUG [Forwarding setTimeout on session be7304810a36c7bf6b9ffda6d8fc6e58 to remote] execchain.MainClientExec 285 - Connection can be kept alive indefinitely
12-18-2019 13:42:57 PoolingHttpClientConnectionManager.java DEBUG [Forwarding setTimeout on session be7304810a36c7bf6b9ffda6d8fc6e58 to remote] conn.PoolingHttpClientConnectionManager 320 - Connection [id: 8][route: {}->http://localhost:18753] can be kept alive indefinitely
12-18-2019 13:42:57 PoolingHttpClientConnectionManager.java DEBUG [Forwarding setTimeout on session be7304810a36c7bf6b9ffda6d8fc6e58 to remote] conn.PoolingHttpClientConnectionManager 326 - Connection released: [id: 8][route: {}->http://localhost:18753][total kept alive: 1; route allocated: 1 of 2000; total allocated: 1 of 2000]
12-18-2019 13:42:57 RequestAddCookies.java DEBUG [Forwarding setTimeout on session be7304810a36c7bf6b9ffda6d8fc6e58 to remote] protocol.RequestAddCookies 123 - CookieSpec selected: default
12-18-2019 13:42:57 RequestAuthCache.java DEBUG [Forwarding setTimeout on session be7304810a36c7bf6b9ffda6d8fc6e58 to remote] protocol.RequestAuthCache 77 - Auth cache not set in the context
12-18-2019 13:42:57 PoolingHttpClientConnectionManager.java DEBUG [Forwarding setTimeout on session be7304810a36c7bf6b9ffda6d8fc6e58 to remote] conn.PoolingHttpClientConnectionManager 255 - Connection request: [route: {}->http://localhost:18753][total kept alive: 1; route allocated: 1 of 2000; total allocated: 1 of 2000]
12-18-2019 13:42:57 PoolingHttpClientConnectionManager.java DEBUG [Forwarding setTimeout on session be7304810a36c7bf6b9ffda6d8fc6e58 to remote] conn.PoolingHttpClientConnectionManager 288 - Connection leased: [id: 8][route: {}->http://localhost:18753][total kept alive: 0; route allocated: 1 of 2000; total allocated: 1 of 2000]
12-18-2019 13:42:57 MainClientExec.java DEBUG [Forwarding setTimeout on session be7304810a36c7bf6b9ffda6d8fc6e58 to remote] execchain.MainClientExec 208 - Stale connection check
12-18-2019 13:42:57 Wire.java DEBUG [Forwarding setTimeout on session be7304810a36c7bf6b9ffda6d8fc6e58 to remote] http.wire 87 - http-outgoing-8 << "[read] I/O error: Read timed out"
12-18-2019 13:42:57 LoggingManagedHttpClientConnection.java DEBUG [Forwarding setTimeout on session be7304810a36c7bf6b9ffda6d8fc6e58 to remote] conn.DefaultManagedHttpClientConnection 88 - http-outgoing-8: set socket timeout to 10800000
12-18-2019 13:42:57 MainClientExec.java DEBUG [Forwarding setTimeout on session be7304810a36c7bf6b9ffda6d8fc6e58 to remote] execchain.MainClientExec 256 - Executing request POST /session/be7304810a36c7bf6b9ffda6d8fc6e58/timeouts HTTP/1.1
12-18-2019 13:42:57 MainClientExec.java DEBUG [Forwarding setTimeout on session be7304810a36c7bf6b9ffda6d8fc6e58 to remote] execchain.MainClientExec 261 - Target auth state: UNCHALLENGED
12-18-2019 13:42:57 MainClientExec.java DEBUG [Forwarding setTimeout on session be7304810a36c7bf6b9ffda6d8fc6e58 to remote] execchain.MainClientExec 267 - Proxy auth state: UNCHALLENGED
12-18-2019 13:42:57 LoggingManagedHttpClientConnection.java DEBUG [Forwarding setTimeout on session be7304810a36c7bf6b9ffda6d8fc6e58 to remote] http.headers 133 - http-outgoing-8 >> POST /session/be7304810a36c7bf6b9ffda6d8fc6e58/timeouts HTTP/1.1
12-18-2019 13:42:57 LoggingManagedHttpClientConnection.java DEBUG [Forwarding setTimeout on session be7304810a36c7bf6b9ffda6d8fc6e58 to remote] http.headers 136 - http-outgoing-8 >> Content-Type: application/json; charset=utf-8
12-18-2019 13:42:57 LoggingManagedHttpClientConnection.java DEBUG [Forwarding setTimeout on session be7304810a36c7bf6b9ffda6d8fc6e58 to remote] http.headers 136 - http-outgoing-8 >> Content-Length: 30
12-18-2019 13:42:57 LoggingManagedHttpClientConnection.java DEBUG [Forwarding setTimeout on session be7304810a36c7bf6b9ffda6d8fc6e58 to remote] http.headers 136 - http-outgoing-8 >> Host: localhost:18753
12-18-2019 13:42:57 LoggingManagedHttpClientConnection.java DEBUG [Forwarding setTimeout on session be7304810a36c7bf6b9ffda6d8fc6e58 to remote] http.headers 136 - http-outgoing-8 >> Connection: Keep-Alive
12-18-2019 13:42:57 LoggingManagedHttpClientConnection.java DEBUG [Forwarding setTimeout on session be7304810a36c7bf6b9ffda6d8fc6e58 to remote] http.headers 136 - http-outgoing-8 >> User-Agent: Apache-HttpClient/4.5.3 (Java/10.0.2)
12-18-2019 13:42:57 LoggingManagedHttpClientConnection.java DEBUG [Forwarding setTimeout on session be7304810a36c7bf6b9ffda6d8fc6e58 to remote] http.headers 136 - http-outgoing-8 >> Accept-Encoding: gzip,deflate
12-18-2019 13:42:57 Wire.java DEBUG [Forwarding setTimeout on session be7304810a36c7bf6b9ffda6d8fc6e58 to remote] http.wire 73 - http-outgoing-8 >> "POST /session/be7304810a36c7bf6b9ffda6d8fc6e58/timeouts HTTP/1.1[\r][\n]"
12-18-2019 13:42:57 Wire.java DEBUG [Forwarding setTimeout on session be7304810a36c7bf6b9ffda6d8fc6e58 to remote] http.wire 73 - http-outgoing-8 >> "Content-Type: application/json; charset=utf-8[\r][\n]"
12-18-2019 13:42:57 Wire.java DEBUG [Forwarding setTimeout on session be7304810a36c7bf6b9ffda6d8fc6e58 to remote] http.wire 73 - http-outgoing-8 >> "Content-Length: 30[\r][\n]"
12-18-2019 13:42:57 Wire.java DEBUG [Forwarding setTimeout on session be7304810a36c7bf6b9ffda6d8fc6e58 to remote] http.wire 73 - http-outgoing-8 >> "Host: localhost:18753[\r][\n]"
12-18-2019 13:42:57 Wire.java DEBUG [Forwarding setTimeout on session be7304810a36c7bf6b9ffda6d8fc6e58 to remote] http.wire 73 - http-outgoing-8 >> "Connection: Keep-Alive[\r][\n]"
12-18-2019 13:42:57 Wire.java DEBUG [Forwarding setTimeout on session be7304810a36c7bf6b9ffda6d8fc6e58 to remote] http.wire 73 - http-outgoing-8 >> "User-Agent: Apache-HttpClient/4.5.3 (Java/10.0.2)[\r][\n]"
12-18-2019 13:42:57 Wire.java DEBUG [Forwarding setTimeout on session be7304810a36c7bf6b9ffda6d8fc6e58 to remote] http.wire 73 - http-outgoing-8 >> "Accept-Encoding: gzip,deflate[\r][\n]"
12-18-2019 13:42:57 Wire.java DEBUG [Forwarding setTimeout on session be7304810a36c7bf6b9ffda6d8fc6e58 to remote] http.wire 73 - http-outgoing-8 >> "[\r][\n]"
12-18-2019 13:42:57 Wire.java DEBUG [Forwarding setTimeout on session be7304810a36c7bf6b9ffda6d8fc6e58 to remote] http.wire 87 - http-outgoing-8 >> "{"type":"implicit","ms":10000}"
12-18-2019 13:42:57 Wire.java DEBUG [Forwarding setTimeout on session be7304810a36c7bf6b9ffda6d8fc6e58 to remote] http.wire 73 - http-outgoing-8 << "HTTP/1.1 200 OK[\r][\n]"
12-18-2019 13:42:57 Wire.java DEBUG [Forwarding setTimeout on session be7304810a36c7bf6b9ffda6d8fc6e58 to remote] http.wire 73 - http-outgoing-8 << "Content-Length:72[\r][\n]"
12-18-2019 13:42:57 Wire.java DEBUG [Forwarding setTimeout on session be7304810a36c7bf6b9ffda6d8fc6e58 to remote] http.wire 73 - http-outgoing-8 << "Content-Type:application/json; charset=utf-8[\r][\n]"
12-18-2019 13:42:57 Wire.java DEBUG [Forwarding setTimeout on session be7304810a36c7bf6b9ffda6d8fc6e58 to remote] http.wire 73 - http-outgoing-8 << "[\r][\n]"
12-18-2019 13:42:57 Wire.java DEBUG [Forwarding setTimeout on session be7304810a36c7bf6b9ffda6d8fc6e58 to remote] http.wire 87 - http-outgoing-8 << "{"sessionId":"be7304810a36c7bf6b9ffda6d8fc6e58","status":0,"value":null}"
12-18-2019 13:42:57 LoggingManagedHttpClientConnection.java DEBUG [Forwarding setTimeout on session be7304810a36c7bf6b9ffda6d8fc6e58 to remote] http.headers 122 - http-outgoing-8 << HTTP/1.1 200 OK
12-18-2019 13:42:57 LoggingManagedHttpClientConnection.java DEBUG [Forwarding setTimeout on session be7304810a36c7bf6b9ffda6d8fc6e58 to remote] http.headers 125 - http-outgoing-8 << Content-Length:72
12-18-2019 13:42:57 LoggingManagedHttpClientConnection.java DEBUG [Forwarding setTimeout on session be7304810a36c7bf6b9ffda6d8fc6e58 to remote] http.headers 125 - http-outgoing-8 << Content-Type:application/json; charset=utf-8
12-18-2019 13:42:57 MainClientExec.java DEBUG [Forwarding setTimeout on session be7304810a36c7bf6b9ffda6d8fc6e58 to remote] execchain.MainClientExec 285 - Connection can be kept alive indefinitely
12-18-2019 13:42:57 PoolingHttpClientConnectionManager.java DEBUG [Forwarding setTimeout on session be7304810a36c7bf6b9ffda6d8fc6e58 to remote] conn.PoolingHttpClientConnectionManager 320 - Connection [id: 8][route: {}->http://localhost:18753] can be kept alive indefinitely
12-18-2019 13:42:57 PoolingHttpClientConnectionManager.java DEBUG [Forwarding setTimeout on session be7304810a36c7bf6b9ffda6d8fc6e58 to remote] conn.PoolingHttpClientConnectionManager 326 - Connection released: [id: 8][route: {}->http://localhost:18753][total kept alive: 1; route allocated: 1 of 2000; total allocated: 1 of 2000]
12-18-2019 13:42:57 RequestAddCookies.java DEBUG [Forwarding findElement on session be7304810a36c7bf6b9ffda6d8fc6e58 to remote] protocol.RequestAddCookies 123 - CookieSpec selected: default
12-18-2019 13:42:57 RequestAuthCache.java DEBUG [Forwarding findElement on session be7304810a36c7bf6b9ffda6d8fc6e58 to remote] protocol.RequestAuthCache 77 - Auth cache not set in the context
12-18-2019 13:42:57 PoolingHttpClientConnectionManager.java DEBUG [Forwarding findElement on session be7304810a36c7bf6b9ffda6d8fc6e58 to remote] conn.PoolingHttpClientConnectionManager 255 - Connection request: [route: {}->http://localhost:18753][total kept alive: 1; route allocated: 1 of 2000; total allocated: 1 of 2000]
12-18-2019 13:42:57 PoolingHttpClientConnectionManager.java DEBUG [Forwarding findElement on session be7304810a36c7bf6b9ffda6d8fc6e58 to remote] conn.PoolingHttpClientConnectionManager 288 - Connection leased: [id: 8][route: {}->http://localhost:18753][total kept alive: 0; route allocated: 1 of 2000; total allocated: 1 of 2000]
12-18-2019 13:42:57 MainClientExec.java DEBUG [Forwarding findElement on session be7304810a36c7bf6b9ffda6d8fc6e58 to remote] execchain.MainClientExec 208 - Stale connection check
12-18-2019 13:42:57 Wire.java DEBUG [Forwarding findElement on session be7304810a36c7bf6b9ffda6d8fc6e58 to remote] http.wire 87 - http-outgoing-8 << "[read] I/O error: Read timed out"
12-18-2019 13:42:57 LoggingManagedHttpClientConnection.java DEBUG [Forwarding findElement on session be7304810a36c7bf6b9ffda6d8fc6e58 to remote] conn.DefaultManagedHttpClientConnection 88 - http-outgoing-8: set socket timeout to 10800000
12-18-2019 13:42:57 MainClientExec.java DEBUG [Forwarding findElement on session be7304810a36c7bf6b9ffda6d8fc6e58 to remote] execchain.MainClientExec 256 - Executing request POST /session/be7304810a36c7bf6b9ffda6d8fc6e58/element HTTP/1.1
12-18-2019 13:42:57 MainClientExec.java DEBUG [Forwarding findElement on session be7304810a36c7bf6b9ffda6d8fc6e58 to remote] execchain.MainClientExec 261 - Target auth state: UNCHALLENGED
12-18-2019 13:42:57 MainClientExec.java DEBUG [Forwarding findElement on session be7304810a36c7bf6b9ffda6d8fc6e58 to remote] execchain.MainClientExec 267 - Proxy auth state: UNCHALLENGED
12-18-2019 13:42:57 LoggingManagedHttpClientConnection.java DEBUG [Forwarding findElement on session be7304810a36c7bf6b9ffda6d8fc6e58 to remote] http.headers 133 - http-outgoing-8 >> POST /session/be7304810a36c7bf6b9ffda6d8fc6e58/element HTTP/1.1
12-18-2019 13:42:57 LoggingManagedHttpClientConnection.java DEBUG [Forwarding findElement on session be7304810a36c7bf6b9ffda6d8fc6e58 to remote] http.headers 136 - http-outgoing-8 >> Content-Type: application/json; charset=utf-8
12-18-2019 13:42:57 LoggingManagedHttpClientConnection.java DEBUG [Forwarding findElement on session be7304810a36c7bf6b9ffda6d8fc6e58 to remote] http.headers 136 - http-outgoing-8 >> Content-Length: 144
12-18-2019 13:42:57 LoggingManagedHttpClientConnection.java DEBUG [Forwarding findElement on session be7304810a36c7bf6b9ffda6d8fc6e58 to remote] http.headers 136 - http-outgoing-8 >> Host: localhost:18753
12-18-2019 13:42:57 LoggingManagedHttpClientConnection.java DEBUG [Forwarding findElement on session be7304810a36c7bf6b9ffda6d8fc6e58 to remote] http.headers 136 - http-outgoing-8 >> Connection: Keep-Alive
12-18-2019 13:42:57 LoggingManagedHttpClientConnection.java DEBUG [Forwarding findElement on session be7304810a36c7bf6b9ffda6d8fc6e58 to remote] http.headers 136 - http-outgoing-8 >> User-Agent: Apache-HttpClient/4.5.3 (Java/10.0.2)
12-18-2019 13:42:57 LoggingManagedHttpClientConnection.java DEBUG [Forwarding findElement on session be7304810a36c7bf6b9ffda6d8fc6e58 to remote] http.headers 136 - http-outgoing-8 >> Accept-Encoding: gzip,deflate
12-18-2019 13:42:57 Wire.java DEBUG [Forwarding findElement on session be7304810a36c7bf6b9ffda6d8fc6e58 to remote] http.wire 73 - http-outgoing-8 >> "POST /session/be7304810a36c7bf6b9ffda6d8fc6e58/element HTTP/1.1[\r][\n]"
12-18-2019 13:42:57 Wire.java DEBUG [Forwarding findElement on session be7304810a36c7bf6b9ffda6d8fc6e58 to remote] http.wire 73 - http-outgoing-8 >> "Content-Type: application/json; charset=utf-8[\r][\n]"
12-18-2019 13:42:57 Wire.java DEBUG [Forwarding findElement on session be7304810a36c7bf6b9ffda6d8fc6e58 to remote] http.wire 73 - http-outgoing-8 >> "Content-Length: 144[\r][\n]"
12-18-2019 13:42:57 Wire.java DEBUG [Forwarding findElement on session be7304810a36c7bf6b9ffda6d8fc6e58 to remote] http.wire 73 - http-outgoing-8 >> "Host: localhost:18753[\r][\n]"
12-18-2019 13:42:57 Wire.java DEBUG [Forwarding findElement on session be7304810a36c7bf6b9ffda6d8fc6e58 to remote] http.wire 73 - http-outgoing-8 >> "Connection: Keep-Alive[\r][\n]"
12-18-2019 13:42:57 Wire.java DEBUG [Forwarding findElement on session be7304810a36c7bf6b9ffda6d8fc6e58 to remote] http.wire 73 - http-outgoing-8 >> "User-Agent: Apache-HttpClient/4.5.3 (Java/10.0.2)[\r][\n]"
12-18-2019 13:42:57 Wire.java DEBUG [Forwarding findElement on session be7304810a36c7bf6b9ffda6d8fc6e58 to remote] http.wire 73 - http-outgoing-8 >> "Accept-Encoding: gzip,deflate[\r][\n]"
12-18-2019 13:42:57 Wire.java DEBUG [Forwarding findElement on session be7304810a36c7bf6b9ffda6d8fc6e58 to remote] http.wire 73 - http-outgoing-8 >> "[\r][\n]"
12-18-2019 13:42:57 Wire.java DEBUG [Forwarding findElement on session be7304810a36c7bf6b9ffda6d8fc6e58 to remote] http.wire 87 - http-outgoing-8 >> "{"using":"xpath","value":"//button[@class\u003d\u0027menu-item__link non-js-hide careers\u0027]/child::*[contains(text(),\u0027Careers\u0027)]"}"
12-18-2019 13:42:57 Wire.java DEBUG [Forwarding findElement on session be7304810a36c7bf6b9ffda6d8fc6e58 to remote] http.wire 73 - http-outgoing-8 << "HTTP/1.1 200 OK[\r][\n]"
12-18-2019 13:42:57 Wire.java DEBUG [Forwarding findElement on session be7304810a36c7bf6b9ffda6d8fc6e58 to remote] http.wire 73 - http-outgoing-8 << "Content-Length:101[\r][\n]"
12-18-2019 13:42:57 Wire.java DEBUG [Forwarding findElement on session be7304810a36c7bf6b9ffda6d8fc6e58 to remote] http.wire 73 - http-outgoing-8 << "Content-Type:application/json; charset=utf-8[\r][\n]"
12-18-2019 13:42:57 Wire.java DEBUG [Forwarding findElement on session be7304810a36c7bf6b9ffda6d8fc6e58 to remote] http.wire 73 - http-outgoing-8 << "[\r][\n]"
12-18-2019 13:42:57 Wire.java DEBUG [Forwarding findElement on session be7304810a36c7bf6b9ffda6d8fc6e58 to remote] http.wire 87 - http-outgoing-8 << "{"sessionId":"be7304810a36c7bf6b9ffda6d8fc6e58","status":0,"value":{"ELEMENT":"0.491355567426941-1"}}"
12-18-2019 13:42:57 LoggingManagedHttpClientConnection.java DEBUG [Forwarding findElement on session be7304810a36c7bf6b9ffda6d8fc6e58 to remote] http.headers 122 - http-outgoing-8 << HTTP/1.1 200 OK
12-18-2019 13:42:57 LoggingManagedHttpClientConnection.java DEBUG [Forwarding findElement on session be7304810a36c7bf6b9ffda6d8fc6e58 to remote] http.headers 125 - http-outgoing-8 << Content-Length:101
12-18-2019 13:42:57 LoggingManagedHttpClientConnection.java DEBUG [Forwarding findElement on session be7304810a36c7bf6b9ffda6d8fc6e58 to remote] http.headers 125 - http-outgoing-8 << Content-Type:application/json; charset=utf-8
12-18-2019 13:42:57 MainClientExec.java DEBUG [Forwarding findElement on session be7304810a36c7bf6b9ffda6d8fc6e58 to remote] execchain.MainClientExec 285 - Connection can be kept alive indefinitely
12-18-2019 13:42:57 PoolingHttpClientConnectionManager.java DEBUG [Forwarding findElement on session be7304810a36c7bf6b9ffda6d8fc6e58 to remote] conn.PoolingHttpClientConnectionManager 320 - Connection [id: 8][route: {}->http://localhost:18753] can be kept alive indefinitely
12-18-2019 13:42:57 PoolingHttpClientConnectionManager.java DEBUG [Forwarding findElement on session be7304810a36c7bf6b9ffda6d8fc6e58 to remote] conn.PoolingHttpClientConnectionManager 326 - Connection released: [id: 8][route: {}->http://localhost:18753][total kept alive: 1; route allocated: 1 of 2000; total allocated: 1 of 2000]
12-18-2019 13:42:57 RequestAddCookies.java DEBUG [Forwarding executeScript on session be7304810a36c7bf6b9ffda6d8fc6e58 to remote] protocol.RequestAddCookies 123 - CookieSpec selected: default
12-18-2019 13:42:57 RequestAuthCache.java DEBUG [Forwarding executeScript on session be7304810a36c7bf6b9ffda6d8fc6e58 to remote] protocol.RequestAuthCache 77 - Auth cache not set in the context
12-18-2019 13:42:57 PoolingHttpClientConnectionManager.java DEBUG [Forwarding executeScript on session be7304810a36c7bf6b9ffda6d8fc6e58 to remote] conn.PoolingHttpClientConnectionManager 255 - Connection request: [route: {}->http://localhost:18753][total kept alive: 1; route allocated: 1 of 2000; total allocated: 1 of 2000]
12-18-2019 13:42:57 PoolingHttpClientConnectionManager.java DEBUG [Forwarding executeScript on session be7304810a36c7bf6b9ffda6d8fc6e58 to remote] conn.PoolingHttpClientConnectionManager 288 - Connection leased: [id: 8][route: {}->http://localhost:18753][total kept alive: 0; route allocated: 1 of 2000; total allocated: 1 of 2000]
12-18-2019 13:42:57 MainClientExec.java DEBUG [Forwarding executeScript on session be7304810a36c7bf6b9ffda6d8fc6e58 to remote] execchain.MainClientExec 208 - Stale connection check
12-18-2019 13:42:57 Wire.java DEBUG [Forwarding executeScript on session be7304810a36c7bf6b9ffda6d8fc6e58 to remote] http.wire 87 - http-outgoing-8 << "[read] I/O error: Read timed out"
12-18-2019 13:42:57 LoggingManagedHttpClientConnection.java DEBUG [Forwarding executeScript on session be7304810a36c7bf6b9ffda6d8fc6e58 to remote] conn.DefaultManagedHttpClientConnection 88 - http-outgoing-8: set socket timeout to 10800000
12-18-2019 13:42:57 MainClientExec.java DEBUG [Forwarding executeScript on session be7304810a36c7bf6b9ffda6d8fc6e58 to remote] execchain.MainClientExec 256 - Executing request POST /session/be7304810a36c7bf6b9ffda6d8fc6e58/execute HTTP/1.1
12-18-2019 13:42:57 MainClientExec.java DEBUG [Forwarding executeScript on session be7304810a36c7bf6b9ffda6d8fc6e58 to remote] execchain.MainClientExec 261 - Target auth state: UNCHALLENGED
12-18-2019 13:42:57 MainClientExec.java DEBUG [Forwarding executeScript on session be7304810a36c7bf6b9ffda6d8fc6e58 to remote] execchain.MainClientExec 267 - Proxy auth state: UNCHALLENGED
12-18-2019 13:42:57 LoggingManagedHttpClientConnection.java DEBUG [Forwarding executeScript on session be7304810a36c7bf6b9ffda6d8fc6e58 to remote] http.headers 133 - http-outgoing-8 >> POST /session/be7304810a36c7bf6b9ffda6d8fc6e58/execute HTTP/1.1
12-18-2019 13:42:57 LoggingManagedHttpClientConnection.java DEBUG [Forwarding executeScript on session be7304810a36c7bf6b9ffda6d8fc6e58 to remote] http.headers 136 - http-outgoing-8 >> Content-Type: application/json; charset=utf-8
12-18-2019 13:42:57 LoggingManagedHttpClientConnection.java DEBUG [Forwarding executeScript on session be7304810a36c7bf6b9ffda6d8fc6e58 to remote] http.headers 136 - http-outgoing-8 >> Content-Length: 137
12-18-2019 13:42:57 LoggingManagedHttpClientConnection.java DEBUG [Forwarding executeScript on session be7304810a36c7bf6b9ffda6d8fc6e58 to remote] http.headers 136 - http-outgoing-8 >> Host: localhost:18753
12-18-2019 13:42:57 LoggingManagedHttpClientConnection.java DEBUG [Forwarding executeScript on session be7304810a36c7bf6b9ffda6d8fc6e58 to remote] http.headers 136 - http-outgoing-8 >> Connection: Keep-Alive
12-18-2019 13:42:57 LoggingManagedHttpClientConnection.java DEBUG [Forwarding executeScript on session be7304810a36c7bf6b9ffda6d8fc6e58 to remote] http.headers 136 - http-outgoing-8 >> User-Agent: Apache-HttpClient/4.5.3 (Java/10.0.2)
12-18-2019 13:42:57 LoggingManagedHttpClientConnection.java DEBUG [Forwarding executeScript on session be7304810a36c7bf6b9ffda6d8fc6e58 to remote] http.headers 136 - http-outgoing-8 >> Accept-Encoding: gzip,deflate
12-18-2019 13:42:57 Wire.java DEBUG [Forwarding executeScript on session be7304810a36c7bf6b9ffda6d8fc6e58 to remote] http.wire 73 - http-outgoing-8 >> "POST /session/be7304810a36c7bf6b9ffda6d8fc6e58/execute HTTP/1.1[\r][\n]"
12-18-2019 13:42:57 Wire.java DEBUG [Forwarding executeScript on session be7304810a36c7bf6b9ffda6d8fc6e58 to remote] http.wire 73 - http-outgoing-8 >> "Content-Type: application/json; charset=utf-8[\r][\n]"
12-18-2019 13:42:57 Wire.java DEBUG [Forwarding executeScript on session be7304810a36c7bf6b9ffda6d8fc6e58 to remote] http.wire 73 - http-outgoing-8 >> "Content-Length: 137[\r][\n]"
12-18-2019 13:42:57 Wire.java DEBUG [Forwarding executeScript on session be7304810a36c7bf6b9ffda6d8fc6e58 to remote] http.wire 73 - http-outgoing-8 >> "Host: localhost:18753[\r][\n]"
12-18-2019 13:42:57 Wire.java DEBUG [Forwarding executeScript on session be7304810a36c7bf6b9ffda6d8fc6e58 to remote] http.wire 73 - http-outgoing-8 >> "Connection: Keep-Alive[\r][\n]"
12-18-2019 13:42:57 Wire.java DEBUG [Forwarding executeScript on session be7304810a36c7bf6b9ffda6d8fc6e58 to remote] http.wire 73 - http-outgoing-8 >> "User-Agent: Apache-HttpClient/4.5.3 (Java/10.0.2)[\r][\n]"
12-18-2019 13:42:57 Wire.java DEBUG [Forwarding executeScript on session be7304810a36c7bf6b9ffda6d8fc6e58 to remote] http.wire 73 - http-outgoing-8 >> "Accept-Encoding: gzip,deflate[\r][\n]"
12-18-2019 13:42:57 Wire.java DEBUG [Forwarding executeScript on session be7304810a36c7bf6b9ffda6d8fc6e58 to remote] http.wire 73 - http-outgoing-8 >> "[\r][\n]"
12-18-2019 13:42:57 Wire.java DEBUG [Forwarding executeScript on session be7304810a36c7bf6b9ffda6d8fc6e58 to remote] http.wire 87 - http-outgoing-8 >> "{"script":"arguments[0].click();","args":[{"ELEMENT":"0.491355567426941-1","element-6066-11e4-a52e-4f735466cecf":"0.491355567426941-1"}]}"
12-18-2019 13:42:57 Wire.java DEBUG [Forwarding executeScript on session be7304810a36c7bf6b9ffda6d8fc6e58 to remote] http.wire 73 - http-outgoing-8 << "HTTP/1.1 200 OK[\r][\n]"
12-18-2019 13:42:57 Wire.java DEBUG [Forwarding executeScript on session be7304810a36c7bf6b9ffda6d8fc6e58 to remote] http.wire 73 - http-outgoing-8 << "Content-Length:72[\r][\n]"
12-18-2019 13:42:57 Wire.java DEBUG [Forwarding executeScript on session be7304810a36c7bf6b9ffda6d8fc6e58 to remote] http.wire 73 - http-outgoing-8 << "Content-Type:application/json; charset=utf-8[\r][\n]"
12-18-2019 13:42:57 Wire.java DEBUG [Forwarding executeScript on session be7304810a36c7bf6b9ffda6d8fc6e58 to remote] http.wire 73 - http-outgoing-8 << "[\r][\n]"
12-18-2019 13:42:57 Wire.java DEBUG [Forwarding executeScript on session be7304810a36c7bf6b9ffda6d8fc6e58 to remote] http.wire 87 - http-outgoing-8 << "{"sessionId":"be7304810a36c7bf6b9ffda6d8fc6e58","status":0,"value":null}"
12-18-2019 13:42:57 LoggingManagedHttpClientConnection.java DEBUG [Forwarding executeScript on session be7304810a36c7bf6b9ffda6d8fc6e58 to remote] http.headers 122 - http-outgoing-8 << HTTP/1.1 200 OK
12-18-2019 13:42:57 LoggingManagedHttpClientConnection.java DEBUG [Forwarding executeScript on session be7304810a36c7bf6b9ffda6d8fc6e58 to remote] http.headers 125 - http-outgoing-8 << Content-Length:72
12-18-2019 13:42:57 LoggingManagedHttpClientConnection.java DEBUG [Forwarding executeScript on session be7304810a36c7bf6b9ffda6d8fc6e58 to remote] http.headers 125 - http-outgoing-8 << Content-Type:application/json; charset=utf-8
12-18-2019 13:42:57 MainClientExec.java DEBUG [Forwarding executeScript on session be7304810a36c7bf6b9ffda6d8fc6e58 to remote] execchain.MainClientExec 285 - Connection can be kept alive indefinitely
12-18-2019 13:42:57 PoolingHttpClientConnectionManager.java DEBUG [Forwarding executeScript on session be7304810a36c7bf6b9ffda6d8fc6e58 to remote] conn.PoolingHttpClientConnectionManager 320 - Connection [id: 8][route: {}->http://localhost:18753] can be kept alive indefinitely
12-18-2019 13:42:57 PoolingHttpClientConnectionManager.java DEBUG [Forwarding executeScript on session be7304810a36c7bf6b9ffda6d8fc6e58 to remote] conn.PoolingHttpClientConnectionManager 326 - Connection released: [id: 8][route: {}->http://localhost:18753][total kept alive: 1; route allocated: 1 of 2000; total allocated: 1 of 2000]
12-18-2019 13:42:57 BaseClass.java INFO  [main] base.BaseClass 109 - clicking webelement using JS
12-18-2019 13:42:57 RequestAddCookies.java DEBUG [Forwarding findElement on session be7304810a36c7bf6b9ffda6d8fc6e58 to remote] protocol.RequestAddCookies 123 - CookieSpec selected: default
12-18-2019 13:42:57 RequestAuthCache.java DEBUG [Forwarding findElement on session be7304810a36c7bf6b9ffda6d8fc6e58 to remote] protocol.RequestAuthCache 77 - Auth cache not set in the context
12-18-2019 13:42:57 PoolingHttpClientConnectionManager.java DEBUG [Forwarding findElement on session be7304810a36c7bf6b9ffda6d8fc6e58 to remote] conn.PoolingHttpClientConnectionManager 255 - Connection request: [route: {}->http://localhost:18753][total kept alive: 1; route allocated: 1 of 2000; total allocated: 1 of 2000]
12-18-2019 13:42:57 PoolingHttpClientConnectionManager.java DEBUG [Forwarding findElement on session be7304810a36c7bf6b9ffda6d8fc6e58 to remote] conn.PoolingHttpClientConnectionManager 288 - Connection leased: [id: 8][route: {}->http://localhost:18753][total kept alive: 0; route allocated: 1 of 2000; total allocated: 1 of 2000]
12-18-2019 13:42:57 MainClientExec.java DEBUG [Forwarding findElement on session be7304810a36c7bf6b9ffda6d8fc6e58 to remote] execchain.MainClientExec 208 - Stale connection check
12-18-2019 13:42:57 Wire.java DEBUG [Forwarding findElement on session be7304810a36c7bf6b9ffda6d8fc6e58 to remote] http.wire 87 - http-outgoing-8 << "[read] I/O error: Read timed out"
12-18-2019 13:42:57 LoggingManagedHttpClientConnection.java DEBUG [Forwarding findElement on session be7304810a36c7bf6b9ffda6d8fc6e58 to remote] conn.DefaultManagedHttpClientConnection 88 - http-outgoing-8: set socket timeout to 10800000
12-18-2019 13:42:57 MainClientExec.java DEBUG [Forwarding findElement on session be7304810a36c7bf6b9ffda6d8fc6e58 to remote] execchain.MainClientExec 256 - Executing request POST /session/be7304810a36c7bf6b9ffda6d8fc6e58/element HTTP/1.1
12-18-2019 13:42:57 MainClientExec.java DEBUG [Forwarding findElement on session be7304810a36c7bf6b9ffda6d8fc6e58 to remote] execchain.MainClientExec 261 - Target auth state: UNCHALLENGED
12-18-2019 13:42:57 MainClientExec.java DEBUG [Forwarding findElement on session be7304810a36c7bf6b9ffda6d8fc6e58 to remote] execchain.MainClientExec 267 - Proxy auth state: UNCHALLENGED
12-18-2019 13:42:57 LoggingManagedHttpClientConnection.java DEBUG [Forwarding findElement on session be7304810a36c7bf6b9ffda6d8fc6e58 to remote] http.headers 133 - http-outgoing-8 >> POST /session/be7304810a36c7bf6b9ffda6d8fc6e58/element HTTP/1.1
12-18-2019 13:42:57 LoggingManagedHttpClientConnection.java DEBUG [Forwarding findElement on session be7304810a36c7bf6b9ffda6d8fc6e58 to remote] http.headers 136 - http-outgoing-8 >> Content-Type: application/json; charset=utf-8
12-18-2019 13:42:57 LoggingManagedHttpClientConnection.java DEBUG [Forwarding findElement on session be7304810a36c7bf6b9ffda6d8fc6e58 to remote] http.headers 136 - http-outgoing-8 >> Content-Length: 87
12-18-2019 13:42:57 LoggingManagedHttpClientConnection.java DEBUG [Forwarding findElement on session be7304810a36c7bf6b9ffda6d8fc6e58 to remote] http.headers 136 - http-outgoing-8 >> Host: localhost:18753
[...]
12-18-2019 13:43:19 Wire.java DEBUG [Forwarding findElement on session fa16dcaf3cf6bc98e65da2fdc90f940b to remote] http.wire 73 - http-outgoing-9 >> "[\r][\n]"
12-18-2019 13:43:19 Wire.java DEBUG [Forwarding findElement on session fa16dcaf3cf6bc98e65da2fdc90f940b to remote] http.wire 87 - http-outgoing-9 >> "{"using":"xpath","value":"//a[text()[normalize-space()\u003d\u0027Search jobs\u0027]]"}"
12-18-2019 13:43:19 Wire.java DEBUG [Forwarding findElement on session fa16dcaf3cf6bc98e65da2fdc90f940b to remote] http.wire 73 - http-outgoing-9 << "HTTP/1.1 200 OK[\r][\n]"
12-18-2019 13:43:19 Wire.java DEBUG [Forwarding findElement on session fa16dcaf3cf6bc98e65da2fdc90f940b to remote] http.wire 73 - http-outgoing-9 << "Content-Length:103[\r][\n]"
12-18-2019 13:43:19 Wire.java DEBUG [Forwarding findElement on session fa16dcaf3cf6bc98e65da2fdc90f940b to remote] http.wire 73 - http-outgoing-9 << "Content-Type:application/json; charset=utf-8[\r][\n]"
12-18-2019 13:43:19 Wire.java DEBUG [Forwarding findElement on session fa16dcaf3cf6bc98e65da2fdc90f940b to remote] http.wire 73 - http-outgoing-9 << "[\r][\n]"
12-18-2019 13:43:19 Wire.java DEBUG [Forwarding findElement on session fa16dcaf3cf6bc98e65da2fdc90f940b to remote] http.wire 87 - http-outgoing-9 << "{"sessionId":"fa16dcaf3cf6bc98e65da2fdc90f940b","status":0,"value":{"ELEMENT":"0.31848505449445885-2"}}"
12-18-2019 13:43:19 LoggingManagedHttpClientConnection.java DEBUG [Forwarding findElement on session fa16dcaf3cf6bc98e65da2fdc90f940b to remote] http.headers 122 - http-outgoing-9 << HTTP/1.1 200 OK
12-18-2019 13:43:19 LoggingManagedHttpClientConnection.java DEBUG [Forwarding findElement on session fa16dcaf3cf6bc98e65da2fdc90f940b to remote] http.headers 125 - http-outgoing-9 << Content-Length:103
12-18-2019 13:43:19 LoggingManagedHttpClientConnection.java DEBUG [Forwarding findElement on session fa16dcaf3cf6bc98e65da2fdc90f940b to remote] http.headers 125 - http-outgoing-9 << Content-Type:application/json; charset=utf-8
12-18-2019 13:43:19 MainClientExec.java DEBUG [Forwarding findElement on session fa16dcaf3cf6bc98e65da2fdc90f940b to remote] execchain.MainClientExec 285 - Connection can be kept alive indefinitely
12-18-2019 13:43:19 PoolingHttpClientConnectionManager.java DEBUG [Forwarding findElement on session fa16dcaf3cf6bc98e65da2fdc90f940b to remote] conn.PoolingHttpClientConnectionManager 320 - Connection [id: 9][route: {}->http://localhost:47863] can be kept alive indefinitely
12-18-2019 13:43:19 PoolingHttpClientConnectionManager.java DEBUG [Forwarding findElement on session fa16dcaf3cf6bc98e65da2fdc90f940b to remote] conn.PoolingHttpClientConnectionManager 326 - Connection released: [id: 9][route: {}->http://localhost:47863][total kept alive: 1; route allocated: 1 of 2000; total allocated: 1 of 2000]
12-18-2019 13:43:19 RequestAddCookies.java DEBUG [Forwarding executeScript on session fa16dcaf3cf6bc98e65da2fdc90f940b to remote] protocol.RequestAddCookies 123 - CookieSpec selected: default
12-18-2019 13:43:19 RequestAuthCache.java DEBUG [Forwarding executeScript on session fa16dcaf3cf6bc98e65da2fdc90f940b to remote] protocol.RequestAuthCache 77 - Auth cache not set in the context
12-18-2019 13:43:19 PoolingHttpClientConnectionManager.java DEBUG [Forwarding executeScript on session fa16dcaf3cf6bc98e65da2fdc90f940b to remote] conn.PoolingHttpClientConnectionManager 255 - Connection request: [route: {}->http://localhost:47863][total kept alive: 1; route allocated: 1 of 2000; total allocated: 1 of 2000]
12-18-2019 13:43:19 PoolingHttpClientConnectionManager.java DEBUG [Forwarding executeScript on session fa16dcaf3cf6bc98e65da2fdc90f940b to remote] conn.PoolingHttpClientConnectionManager 288 - Connection leased: [id: 9][route: {}->http://localhost:47863][total kept alive: 0; route allocated: 1 of 2000; total allocated: 1 of 2000]
12-18-2019 13:43:19 MainClientExec.java DEBUG [Forwarding executeScript on session fa16dcaf3cf6bc98e65da2fdc90f940b to remote] execchain.MainClientExec 208 - Stale connection check
12-18-2019 13:43:19 Wire.java DEBUG [Forwarding executeScript on session fa16dcaf3cf6bc98e65da2fdc90f940b to remote] http.wire 87 - http-outgoing-9 << "[read] I/O error: Read timed out"
12-18-2019 13:43:19 LoggingManagedHttpClientConnection.java DEBUG [Forwarding executeScript on session fa16dcaf3cf6bc98e65da2fdc90f940b to remote] conn.DefaultManagedHttpClientConnection 88 - http-outgoing-9: set socket timeout to 10800000
12-18-2019 13:43:19 MainClientExec.java DEBUG [Forwarding executeScript on session fa16dcaf3cf6bc98e65da2fdc90f940b to remote] execchain.MainClientExec 256 - Executing request POST /session/fa16dcaf3cf6bc98e65da2fdc90f940b/execute HTTP/1.1
12-18-2019 13:43:19 MainClientExec.java DEBUG [Forwarding executeScript on session fa16dcaf3cf6bc98e65da2fdc90f940b to remote] execchain.MainClientExec 261 - Target auth state: UNCHALLENGED
12-18-2019 13:43:19 MainClientExec.java DEBUG [Forwarding executeScript on session fa16dcaf3cf6bc98e65da2fdc90f940b to remote] execchain.MainClientExec 267 - Proxy auth state: UNCHALLENGED
12-18-2019 13:43:19 LoggingManagedHttpClientConnection.java DEBUG [Forwarding executeScript on session fa16dcaf3cf6bc98e65da2fdc90f940b to remote] http.headers 133 - http-outgoing-9 >> POST /session/fa16dcaf3cf6bc98e65da2fdc90f940b/execute HTTP/1.1
12-18-2019 13:43:19 LoggingManagedHttpClientConnection.java DEBUG [Forwarding executeScript on session fa16dcaf3cf6bc98e65da2fdc90f940b to remote] http.headers 136 - http-outgoing-9 >> Content-Type: application/json; charset=utf-8
12-18-2019 13:43:19 LoggingManagedHttpClientConnection.java DEBUG [Forwarding executeScript on session fa16dcaf3cf6bc98e65da2fdc90f940b to remote] http.headers 136 - http-outgoing-9 >> Content-Length: 141
12-18-2019 13:43:19 LoggingManagedHttpClientConnection.java DEBUG [Forwarding executeScript on session fa16dcaf3cf6bc98e65da2fdc90f940b to remote] http.headers 136 - http-outgoing-9 >> Host: localhost:47863
12-18-2019 13:43:19 LoggingManagedHttpClientConnection.java DEBUG [Forwarding executeScript on session fa16dcaf3cf6bc98e65da2fdc90f940b to remote] http.headers 136 - http-outgoing-9 >> Connection: Keep-Alive
12-18-2019 13:43:19 LoggingManagedHttpClientConnection.java DEBUG [Forwarding executeScript on session fa16dcaf3cf6bc98e65da2fdc90f940b to remote] http.headers 136 - http-outgoing-9 >> User-Agent: Apache-HttpClient/4.5.3 (Java/10.0.2)
12-18-2019 13:43:19 LoggingManagedHttpClientConnection.java DEBUG [Forwarding executeScript on session fa16dcaf3cf6bc98e65da2fdc90f940b to remote] http.headers 136 - http-outgoing-9 >> Accept-Encoding: gzip,deflate
12-18-2019 13:43:19 Wire.java DEBUG [Forwarding executeScript on session fa16dcaf3cf6bc98e65da2fdc90f940b to remote] http.wire 73 - http-outgoing-9 >> "POST /session/fa16dcaf3cf6bc98e65da2fdc90f940b/execute HTTP/1.1[\r][\n]"
12-18-2019 13:43:19 Wire.java DEBUG [Forwarding executeScript on session fa16dcaf3cf6bc98e65da2fdc90f940b to remote] http.wire 73 - http-outgoing-9 >> "Content-Type: application/json; charset=utf-8[\r][\n]"
12-18-2019 13:43:19 Wire.java DEBUG [Forwarding executeScript on session fa16dcaf3cf6bc98e65da2fdc90f940b to remote] http.wire 73 - http-outgoing-9 >> "Content-Length: 141[\r][\n]"
12-18-2019 13:43:19 Wire.java DEBUG [Forwarding executeScript on session fa16dcaf3cf6bc98e65da2fdc90f940b to remote] http.wire 73 - http-outgoing-9 >> "Host: localhost:47863[\r][\n]"
12-18-2019 13:43:19 Wire.java DEBUG [Forwarding executeScript on session fa16dcaf3cf6bc98e65da2fdc90f940b to remote] http.wire 73 - http-outgoing-9 >> "Connection: Keep-Alive[\r][\n]"
12-18-2019 13:43:19 Wire.java DEBUG [Forwarding executeScript on session fa16dcaf3cf6bc98e65da2fdc90f940b to remote] http.wire 73 - http-outgoing-9 >> "User-Agent: Apache-HttpClient/4.5.3 (Java/10.0.2)[\r][\n]"
12-18-2019 13:43:19 Wire.java DEBUG [Forwarding executeScript on session fa16dcaf3cf6bc98e65da2fdc90f940b to remote] http.wire 73 - http-outgoing-9 >> "Accept-Encoding: gzip,deflate[\r][\n]"
12-18-2019 13:43:19 Wire.java DEBUG [Forwarding executeScript on session fa16dcaf3cf6bc98e65da2fdc90f940b to remote] http.wire 73 - http-outgoing-9 >> "[\r][\n]"
12-18-2019 13:43:19 Wire.java DEBUG [Forwarding executeScript on session fa16dcaf3cf6bc98e65da2fdc90f940b to remote] http.wire 87 - http-outgoing-9 >> "{"script":"arguments[0].click();","args":[{"ELEMENT":"0.31848505449445885-2","element-6066-11e4-a52e-4f735466cecf":"0.31848505449445885-2"}]}"
12-18-2019 13:43:25 Wire.java DEBUG [Forwarding executeScript on session fa16dcaf3cf6bc98e65da2fdc90f940b to remote] http.wire 73 - http-outgoing-9 << "HTTP/1.1 200 OK[\r][\n]"
12-18-2019 13:43:25 Wire.java DEBUG [Forwarding executeScript on session fa16dcaf3cf6bc98e65da2fdc90f940b to remote] http.wire 73 - http-outgoing-9 << "Content-Length:72[\r][\n]"
12-18-2019 13:43:25 Wire.java DEBUG [Forwarding executeScript on session fa16dcaf3cf6bc98e65da2fdc90f940b to remote] http.wire 73 - http-outgoing-9 << "Content-Type:application/json; charset=utf-8[\r][\n]"
12-18-2019 13:43:25 Wire.java DEBUG [Forwarding executeScript on session fa16dcaf3cf6bc98e65da2fdc90f940b to remote] http.wire 73 - http-outgoing-9 << "[\r][\n]"
12-18-2019 13:43:25 Wire.java DEBUG [Forwarding executeScript on session fa16dcaf3cf6bc98e65da2fdc90f940b to remote] http.wire 87 - http-outgoing-9 << "{"sessionId":"fa16dcaf3cf6bc98e65da2fdc90f940b","status":0,"value":null}"
12-18-2019 13:43:25 LoggingManagedHttpClientConnection.java DEBUG [Forwarding executeScript on session fa16dcaf3cf6bc98e65da2fdc90f940b to remote] http.headers 122 - http-outgoing-9 << HTTP/1.1 200 OK
12-18-2019 13:43:25 LoggingManagedHttpClientConnection.java DEBUG [Forwarding executeScript on session fa16dcaf3cf6bc98e65da2fdc90f940b to remote] http.headers 125 - http-outgoing-9 << Content-Length:72
12-18-2019 13:43:25 LoggingManagedHttpClientConnection.java DEBUG [Forwarding executeScript on session fa16dcaf3cf6bc98e65da2fdc90f940b to remote] http.headers 125 - http-outgoing-9 << Content-Type:application/json; charset=utf-8
12-18-2019 13:43:25 MainClientExec.java DEBUG [Forwarding executeScript on session fa16dcaf3cf6bc98e65da2fdc90f940b to remote] execchain.MainClientExec 285 - Connection can be kept alive indefinitely
12-18-2019 13:43:25 PoolingHttpClientConnectionManager.java DEBUG [Forwarding executeScript on session fa16dcaf3cf6bc98e65da2fdc90f940b to remote] conn.PoolingHttpClientConnectionManager 320 - Connection [id: 9][route: {}->http://localhost:47863] can be kept alive indefinitely
12-18-2019 13:43:25 PoolingHttpClientConnectionManager.java DEBUG [Forwarding executeScript on session fa16dcaf3cf6bc98e65da2fdc90f940b to remote] conn.PoolingHttpClientConnectionManager 326 - Connection released: [id: 9][route: {}->http://localhost:47863][total kept alive: 1; route allocated: 1 of 2000; total allocated: 1 of 2000]
12-18-2019 13:43:25 BaseClass.java INFO  [main] base.BaseClass 109 - clicking webelement using JS
12-18-2019 13:43:27 RequestAddCookies.java DEBUG [Forwarding findElement on session fa16dcaf3cf6bc98e65da2fdc90f940b to remote] protocol.RequestAddCookies 123 - CookieSpec selected: default
12-18-2019 13:43:27 RequestAuthCache.java DEBUG [Forwarding findElement on session fa16dcaf3cf6bc98e65da2fdc90f940b to remote] protocol.RequestAuthCache 77 - Auth cache not set in the context
12-18-2019 13:43:27 PoolingHttpClientConnectionManager.java DEBUG [Forwarding findElement on session fa16dcaf3cf6bc98e65da2fdc90f940b to remote] conn.PoolingHttpClientConnectionManager 255 - Connection request: [route: {}->http://localhost:47863][total kept alive: 1; route allocated: 1 of 2000; total allocated: 1 of 2000]
12-18-2019 13:43:27 Wire.java DEBUG [Forwarding findElement on session fa16dcaf3cf6bc98e65da2fdc90f940b to remote] http.wire 87 - http-outgoing-9 << "[read] I/O error: Read timed out"
12-18-2019 13:43:27 PoolingHttpClientConnectionManager.java DEBUG [Forwarding findElement on session fa16dcaf3cf6bc98e65da2fdc90f940b to remote] conn.PoolingHttpClientConnectionManager 288 - Connection leased: [id: 9][route: {}->http://localhost:47863][total kept alive: 0; route allocated: 1 of 2000; total allocated: 1 of 2000]
12-18-2019 13:43:27 MainClientExec.java DEBUG [Forwarding findElement on session fa16dcaf3cf6bc98e65da2fdc90f940b to remote] execchain.MainClientExec 208 - Stale connection check
12-18-2019 13:43:27 Wire.java DEBUG [Forwarding findElement on session fa16dcaf3cf6bc98e65da2fdc90f940b to remote] http.wire 87 - http-outgoing-9 << "[read] I/O error: Read timed out"
12-18-2019 13:43:27 LoggingManagedHttpClientConnection.java DEBUG [Forwarding findElement on session fa16dcaf3cf6bc98e65da2fdc90f940b to remote] conn.DefaultManagedHttpClientConnection 88 - http-outgoing-9: set socket timeout to 10800000
12-18-2019 13:43:27 MainClientExec.java DEBUG [Forwarding findElement on session fa16dcaf3cf6bc98e65da2fdc90f940b to remote] execchain.MainClientExec 256 - Executing request POST /session/fa16dcaf3cf6bc98e65da2fdc90f940b/element HTTP/1.1
12-18-2019 13:43:27 MainClientExec.java DEBUG [Forwarding findElement on session fa16dcaf3cf6bc98e65da2fdc90f940b to remote] execchain.MainClientExec 261 - Target auth state: UNCHALLENGED
12-18-2019 13:43:27 MainClientExec.java DEBUG [Forwarding findElement on session fa16dcaf3cf6bc98e65da2fdc90f940b to remote] execchain.MainClientExec 267 - Proxy auth state: UNCHALLENGED
12-18-2019 13:43:27 LoggingManagedHttpClientConnection.java DEBUG [Forwarding findElement on session fa16dcaf3cf6bc98e65da2fdc90f940b to remote] http.headers 133 - http-outgoing-9 >> POST /session/fa16dcaf3cf6bc98e65da2fdc90f940b/element HTTP/1.1
12-18-2019 13:43:27 LoggingManagedHttpClientConnection.java DEBUG [Forwarding findElement on session fa16dcaf3cf6bc98e65da2fdc90f940b to remote] http.headers 136 - http-outgoing-9 >> Content-Type: application/json; charset=utf-8
12-18-2019 13:43:27 LoggingManagedHttpClientConnection.java DEBUG [Forwarding findElement on session fa16dcaf3cf6bc98e65da2fdc90f940b to remote] http.headers 136 - http-outgoing-9 >> Content-Length: 148
12-18-2019 13:43:27 LoggingManagedHttpClientConnection.java DEBUG [Forwarding findElement on session fa16dcaf3cf6bc98e65da2fdc90f940b to remote] http.headers 136 - http-outgoing-9 >> Host: localhost:47863
12-18-2019 13:43:27 LoggingManagedHttpClientConnection.java DEBUG [Forwarding findElement on session fa16dcaf3cf6bc98e65da2fdc90f940b to remote] http.headers 136 - http-outgoing-9 >> Connection: Keep-Alive
12-18-2019 13:43:27 LoggingManagedHttpClientConnection.java DEBUG [Forwarding findElement on session fa16dcaf3cf6bc98e65da2fdc90f940b to remote] http.headers 136 - http-outgoing-9 >> User-Agent: Apache-HttpClient/4.5.3 (Java/10.0.2)
12-18-2019 13:43:27 LoggingManagedHttpClientConnection.java DEBUG [Forwarding findElement on session fa16dcaf3cf6bc98e65da2fdc90f940b to remote] http.headers 136 - http-outgoing-9 >> Accept-Encoding: gzip,deflate
12-18-2019 13:43:27 Wire.java DEBUG [Forwarding findElement on session fa16dcaf3cf6bc98e65da2fdc90f940b to remote] http.wire 73 - http-outgoing-9 >> "POST /session/fa16dcaf3cf6bc98e65da2fdc90f940b/element HTTP/1.1[\r][\n]"
12-18-2019 13:43:27 Wire.java DEBUG [Forwarding findElement on session fa16dcaf3cf6bc98e65da2fdc90f940b to remote] http.wire 73 - http-outgoing-9 >> "Content-Type: application/json; charset=utf-8[\r][\n]"
12-18-2019 13:43:27 Wire.java DEBUG [Forwarding findElement on session fa16dcaf3cf6bc98e65da2fdc90f940b to remote] http.wire 73 - http-outgoing-9 >> "Content-Length: 148[\r][\n]"
12-18-2019 13:43:27 Wire.java DEBUG [Forwarding findElement on session fa16dcaf3cf6bc98e65da2fdc90f940b to remote] http.wire 73 - http-outgoing-9 >> "Host: localhost:47863[\r][\n]"
12-18-2019 13:43:27 Wire.java DEBUG [Forwarding findElement on session fa16dcaf3cf6bc98e65da2fdc90f940b to remote] http.wire 73 - http-outgoing-9 >> "Connection: Keep-Alive[\r][\n]"
12-18-2019 13:43:27 Wire.java DEBUG [Forwarding findElement on session fa16dcaf3cf6bc98e65da2fdc90f940b to remote] http.wire 73 - http-outgoing-9 >> "User-Agent: Apache-HttpClient/4.5.3 (Java/10.0.2)[\r][\n]"
12-18-2019 13:43:27 Wire.java DEBUG [Forwarding findElement on session fa16dcaf3cf6bc98e65da2fdc90f940b to remote] http.wire 73 - http-outgoing-9 >> "Accept-Encoding: gzip,deflate[\r][\n]"
12-18-2019 13:43:27 Wire.java DEBUG [Forwarding findElement on session fa16dcaf3cf6bc98e65da2fdc90f940b to remote] http.wire 73 - http-outgoing-9 >> "[\r][\n]"
12-18-2019 13:43:27 Wire.java DEBUG [Forwarding findElement on session fa16dcaf3cf6bc98e65da2fdc90f940b to remote] http.wire 87 - http-outgoing-9 >> "{"using":"xpath","value":"//div[@class\u003d\u0027multi-select-container\u0027]/child::span[text()[normalize-space()\u003d\u0027Country\u0027]]/.."}"
12-18-2019 13:43:37 Wire.java DEBUG [Forwarding findElement on session fa16dcaf3cf6bc98e65da2fdc90f940b to remote] http.wire 73 - http-outgoing-9 << "HTTP/1.1 200 OK[\r][\n]"
12-18-2019 13:43:37 Wire.java DEBUG [Forwarding findElement on session fa16dcaf3cf6bc98e65da2fdc90f940b to remote] http.wire 73 - http-outgoing-9 << "Content-Length:413[\r][\n]"
12-18-2019 13:43:37 Wire.java DEBUG [Forwarding findElement on session fa16dcaf3cf6bc98e65da2fdc90f940b to remote] http.wire 73 - http-outgoing-9 << "Content-Type:application/json; charset=utf-8[\r][\n]"
12-18-2019 13:43:37 Wire.java DEBUG [Forwarding findElement on session fa16dcaf3cf6bc98e65da2fdc90f940b to remote] http.wire 73 - http-outgoing-9 << "[\r][\n]"
12-18-2019 13:43:37 Wire.java DEBUG [Forwarding findElement on session fa16dcaf3cf6bc98e65da2fdc90f940b to remote] http.wire 87 - http-outgoing-9 << "{"sessionId":"fa16dcaf3cf6bc98e65da2fdc90f940b","status":7,"value":{"message":"no such element: Unable to locate element: {\"method\":\"xpath\",\"selector\":\"//div[@class='multi-select-container']/child::span[text()[normalize-space()='Country']]/..\"}\n  (Session info: chrome=79.0.3945.88)\n  (Driver info: chromedriver=2.41.578706 (5f725d1b4f0a4acbf5259df887244095596231db),platform=Mac OS X 10.13.6 x86_64)"}}"
12-18-2019 13:43:37 LoggingManagedHttpClientConnection.java DEBUG [Forwarding findElement on session fa16dcaf3cf6bc98e65da2fdc90f940b to remote] http.headers 122 - http-outgoing-9 << HTTP/1.1 200 OK
12-18-2019 13:43:37 LoggingManagedHttpClientConnection.java DEBUG [Forwarding findElement on session fa16dcaf3cf6bc98e65da2fdc90f940b to remote] http.headers 125 - http-outgoing-9 << Content-Length:413
12-18-2019 13:43:37 LoggingManagedHttpClientConnection.java DEBUG [Forwarding findElement on session fa16dcaf3cf6bc98e65da2fdc90f940b to remote] http.headers 125 - http-outgoing-9 << Content-Type:application/json; charset=utf-8
12-18-2019 13:43:37 MainClientExec.java DEBUG [Forwarding findElement on session fa16dcaf3cf6bc98e65da2fdc90f940b to remote] execchain.MainClientExec 285 - Connection can be kept alive indefinitely
12-18-2019 13:43:37 PoolingHttpClientConnectionManager.java DEBUG [Forwarding findElement on session fa16dcaf3cf6bc98e65da2fdc90f940b to remote] conn.PoolingHttpClientConnectionManager 320 - Connection [id: 9][route: {}->http://localhost:47863] can be kept alive indefinitely
12-18-2019 13:43:37 PoolingHttpClientConnectionManager.java DEBUG [Forwarding findElement on session fa16dcaf3cf6bc98e65da2fdc90f940b to remote] conn.PoolingHttpClientConnectionManager 326 - Connection released: [id: 9][route: {}->http://localhost:47863][total kept alive: 1; route allocated: 1 of 2000; total allocated: 1 of 2000]
]]></system-out>
    <system-err><![CDATA[Starting ChromeDriver 2.41.578706 (5f725d1b4f0a4acbf5259df887244095596231db) on port 47863
Only local connections are allowed.
Dec 18, 2019 1:43:14 PM org.openqa.selenium.remote.ProtocolHandshake createSession
INFO: Detected dialect: OSS
]]></system-err>
  </testcase>
  <testcase name="verifyJobSearch" classname="com.thoughtwork.practice.testcases.JobSearchPageTest" time="2.126"/>
</testsuite>