<?xml version="1.0" encoding="UTF-8"?>
<testng-results ignored="0" total="3" passed="3" failed="0" skipped="0">
  <reporter-output>
  </reporter-output>
  <suite started-at="2019-12-18T11:49:40Z" name="Default suite" finished-at="2019-12-18T11:50:21Z" duration-ms="41412">
    <groups>
    </groups>
    <test started-at="2019-12-18T11:49:40Z" name="Default test" finished-at="2019-12-18T11:50:21Z" duration-ms="41412">
      <class name="com.thoughtwork.practice.testcases.JobSearchPageTest">
        <test-method is-config="true" signature="setUp()[pri:0, instance:com.thoughtwork.practice.testcases.JobSearchPageTest@771a660]" started-at="2019-12-18T11:49:40Z" name="setUp" finished-at="2019-12-18T11:49:52Z" duration-ms="11359" status="PASS">
          <reporter-output>
          </reporter-output>
        </test-method> <!-- setUp -->
        <test-method signature="verifyJobSearch(java.lang.String, java.lang.String, java.lang.String)[pri:0, instance:com.thoughtwork.practice.testcases.JobSearchPageTest@771a660]" started-at="2019-12-18T11:49:52Z" name="verifyJobSearch" data-provider="getData" finished-at="2019-12-18T11:49:54Z" duration-ms="2260" status="PASS">
          <params>
            <param index="0">
              <value>
                <![CDATA[Sarath]]>
              </value>
            </param>
            <param index="1">
              <value>
                <![CDATA[Jayakumar]]>
              </value>
            </param>
            <param index="2">
              <value>
                <![CDATA[26]]>
              </value>
            </param>
          </params>
          <reporter-output>
          </reporter-output>
        </test-method> <!-- verifyJobSearch -->
        <test-method is-config="true" signature="tearDown()[pri:0, instance:com.thoughtwork.practice.testcases.JobSearchPageTest@771a660]" started-at="2019-12-18T11:49:54Z" name="tearDown" finished-at="2019-12-18T11:49:54Z" duration-ms="119" status="PASS">
          <reporter-output>
          </reporter-output>
        </test-method> <!-- tearDown -->
        <test-method is-config="true" signature="setUp()[pri:0, instance:com.thoughtwork.practice.testcases.JobSearchPageTest@771a660]" started-at="2019-12-18T11:49:54Z" name="setUp" finished-at="2019-12-18T11:50:05Z" duration-ms="10977" status="PASS">
          <reporter-output>
          </reporter-output>
        </test-method> <!-- setUp -->
        <test-method signature="verifyJobSearch(java.lang.String, java.lang.String, java.lang.String)[pri:0, instance:com.thoughtwork.practice.testcases.JobSearchPageTest@771a660]" started-at="2019-12-18T11:50:05Z" name="verifyJobSearch" data-provider="getData" finished-at="2019-12-18T11:50:07Z" duration-ms="2229" status="PASS">
          <params>
            <param index="0">
              <value>
                <![CDATA[Prema]]>
              </value>
            </param>
            <param index="1">
              <value>
                <![CDATA[Jayakumar]]>
              </value>
            </param>
            <param index="2">
              <value>
                <![CDATA[50]]>
              </value>
            </param>
          </params>
          <reporter-output>
          </reporter-output>
        </test-method> <!-- verifyJobSearch -->
        <test-method is-config="true" signature="tearDown()[pri:0, instance:com.thoughtwork.practice.testcases.JobSearchPageTest@771a660]" started-at="2019-12-18T11:50:07Z" name="tearDown" finished-at="2019-12-18T11:50:08Z" duration-ms="115" status="PASS">
          <reporter-output>
          </reporter-output>
        </test-method> <!-- tearDown -->
        <test-method is-config="true" signature="setUp()[pri:0, instance:com.thoughtwork.practice.testcases.JobSearchPageTest@771a660]" started-at="2019-12-18T11:50:08Z" name="setUp" finished-at="2019-12-18T11:50:19Z" duration-ms="11418" status="PASS">
          <reporter-output>
          </reporter-output>
        </test-method> <!-- setUp -->
        <test-method signature="verifyJobSearch(java.lang.String, java.lang.String, java.lang.String)[pri:0, instance:com.thoughtwork.practice.testcases.JobSearchPageTest@771a660]" started-at="2019-12-18T11:50:19Z" name="verifyJobSearch" data-provider="getData" finished-at="2019-12-18T11:50:21Z" duration-ms="2228" status="PASS">
          <params>
            <param index="0">
              <value>
                <![CDATA[TamilSelvi]]>
              </value>
            </param>
            <param index="1">
              <value>
                <![CDATA[Jayakumar]]>
              </value>
            </param>
            <param index="2">
              <value>
                <![CDATA[32]]>
              </value>
            </param>
          </params>
          <reporter-output>
          </reporter-output>
        </test-method> <!-- verifyJobSearch -->
        <test-method is-config="true" signature="tearDown()[pri:0, instance:com.thoughtwork.practice.testcases.JobSearchPageTest@771a660]" started-at="2019-12-18T11:50:21Z" name="tearDown" finished-at="2019-12-18T11:50:21Z" duration-ms="112" status="PASS">
          <reporter-output>
          </reporter-output>
        </test-method> <!-- tearDown -->
      </class> <!-- com.thoughtwork.practice.testcases.JobSearchPageTest -->
    </test> <!-- Default test -->
  </suite> <!-- Default suite -->
</testng-results>
