<?xml version="1.0" encoding="UTF-8"?>
<!-- Generated by org.testng.reporters.JUnitXMLReporter -->
<testsuite ignored="0" hostname="SDS-SARATH-KJ-MAC.Dlink" failures="0" tests="2" name="Regeression Test - Job Search Portal" time="17.405" errors="0" timestamp="16 Dec 2019 04:05:13 GMT">
  <testcase classname="com.thoughtwork.practice.testcases.HomePageTest" name="homePageTitletest" time="0.018"/>
  <testcase classname="com.thoughtwork.practice.testcases.JobSearchPageTest" name="jobSearchPageTitle" time="0.013"/>
</testsuite> <!-- Regeression Test - Job Search Portal -->
